------------------------------------------------------------------------------------------------------------------------

[2021-12-23 14:16:01 #1 store] 
Database 'D:\Java\Projects\ORMDatabase\src\main\resources\odb\db\points.odb' is opened by 11892@DmitrievAS

[2021-12-23 14:16:01 #2 store] 
Configuration path: ?

------------------------------------------------------------------------------------------------------------------------

[2021-12-23 14:21:49 #1 store] 
Database 'D:\Java\Projects\ORMDatabase\src\main\resources\odb\db\points.odb' is opened by 480@DmitrievAS

[2021-12-23 14:21:49 #2 store] 
Configuration path: ?

------------------------------------------------------------------------------------------------------------------------

[2021-12-23 14:27:36 #1 store] 
Database 'D:\Java\Projects\ORMDatabase\src\main\resources\odb\db\shimstack.odb' is opened by 1264@DmitrievAS

[2021-12-23 14:27:36 #2 store] 
Configuration path: ?

------------------------------------------------------------------------------------------------------------------------

[2021-12-23 15:30:05 #1 store] 
Database 'D:\Java\Projects\ORMDatabase\src\main\resources\odb\db\shimstack.odb' has been recovered (tr. 1-2)

[2021-12-23 15:30:05 #2 store] 
Database 'D:\Java\Projects\ORMDatabase\src\main\resources\odb\db\shimstack.odb' is opened by 11424@DmitrievAS

[2021-12-23 15:30:05 #3 store] 
Configuration path: ?

------------------------------------------------------------------------------------------------------------------------

[2021-12-23 15:30:25 #1 store] 
Database 'D:\Java\Projects\ORMDatabase\src\main\resources\odb\db\shimstack.odb' is opened by 6388@DmitrievAS

[2021-12-23 15:30:25 #2 store] 
Configuration path: ?

------------------------------------------------------------------------------------------------------------------------

[2021-12-23 15:32:06 #1 store] 
Database 'D:\Java\Projects\ORMDatabase\src\main\resources\odb\db\shimstack.odb' is opened by 11844@DmitrievAS

[2021-12-23 15:32:06 #2 store] 
Configuration path: ?

------------------------------------------------------------------------------------------------------------------------

[2021-12-23 15:32:40 #1 store] 
Database 'D:\Java\Projects\ORMDatabase\src\main\resources\odb\db\shimstack.odb' is opened by 7392@DmitrievAS

[2021-12-23 15:32:40 #2 store] 
Configuration path: ?

------------------------------------------------------------------------------------------------------------------------

[2021-12-23 15:32:54 #1 store] 
Database 'D:\Java\Projects\ORMDatabase\src\main\resources\odb\db\shimstack.odb' is opened by 6836@DmitrievAS

[2021-12-23 15:32:54 #2 store] 
Configuration path: ?

------------------------------------------------------------------------------------------------------------------------

[2021-12-23 15:33:48 #1 store] 
Database 'D:\Java\Projects\ORMDatabase\src\main\resources\odb\db\shimstack.odb' is opened by 3756@DmitrievAS

[2021-12-23 15:33:48 #2 store] 
Configuration path: ?

------------------------------------------------------------------------------------------------------------------------

[2021-12-23 15:34:29 #1 store] 
Database 'D:\Java\Projects\ORMDatabase\src\main\resources\odb\db\shimstack.odb' is opened by 5952@DmitrievAS

[2021-12-23 15:34:29 #2 store] 
Configuration path: ?

------------------------------------------------------------------------------------------------------------------------

[2021-12-23 15:34:56 #1 store] 
Database 'D:\Java\Projects\ORMDatabase\src\main\resources\odb\db\shimstack.odb' is opened by 10288@DmitrievAS

[2021-12-23 15:34:56 #2 store] 
Configuration path: ?

------------------------------------------------------------------------------------------------------------------------

[2021-12-23 15:35:10 #1 store] 
Database 'D:\Java\Projects\ORMDatabase\src\main\resources\odb\db\shimstack.odb' is opened by 1432@DmitrievAS

[2021-12-23 15:35:10 #2 store] 
Configuration path: ?

------------------------------------------------------------------------------------------------------------------------

[2021-12-23 16:28:28 #1 store] 
Database 'D:\Java\Projects\ORMDatabase\src\main\resources\odb\db\shimstack.odb' is opened by 4492@DmitrievAS

[2021-12-23 16:28:28 #2 store] 
Configuration path: ?

[2021-12-23 16:28:28 #3 type.registry] 
New type ormdatabase.model.Record

[2021-12-23 16:28:28 #4 type] 
Type ormdatabase.model.Record is not enhanced.

[2021-12-23 16:28:28 #5 type.registry] 
New type ormdatabase.model.ShimStackList

[2021-12-23 16:28:29 #6 store] 
Database 'D:\Java\Projects\ORMDatabase\src\main\resources\odb\db\shimstack.odb' is closed by 4492@DmitrievAS

------------------------------------------------------------------------------------------------------------------------

[2021-12-23 16:39:36 #1 store] 
Database 'D:\Java\Projects\ORMDatabase\src\main\resources\odb\db\shimstack.odb' is opened by 9296@DmitrievAS

[2021-12-23 16:39:36 #2 store] 
Configuration path: ?

[2021-12-23 16:39:36 #3 type] 
Type ormdatabase.model.Record is not enhanced.

------------------------------------------------------------------------------------------------------------------------

[2021-12-23 16:41:21 #1 store] 
Database 'D:\Java\Projects\ORMDatabase\src\main\resources\odb\db\shimstack.odb' has been recovered (tr. 5-5)

[2021-12-23 16:41:21 #2 store] 
Database 'D:\Java\Projects\ORMDatabase\src\main\resources\odb\db\shimstack.odb' is opened by 10580@DmitrievAS

[2021-12-23 16:41:21 #3 store] 
Configuration path: ?

[2021-12-23 16:41:21 #4 type] 
Type ormdatabase.model.Record is not enhanced.

------------------------------------------------------------------------------------------------------------------------

[2021-12-23 16:43:23 #1 store] 
Database 'D:\Java\Projects\ORMDatabase\src\main\resources\odb\db\shimstack.odb' has been recovered (tr. 6-6)

[2021-12-23 16:43:23 #2 store] 
Database 'D:\Java\Projects\ORMDatabase\src\main\resources\odb\db\shimstack.odb' is opened by 3064@DmitrievAS

[2021-12-23 16:43:23 #3 store] 
Configuration path: ?

[2021-12-23 16:43:23 #4 type] 
Type ormdatabase.model.Record is not enhanced.

------------------------------------------------------------------------------------------------------------------------

[2021-12-23 16:43:43 #1 store] 
Database 'D:\Java\Projects\ORMDatabase\src\main\resources\odb\db\shimstack.odb' is opened by 9196@DmitrievAS

[2021-12-23 16:43:43 #2 store] 
Configuration path: ?

[2021-12-23 16:43:43 #3 type.registry] 
New type ormdatabase.model.Record

[2021-12-23 16:43:43 #4 type] 
Type ormdatabase.model.Record is not enhanced.

[2021-12-23 16:43:43 #5 type.registry] 
New type ormdatabase.model.ShimStackList

------------------------------------------------------------------------------------------------------------------------

[2021-12-23 16:44:18 #1 store] 
Database 'D:\Java\Projects\ORMDatabase\src\main\resources\odb\db\shimstack.odb' has been recovered (tr. 1-4)

[2021-12-23 16:44:18 #2 store] 
Database 'D:\Java\Projects\ORMDatabase\src\main\resources\odb\db\shimstack.odb' is opened by 2960@DmitrievAS

[2021-12-23 16:44:18 #3 store] 
Configuration path: ?

[2021-12-23 16:44:18 #4 type] 
Type ormdatabase.model.Record is not enhanced.

------------------------------------------------------------------------------------------------------------------------

[2021-12-23 16:45:42 #1 store] 
Database 'D:\Java\Projects\ORMDatabase\src\main\resources\odb\db\shimstack.odb' has been recovered (tr. 5-5)

[2021-12-23 16:45:42 #2 store] 
Database 'D:\Java\Projects\ORMDatabase\src\main\resources\odb\db\shimstack.odb' is opened by 13892@DmitrievAS

[2021-12-23 16:45:42 #3 store] 
Configuration path: ?

[2021-12-23 16:45:42 #4 type] 
Type ormdatabase.model.Record is not enhanced.

------------------------------------------------------------------------------------------------------------------------

[2021-12-23 16:46:31 #1 store] 
Database 'D:\Java\Projects\ORMDatabase\src\main\resources\odb\db\shimstack.odb' has been recovered (tr. 6-6)

[2021-12-23 16:46:31 #2 store] 
Database 'D:\Java\Projects\ORMDatabase\src\main\resources\odb\db\shimstack.odb' is opened by 3684@DmitrievAS

[2021-12-23 16:46:31 #3 store] 
Configuration path: ?

[2021-12-23 16:46:31 #4 type] 
Type ormdatabase.model.Record is not enhanced.

------------------------------------------------------------------------------------------------------------------------

[2021-12-23 16:47:44 #1 store] 
Database 'D:\Java\Projects\ORMDatabase\src\main\resources\odb\db\shimstack.odb' has been recovered (tr. 7-7)

[2021-12-23 16:47:44 #2 store] 
Database 'D:\Java\Projects\ORMDatabase\src\main\resources\odb\db\shimstack.odb' is opened by 8132@DmitrievAS

[2021-12-23 16:47:44 #3 store] 
Configuration path: ?

[2021-12-23 16:47:44 #4 type] 
Type ormdatabase.model.Record is not enhanced.

------------------------------------------------------------------------------------------------------------------------

[2021-12-23 16:48:04 #1 store] 
Database 'D:\Java\Projects\ORMDatabase\src\main\resources\odb\db\shimstack.odb' has been recovered (tr. 8-8)

[2021-12-23 16:48:04 #2 store] 
Database 'D:\Java\Projects\ORMDatabase\src\main\resources\odb\db\shimstack.odb' is opened by 6980@DmitrievAS

[2021-12-23 16:48:04 #3 store] 
Configuration path: ?

[2021-12-23 16:48:04 #4 type] 
Type ormdatabase.model.Record is not enhanced.

------------------------------------------------------------------------------------------------------------------------

[2021-12-23 16:48:15 #1 store] 
Database 'D:\Java\Projects\ORMDatabase\src\main\resources\odb\db\shimstack.odb' is opened by 3156@DmitrievAS

[2021-12-23 16:48:15 #2 store] 
Configuration path: ?

[2021-12-23 16:48:15 #3 type.registry] 
New type ormdatabase.model.Record

[2021-12-23 16:48:15 #4 type] 
Type ormdatabase.model.Record is not enhanced.

[2021-12-23 16:48:15 #5 type.registry] 
New type ormdatabase.model.ShimStackList

------------------------------------------------------------------------------------------------------------------------

[2021-12-23 16:50:11 #1 store] 
Database 'D:\Java\Projects\ORMDatabase\src\main\resources\odb\db\shimstack.odb' has been recovered (tr. 1-4)

[2021-12-23 16:50:11 #2 store] 
Database 'D:\Java\Projects\ORMDatabase\src\main\resources\odb\db\shimstack.odb' is opened by 7404@DmitrievAS

[2021-12-23 16:50:11 #3 store] 
Configuration path: ?

[2021-12-23 16:50:11 #4 type] 
Type ormdatabase.model.Record is not enhanced.

------------------------------------------------------------------------------------------------------------------------

[2021-12-23 16:50:54 #1 store] 
Database 'D:\Java\Projects\ORMDatabase\src\main\resources\odb\db\shimstack.odb' has been recovered (tr. 5-5)

[2021-12-23 16:50:54 #2 store] 
Database 'D:\Java\Projects\ORMDatabase\src\main\resources\odb\db\shimstack.odb' is opened by 9644@DmitrievAS

[2021-12-23 16:50:54 #3 store] 
Configuration path: ?

[2021-12-23 16:50:54 #4 type] 
Type ormdatabase.model.Record is not enhanced.

------------------------------------------------------------------------------------------------------------------------

[2021-12-23 16:53:37 #1 store] 
Database 'D:\Java\Projects\ORMDatabase\src\main\resources\odb\db\shimstack.odb' has been recovered (tr. 6-6)

[2021-12-23 16:53:37 #2 store] 
Database 'D:\Java\Projects\ORMDatabase\src\main\resources\odb\db\shimstack.odb' is opened by 1412@DmitrievAS

[2021-12-23 16:53:37 #3 store] 
Configuration path: ?

[2021-12-23 16:53:37 #4 type] 
Type ormdatabase.model.Record is not enhanced.

------------------------------------------------------------------------------------------------------------------------

[2021-12-23 16:54:10 #1 store] 
Database 'D:\Java\Projects\ORMDatabase\src\main\resources\odb\db\shimstack.odb' has been recovered (tr. 7-7)

[2021-12-23 16:54:10 #2 store] 
Database 'D:\Java\Projects\ORMDatabase\src\main\resources\odb\db\shimstack.odb' is opened by 5512@DmitrievAS

[2021-12-23 16:54:10 #3 store] 
Configuration path: ?

[2021-12-23 16:54:10 #4 type] 
Type ormdatabase.model.Record is not enhanced.

[2021-12-23 16:54:10 #5 store] 
Database 'D:\Java\Projects\ORMDatabase\src\main\resources\odb\db\shimstack.odb' is closed by 5512@DmitrievAS

------------------------------------------------------------------------------------------------------------------------

[2021-12-23 16:55:40 #1 store] 
Database 'D:\Java\Projects\ORMDatabase\src\main\resources\odb\db\shimstack.odb' is opened by 13220@DmitrievAS

[2021-12-23 16:55:40 #2 store] 
Configuration path: ?

[2021-12-23 16:55:40 #3 type] 
Type ormdatabase.model.Record is not enhanced.

[2021-12-23 16:55:41 #4 store] 
Database 'D:\Java\Projects\ORMDatabase\src\main\resources\odb\db\shimstack.odb' is closed by 13220@DmitrievAS

------------------------------------------------------------------------------------------------------------------------

[2021-12-23 16:57:04 #1 store] 
Database 'D:\Java\Projects\ORMDatabase\src\main\resources\odb\db\shimstack.odb' is opened by 10276@DmitrievAS

[2021-12-23 16:57:04 #2 store] 
Configuration path: ?

[2021-12-23 16:57:04 #3 type] 
Type ormdatabase.model.Record is not enhanced.

------------------------------------------------------------------------------------------------------------------------

[2021-12-23 16:57:41 #1 store] 
Database 'D:\Java\Projects\ORMDatabase\src\main\resources\odb\db\shimstack.odb' has been recovered (tr. 10-10)

[2021-12-23 16:57:41 #2 store] 
Database 'D:\Java\Projects\ORMDatabase\src\main\resources\odb\db\shimstack.odb' is opened by 1712@DmitrievAS

[2021-12-23 16:57:41 #3 store] 
Configuration path: ?

[2021-12-23 16:57:42 #4 type] 
Type ormdatabase.model.Record is not enhanced.

------------------------------------------------------------------------------------------------------------------------

[2021-12-23 17:00:35 #1 store] 
Database 'D:\Java\Projects\ORMDatabase\src\main\resources\odb\db\shimstack.odb' has been recovered (tr. 11-11)

[2021-12-23 17:00:35 #2 store] 
Database 'D:\Java\Projects\ORMDatabase\src\main\resources\odb\db\shimstack.odb' is opened by 4620@DmitrievAS

[2021-12-23 17:00:35 #3 store] 
Configuration path: ?

[2021-12-23 17:00:35 #4 type] 
Type ormdatabase.model.Record is not enhanced.

[2021-12-23 17:00:35 #5 store] 
Database 'D:\Java\Projects\ORMDatabase\src\main\resources\odb\db\shimstack.odb' is closed by 4620@DmitrievAS

------------------------------------------------------------------------------------------------------------------------

[2021-12-23 17:01:01 #1 store] 
Database 'D:\Java\Projects\ORMDatabase\src\main\resources\odb\db\shimstack.odb' is opened by 12552@DmitrievAS

[2021-12-23 17:01:01 #2 store] 
Configuration path: ?

[2021-12-23 17:01:02 #3 type] 
Type ormdatabase.model.Record is not enhanced.

------------------------------------------------------------------------------------------------------------------------

[2021-12-23 17:02:58 #1 store] 
Database 'D:\Java\Projects\ORMDatabase\src\main\resources\odb\db\shimstack.odb' has been recovered (tr. 13-13)

[2021-12-23 17:02:58 #2 store] 
Database 'D:\Java\Projects\ORMDatabase\src\main\resources\odb\db\shimstack.odb' is opened by 12396@DmitrievAS

[2021-12-23 17:02:58 #3 store] 
Configuration path: ?

[2021-12-23 17:02:58 #4 type] 
Type ormdatabase.model.Record is not enhanced.

------------------------------------------------------------------------------------------------------------------------

[2021-12-23 17:03:27 #1 store] 
Database 'D:\Java\Projects\ORMDatabase\src\main\resources\odb\db\shimstack.odb' has been recovered (tr. 14-15)

[2021-12-23 17:03:27 #2 store] 
Database 'D:\Java\Projects\ORMDatabase\src\main\resources\odb\db\shimstack.odb' is opened by 400@DmitrievAS

[2021-12-23 17:03:27 #3 store] 
Configuration path: ?

[2021-12-23 17:03:27 #4 type] 
Type ormdatabase.model.Record is not enhanced.

------------------------------------------------------------------------------------------------------------------------

[2021-12-23 17:04:44 #1 store] 
Database 'D:\Java\Projects\ORMDatabase\src\main\resources\odb\db\shimstack.odb' has been recovered (tr. 16-16)

[2021-12-23 17:04:44 #2 store] 
Database 'D:\Java\Projects\ORMDatabase\src\main\resources\odb\db\shimstack.odb' is opened by 11836@DmitrievAS

[2021-12-23 17:04:44 #3 store] 
Configuration path: ?

[2021-12-23 17:04:44 #4 type] 
Type ormdatabase.model.Record is not enhanced.

------------------------------------------------------------------------------------------------------------------------

[2021-12-23 17:05:43 #1 store] 
Database 'D:\Java\Projects\ORMDatabase\src\main\resources\odb\db\shimstack.odb' has been recovered (tr. 17-17)

[2021-12-23 17:05:43 #2 store] 
Database 'D:\Java\Projects\ORMDatabase\src\main\resources\odb\db\shimstack.odb' is opened by 13512@DmitrievAS

[2021-12-23 17:05:43 #3 store] 
Configuration path: ?

[2021-12-23 17:05:43 #4 type] 
Type ormdatabase.model.Record is not enhanced.

------------------------------------------------------------------------------------------------------------------------

[2021-12-23 17:05:59 #1 store] 
Database 'D:\Java\Projects\ORMDatabase\src\main\resources\odb\db\shimstack.odb' is opened by 14100@DmitrievAS

[2021-12-23 17:05:59 #2 store] 
Configuration path: ?

[2021-12-23 17:05:59 #3 type.registry] 
New type ormdatabase.model.Record

[2021-12-23 17:05:59 #4 type] 
Type ormdatabase.model.Record is not enhanced.

[2021-12-23 17:05:59 #5 type.registry] 
New type ormdatabase.model.ShimStackList

[2021-12-23 17:05:59 #6 store] 
Database 'D:\Java\Projects\ORMDatabase\src\main\resources\odb\db\shimstack.odb' is closed by 14100@DmitrievAS

------------------------------------------------------------------------------------------------------------------------

[2021-12-23 17:19:07 #1 store] 
Database 'D:\Java\Projects\ORMDatabase\src\main\resources\odb\db\shimstack.odb' is opened by 2652@DmitrievAS

[2021-12-23 17:19:07 #2 store] 
Configuration path: ?

[2021-12-23 17:19:07 #3 type] 
Type ormdatabase.model.Record is not enhanced.

[2021-12-23 17:19:07 #4 type.registry] 
New type ormdatabase.model.ShimStack

------------------------------------------------------------------------------------------------------------------------

[2021-12-23 17:19:39 #1 store] 
Database 'D:\Java\Projects\ORMDatabase\src\main\resources\odb\db\shimstack.odb' is opened by 10176@DmitrievAS

[2021-12-23 17:19:39 #2 store] 
Configuration path: ?

[2021-12-23 17:19:39 #3 type.registry] 
New type ormdatabase.model.Record

[2021-12-23 17:19:39 #4 type] 
Type ormdatabase.model.Record is not enhanced.

[2021-12-23 17:19:39 #5 type.registry] 
New type ormdatabase.model.ShimStack

------------------------------------------------------------------------------------------------------------------------

[2021-12-23 17:22:23 #1 store] 
Database 'D:\Java\Projects\ORMDatabase\src\main\resources\odb\db\shimstack.odb' has been recovered (tr. 1-4)

[2021-12-23 17:22:23 #2 store] 
Database 'D:\Java\Projects\ORMDatabase\src\main\resources\odb\db\shimstack.odb' is opened by 1980@DmitrievAS

[2021-12-23 17:22:23 #3 store] 
Configuration path: ?

[2021-12-23 17:22:23 #4 type] 
Type ormdatabase.model.Record is not enhanced.

------------------------------------------------------------------------------------------------------------------------

[2021-12-23 17:22:31 #1 store] 
Database 'D:\Java\Projects\ORMDatabase\src\main\resources\odb\db\shimstack.odb' is opened by 7884@DmitrievAS

[2021-12-23 17:22:31 #2 store] 
Configuration path: ?

[2021-12-23 17:22:32 #3 type.registry] 
New type ormdatabase.model.Record

[2021-12-23 17:22:32 #4 type] 
Type ormdatabase.model.Record is not enhanced.

[2021-12-23 17:22:32 #5 type.registry] 
New type ormdatabase.model.ShimStack

