------------------------------------------------------------------------------------------------------------------------

[2021-12-27 17:48:24 #1 store] 
Database 'D:\Java\Projects\ORMDatabase\src\main\resources\odb\db\shimstack.odb' has been recovered (tr. 38-38)

[2021-12-27 17:48:24 #2 store] 
Database 'D:\Java\Projects\ORMDatabase\src\main\resources\odb\db\shimstack.odb' is opened by 3492@DmitrievAS

[2021-12-27 17:48:24 #3 store] 
Configuration path: ?

[2021-12-27 17:48:25 #4 type] 
Type ormdatabase.model.Record is not enhanced.

[2021-12-27 17:48:25 #5 type] 
Type ormdatabase.model.ShimStackSet is not enhanced.

[2021-12-27 17:48:25 #6 type] 
Type ormdatabase.model.StackPair is not enhanced.

[2021-12-27 17:48:25 #7 type] 
Type ormdatabase.model.ReboundStack is not enhanced.

[2021-12-27 17:48:25 #8 type] 
Type ormdatabase.model.CompressionStack is not enhanced.

[2021-12-27 17:48:25 #9 type] 
Type ormdatabase.model.Shim is not enhanced.

------------------------------------------------------------------------------------------------------------------------

[2021-12-27 17:50:27 #1 store] 
Database 'D:\Java\Projects\ORMDatabase\src\main\resources\odb\db\shimstack.odb' has been recovered (tr. 39-39)

[2021-12-27 17:50:27 #2 store] 
Database 'D:\Java\Projects\ORMDatabase\src\main\resources\odb\db\shimstack.odb' is opened by 13608@DmitrievAS

[2021-12-27 17:50:27 #3 store] 
Configuration path: ?

[2021-12-27 17:50:27 #4 type] 
Type ormdatabase.model.Record is not enhanced.

[2021-12-27 17:50:27 #5 type] 
Type ormdatabase.model.ShimStackSet is not enhanced.

[2021-12-27 17:50:27 #6 type] 
Type ormdatabase.model.StackPair is not enhanced.

[2021-12-27 17:50:27 #7 type] 
Type ormdatabase.model.ReboundStack is not enhanced.

[2021-12-27 17:50:27 #8 type] 
Type ormdatabase.model.CompressionStack is not enhanced.

[2021-12-27 17:50:27 #9 type] 
Type ormdatabase.model.Shim is not enhanced.

------------------------------------------------------------------------------------------------------------------------

[2021-12-27 17:54:30 #1 store] 
Database 'D:\Java\Projects\ORMDatabase\src\main\resources\odb\db\shimstack.odb' has been recovered (tr. 40-40)

[2021-12-27 17:54:30 #2 store] 
Database 'D:\Java\Projects\ORMDatabase\src\main\resources\odb\db\shimstack.odb' is opened by 13740@DmitrievAS

[2021-12-27 17:54:30 #3 store] 
Configuration path: ?

[2021-12-27 17:54:30 #4 type] 
Type ormdatabase.model.Record is not enhanced.

[2021-12-27 17:54:30 #5 type] 
Type ormdatabase.model.ShimStackSet is not enhanced.

[2021-12-27 17:54:30 #6 type] 
Type ormdatabase.model.StackPair is not enhanced.

[2021-12-27 17:54:30 #7 type] 
Type ormdatabase.model.ReboundStack is not enhanced.

[2021-12-27 17:54:30 #8 type] 
Type ormdatabase.model.CompressionStack is not enhanced.

[2021-12-27 17:54:30 #9 type] 
Type ormdatabase.model.Shim is not enhanced.

------------------------------------------------------------------------------------------------------------------------

[2021-12-27 17:59:11 #1 store] 
Database 'D:\Java\Projects\ORMDatabase\src\main\resources\odb\db\shimstack.odb' has been recovered (tr. 41-42)

[2021-12-27 17:59:11 #2 store] 
Database 'D:\Java\Projects\ORMDatabase\src\main\resources\odb\db\shimstack.odb' is opened by 8060@DmitrievAS

[2021-12-27 17:59:11 #3 store] 
Configuration path: ?

[2021-12-27 17:59:11 #4 type] 
Type ormdatabase.model.Record is not enhanced.

[2021-12-27 17:59:11 #5 type] 
Type ormdatabase.model.ShimStackSet is not enhanced.

[2021-12-27 17:59:11 #6 type] 
Type ormdatabase.model.StackPair is not enhanced.

[2021-12-27 17:59:11 #7 type] 
Type ormdatabase.model.ReboundStack is not enhanced.

[2021-12-27 17:59:11 #8 type] 
Type ormdatabase.model.CompressionStack is not enhanced.

[2021-12-27 17:59:11 #9 type] 
Type ormdatabase.model.Shim is not enhanced.

------------------------------------------------------------------------------------------------------------------------

[2021-12-27 18:00:11 #1 store] 
Database 'D:\Java\Projects\ORMDatabase\src\main\resources\odb\db\shimstack.odb' has been recovered (tr. 43-43)

[2021-12-27 18:00:11 #2 store] 
Database 'D:\Java\Projects\ORMDatabase\src\main\resources\odb\db\shimstack.odb' is opened by 2904@DmitrievAS

[2021-12-27 18:00:11 #3 store] 
Configuration path: ?

[2021-12-27 18:00:11 #4 type] 
Type ormdatabase.model.Record is not enhanced.

[2021-12-27 18:00:11 #5 type] 
Type ormdatabase.model.ShimStackSet is not enhanced.

[2021-12-27 18:00:11 #6 type] 
Type ormdatabase.model.StackPair is not enhanced.

[2021-12-27 18:00:11 #7 type] 
Type ormdatabase.model.ReboundStack is not enhanced.

[2021-12-27 18:00:11 #8 type] 
Type ormdatabase.model.CompressionStack is not enhanced.

[2021-12-27 18:00:11 #9 type] 
Type ormdatabase.model.Shim is not enhanced.

------------------------------------------------------------------------------------------------------------------------

[2021-12-27 18:23:35 #1 store] 
Database 'D:\Java\Projects\ORMDatabase\src\main\resources\odb\db\shimstack.odb' has been recovered (tr. 44-44)

[2021-12-27 18:23:35 #2 store] 
Database 'D:\Java\Projects\ORMDatabase\src\main\resources\odb\db\shimstack.odb' is opened by 8636@DmitrievAS

[2021-12-27 18:23:35 #3 store] 
Configuration path: ?

[2021-12-27 18:23:35 #4 type] 
Type ormdatabase.model.Record is not enhanced.

[2021-12-27 18:23:35 #5 type] 
Type ormdatabase.model.ShimStackSet is not enhanced.

[2021-12-27 18:23:35 #6 type] 
Type ormdatabase.model.StackPair is not enhanced.

[2021-12-27 18:23:35 #7 type] 
Type ormdatabase.model.ReboundStack is not enhanced.

[2021-12-27 18:23:35 #8 type] 
Type ormdatabase.model.CompressionStack is not enhanced.

[2021-12-27 18:23:35 #9 type] 
Type ormdatabase.model.Shim is not enhanced.

------------------------------------------------------------------------------------------------------------------------

[2021-12-27 18:26:11 #1 store] 
Database 'D:\Java\Projects\ORMDatabase\src\main\resources\odb\db\shimstack.odb' has been recovered (tr. 45-46)

[2021-12-27 18:26:11 #2 store] 
Database 'D:\Java\Projects\ORMDatabase\src\main\resources\odb\db\shimstack.odb' is opened by 2140@DmitrievAS

[2021-12-27 18:26:11 #3 store] 
Configuration path: ?

[2021-12-27 18:26:11 #4 type] 
Type ormdatabase.model.Record is not enhanced.

[2021-12-27 18:26:11 #5 type] 
Type ormdatabase.model.ShimStackSet is not enhanced.

[2021-12-27 18:26:11 #6 type] 
Type ormdatabase.model.StackPair is not enhanced.

[2021-12-27 18:26:11 #7 type] 
Type ormdatabase.model.ReboundStack is not enhanced.

[2021-12-27 18:26:11 #8 type] 
Type ormdatabase.model.CompressionStack is not enhanced.

[2021-12-27 18:26:11 #9 type] 
Type ormdatabase.model.Shim is not enhanced.

------------------------------------------------------------------------------------------------------------------------

[2021-12-27 18:27:19 #1 store] 
Database 'D:\Java\Projects\ORMDatabase\src\main\resources\odb\db\shimstack.odb' has been recovered (tr. 47-47)

[2021-12-27 18:27:20 #2 store] 
Database 'D:\Java\Projects\ORMDatabase\src\main\resources\odb\db\shimstack.odb' is opened by 12480@DmitrievAS

[2021-12-27 18:27:20 #3 store] 
Configuration path: ?

[2021-12-27 18:27:20 #4 type] 
Type ormdatabase.model.Record is not enhanced.

[2021-12-27 18:27:20 #5 type] 
Type ormdatabase.model.ShimStackSet is not enhanced.

[2021-12-27 18:27:20 #6 type] 
Type ormdatabase.model.StackPair is not enhanced.

[2021-12-27 18:27:20 #7 type] 
Type ormdatabase.model.ReboundStack is not enhanced.

[2021-12-27 18:27:20 #8 type] 
Type ormdatabase.model.CompressionStack is not enhanced.

[2021-12-27 18:27:20 #9 type] 
Type ormdatabase.model.Shim is not enhanced.

------------------------------------------------------------------------------------------------------------------------

[2021-12-27 18:28:00 #1 store] 
Database 'D:\Java\Projects\ORMDatabase\src\main\resources\odb\db\shimstack.odb' has been recovered (tr. 48-48)

[2021-12-27 18:28:00 #2 store] 
Database 'D:\Java\Projects\ORMDatabase\src\main\resources\odb\db\shimstack.odb' is opened by 3308@DmitrievAS

[2021-12-27 18:28:00 #3 store] 
Configuration path: ?

[2021-12-27 18:28:00 #4 type] 
Type ormdatabase.model.Record is not enhanced.

[2021-12-27 18:28:00 #5 type] 
Type ormdatabase.model.ShimStackSet is not enhanced.

[2021-12-27 18:28:00 #6 type] 
Type ormdatabase.model.StackPair is not enhanced.

[2021-12-27 18:28:00 #7 type] 
Type ormdatabase.model.ReboundStack is not enhanced.

[2021-12-27 18:28:00 #8 type] 
Type ormdatabase.model.CompressionStack is not enhanced.

[2021-12-27 18:28:00 #9 type] 
Type ormdatabase.model.Shim is not enhanced.

------------------------------------------------------------------------------------------------------------------------

[2021-12-27 18:30:48 #1 store] 
Database 'D:\Java\Projects\ORMDatabase\src\main\resources\odb\db\shimstack.odb' has been recovered (tr. 49-49)

[2021-12-27 18:30:48 #2 store] 
Database 'D:\Java\Projects\ORMDatabase\src\main\resources\odb\db\shimstack.odb' is opened by 592@DmitrievAS

[2021-12-27 18:30:48 #3 store] 
Configuration path: ?

[2021-12-27 18:30:48 #4 type] 
Type ormdatabase.model.Record is not enhanced.

[2021-12-27 18:30:48 #5 type] 
Type ormdatabase.model.ShimStackSet is not enhanced.

[2021-12-27 18:30:48 #6 type] 
Type ormdatabase.model.StackPair is not enhanced.

[2021-12-27 18:30:48 #7 type] 
Type ormdatabase.model.ReboundStack is not enhanced.

[2021-12-27 18:30:48 #8 type] 
Type ormdatabase.model.CompressionStack is not enhanced.

[2021-12-27 18:30:48 #9 type] 
Type ormdatabase.model.Shim is not enhanced.

------------------------------------------------------------------------------------------------------------------------

[2021-12-27 18:32:45 #1 store] 
Database 'D:\Java\Projects\ORMDatabase\src\main\resources\odb\db\shimstack.odb' has been recovered (tr. 50-52)

[2021-12-27 18:32:45 #2 store] 
Database 'D:\Java\Projects\ORMDatabase\src\main\resources\odb\db\shimstack.odb' is opened by 12000@DmitrievAS

[2021-12-27 18:32:45 #3 store] 
Configuration path: ?

[2021-12-27 18:32:45 #4 type] 
Type ormdatabase.model.Record is not enhanced.

[2021-12-27 18:32:45 #5 type] 
Type ormdatabase.model.ShimStackSet is not enhanced.

[2021-12-27 18:32:45 #6 type] 
Type ormdatabase.model.StackPair is not enhanced.

[2021-12-27 18:32:45 #7 type] 
Type ormdatabase.model.ReboundStack is not enhanced.

[2021-12-27 18:32:45 #8 type] 
Type ormdatabase.model.CompressionStack is not enhanced.

[2021-12-27 18:32:45 #9 type] 
Type ormdatabase.model.Shim is not enhanced.

------------------------------------------------------------------------------------------------------------------------

[2021-12-27 18:33:29 #1 store] 
Database 'D:\Java\Projects\ORMDatabase\src\main\resources\odb\db\shimstack.odb' has been recovered (tr. 53-53)

[2021-12-27 18:33:29 #2 store] 
Database 'D:\Java\Projects\ORMDatabase\src\main\resources\odb\db\shimstack.odb' is opened by 8196@DmitrievAS

[2021-12-27 18:33:29 #3 store] 
Configuration path: ?

[2021-12-27 18:33:29 #4 type] 
Type ormdatabase.model.Record is not enhanced.

[2021-12-27 18:33:29 #5 type] 
Type ormdatabase.model.ShimStackSet is not enhanced.

[2021-12-27 18:33:29 #6 type] 
Type ormdatabase.model.StackPair is not enhanced.

[2021-12-27 18:33:29 #7 type] 
Type ormdatabase.model.ReboundStack is not enhanced.

[2021-12-27 18:33:29 #8 type] 
Type ormdatabase.model.CompressionStack is not enhanced.

[2021-12-27 18:33:29 #9 type] 
Type ormdatabase.model.Shim is not enhanced.

------------------------------------------------------------------------------------------------------------------------

[2021-12-27 18:34:19 #1 store] 
Database 'D:\Java\Projects\ORMDatabase\src\main\resources\odb\db\shimstack.odb' has been recovered (tr. 54-54)

[2021-12-27 18:34:19 #2 store] 
Database 'D:\Java\Projects\ORMDatabase\src\main\resources\odb\db\shimstack.odb' is opened by 12116@DmitrievAS

[2021-12-27 18:34:19 #3 store] 
Configuration path: ?

[2021-12-27 18:34:19 #4 type] 
Type ormdatabase.model.Record is not enhanced.

[2021-12-27 18:34:19 #5 type] 
Type ormdatabase.model.ShimStackSet is not enhanced.

[2021-12-27 18:34:19 #6 type] 
Type ormdatabase.model.StackPair is not enhanced.

[2021-12-27 18:34:19 #7 type] 
Type ormdatabase.model.ReboundStack is not enhanced.

[2021-12-27 18:34:19 #8 type] 
Type ormdatabase.model.CompressionStack is not enhanced.

[2021-12-27 18:34:19 #9 type] 
Type ormdatabase.model.Shim is not enhanced.

------------------------------------------------------------------------------------------------------------------------

[2021-12-27 18:34:37 #1 store] 
Database 'D:\Java\Projects\ORMDatabase\src\main\resources\odb\db\shimstack.odb' has been recovered (tr. 55-55)

[2021-12-27 18:34:37 #2 store] 
Database 'D:\Java\Projects\ORMDatabase\src\main\resources\odb\db\shimstack.odb' is opened by 2148@DmitrievAS

[2021-12-27 18:34:37 #3 store] 
Configuration path: ?

[2021-12-27 18:34:37 #4 type] 
Type ormdatabase.model.Record is not enhanced.

[2021-12-27 18:34:37 #5 type] 
Type ormdatabase.model.ShimStackSet is not enhanced.

[2021-12-27 18:34:37 #6 type] 
Type ormdatabase.model.StackPair is not enhanced.

[2021-12-27 18:34:37 #7 type] 
Type ormdatabase.model.ReboundStack is not enhanced.

[2021-12-27 18:34:37 #8 type] 
Type ormdatabase.model.CompressionStack is not enhanced.

[2021-12-27 18:34:37 #9 type] 
Type ormdatabase.model.Shim is not enhanced.

------------------------------------------------------------------------------------------------------------------------

[2021-12-27 18:50:44 #1 store] 
Database 'D:\Java\Projects\ORMDatabase\src\main\resources\odb\db\shimstack.odb' has been recovered (tr. 56-56)

[2021-12-27 18:50:44 #2 store] 
Database 'D:\Java\Projects\ORMDatabase\src\main\resources\odb\db\shimstack.odb' is opened by 12700@DmitrievAS

[2021-12-27 18:50:44 #3 store] 
Configuration path: ?

[2021-12-27 18:50:44 #4 type] 
Type ormdatabase.model.Record is not enhanced.

[2021-12-27 18:50:44 #5 type] 
Type ormdatabase.model.ShimStackSet is not enhanced.

[2021-12-27 18:50:44 #6 type] 
Type ormdatabase.model.StackPair is not enhanced.

[2021-12-27 18:50:44 #7 type] 
Type ormdatabase.model.ReboundStack is not enhanced.

[2021-12-27 18:50:44 #8 type] 
Type ormdatabase.model.CompressionStack is not enhanced.

[2021-12-27 18:50:44 #9 type] 
Type ormdatabase.model.Shim is not enhanced.

------------------------------------------------------------------------------------------------------------------------

[2021-12-27 18:56:05 #1 store] 
Database 'D:\Java\Projects\ORMDatabase\src\main\resources\odb\db\shimstack.odb' has been recovered (tr. 57-57)

[2021-12-27 18:56:05 #2 store] 
Database 'D:\Java\Projects\ORMDatabase\src\main\resources\odb\db\shimstack.odb' is opened by 2736@DmitrievAS

[2021-12-27 18:56:05 #3 store] 
Configuration path: ?

[2021-12-27 18:56:05 #4 type] 
Type ormdatabase.model.Record is not enhanced.

[2021-12-27 18:56:05 #5 type] 
Type ormdatabase.model.ShimStackSet is not enhanced.

[2021-12-27 18:56:05 #6 type] 
Type ormdatabase.model.StackPair is not enhanced.

[2021-12-27 18:56:05 #7 type] 
Type ormdatabase.model.ReboundStack is not enhanced.

[2021-12-27 18:56:05 #8 type] 
Type ormdatabase.model.CompressionStack is not enhanced.

[2021-12-27 18:56:05 #9 type] 
Type ormdatabase.model.Shim is not enhanced.

------------------------------------------------------------------------------------------------------------------------

[2021-12-27 18:56:53 #1 store] 
Database 'D:\Java\Projects\ORMDatabase\src\main\resources\odb\db\shimstack.odb' has been recovered (tr. 58-59)

[2021-12-27 18:56:53 #2 store] 
Database 'D:\Java\Projects\ORMDatabase\src\main\resources\odb\db\shimstack.odb' is opened by 12456@DmitrievAS

[2021-12-27 18:56:53 #3 store] 
Configuration path: ?

[2021-12-27 18:56:53 #4 type] 
Type ormdatabase.model.Record is not enhanced.

[2021-12-27 18:56:53 #5 type] 
Type ormdatabase.model.ShimStackSet is not enhanced.

[2021-12-27 18:56:53 #6 type] 
Type ormdatabase.model.StackPair is not enhanced.

[2021-12-27 18:56:53 #7 type] 
Type ormdatabase.model.ReboundStack is not enhanced.

[2021-12-27 18:56:53 #8 type] 
Type ormdatabase.model.CompressionStack is not enhanced.

[2021-12-27 18:56:53 #9 type] 
Type ormdatabase.model.Shim is not enhanced.

------------------------------------------------------------------------------------------------------------------------

[2021-12-27 18:58:17 #1 store] 
Database 'D:\Java\Projects\ORMDatabase\src\main\resources\odb\db\shimstack.odb' has been recovered (tr. 60-60)

[2021-12-27 18:58:17 #2 store] 
Database 'D:\Java\Projects\ORMDatabase\src\main\resources\odb\db\shimstack.odb' is opened by 13868@DmitrievAS

[2021-12-27 18:58:17 #3 store] 
Configuration path: ?

[2021-12-27 18:58:17 #4 type] 
Type ormdatabase.model.Record is not enhanced.

[2021-12-27 18:58:17 #5 type] 
Type ormdatabase.model.ShimStackSet is not enhanced.

[2021-12-27 18:58:17 #6 type] 
Type ormdatabase.model.StackPair is not enhanced.

[2021-12-27 18:58:17 #7 type] 
Type ormdatabase.model.ReboundStack is not enhanced.

[2021-12-27 18:58:17 #8 type] 
Type ormdatabase.model.CompressionStack is not enhanced.

[2021-12-27 18:58:17 #9 type] 
Type ormdatabase.model.Shim is not enhanced.

------------------------------------------------------------------------------------------------------------------------

[2021-12-27 18:59:56 #1 store] 
Database 'D:\Java\Projects\ORMDatabase\src\main\resources\odb\db\shimstack.odb' has been recovered (tr. 61-61)

[2021-12-27 18:59:56 #2 store] 
Database 'D:\Java\Projects\ORMDatabase\src\main\resources\odb\db\shimstack.odb' is opened by 13496@DmitrievAS

[2021-12-27 18:59:56 #3 store] 
Configuration path: ?

[2021-12-27 18:59:56 #4 type] 
Type ormdatabase.model.Record is not enhanced.

[2021-12-27 18:59:56 #5 type] 
Type ormdatabase.model.ShimStackSet is not enhanced.

[2021-12-27 18:59:56 #6 type] 
Type ormdatabase.model.StackPair is not enhanced.

[2021-12-27 18:59:56 #7 type] 
Type ormdatabase.model.ReboundStack is not enhanced.

[2021-12-27 18:59:56 #8 type] 
Type ormdatabase.model.CompressionStack is not enhanced.

[2021-12-27 18:59:56 #9 type] 
Type ormdatabase.model.Shim is not enhanced.

------------------------------------------------------------------------------------------------------------------------

[2021-12-27 19:12:20 #1 store] 
Database 'D:\Java\Projects\ORMDatabase\src\main\resources\odb\db\shimstack.odb' has been recovered (tr. 62-62)

[2021-12-27 19:12:20 #2 store] 
Database 'D:\Java\Projects\ORMDatabase\src\main\resources\odb\db\shimstack.odb' is opened by 7748@DmitrievAS

[2021-12-27 19:12:20 #3 store] 
Configuration path: ?

[2021-12-27 19:12:20 #4 type] 
Type ormdatabase.model.Record is not enhanced.

[2021-12-27 19:12:20 #5 type] 
Type ormdatabase.model.ShimStackSet is not enhanced.

[2021-12-27 19:12:20 #6 type] 
Type ormdatabase.model.StackPair is not enhanced.

[2021-12-27 19:12:20 #7 type] 
Type ormdatabase.model.ReboundStack is not enhanced.

[2021-12-27 19:12:20 #8 type] 
Type ormdatabase.model.CompressionStack is not enhanced.

[2021-12-27 19:12:20 #9 type] 
Type ormdatabase.model.Shim is not enhanced.

------------------------------------------------------------------------------------------------------------------------

[2021-12-27 19:13:26 #1 store] 
Database 'D:\Java\Projects\ORMDatabase\src\main\resources\odb\db\shimstack.odb' has been recovered (tr. 63-63)

[2021-12-27 19:13:26 #2 store] 
Database 'D:\Java\Projects\ORMDatabase\src\main\resources\odb\db\shimstack.odb' is opened by 12812@DmitrievAS

[2021-12-27 19:13:26 #3 store] 
Configuration path: ?

[2021-12-27 19:13:26 #4 type] 
Type ormdatabase.model.Record is not enhanced.

[2021-12-27 19:13:26 #5 type] 
Type ormdatabase.model.ShimStackSet is not enhanced.

[2021-12-27 19:13:26 #6 type] 
Type ormdatabase.model.StackPair is not enhanced.

[2021-12-27 19:13:26 #7 type] 
Type ormdatabase.model.ReboundStack is not enhanced.

[2021-12-27 19:13:26 #8 type] 
Type ormdatabase.model.CompressionStack is not enhanced.

[2021-12-27 19:13:26 #9 type] 
Type ormdatabase.model.Shim is not enhanced.

------------------------------------------------------------------------------------------------------------------------

[2021-12-27 19:16:23 #1 store] 
Database 'D:\Java\Projects\ORMDatabase\src\main\resources\odb\db\shimstack.odb' has been recovered (tr. 64-64)

[2021-12-27 19:16:24 #2 store] 
Database 'D:\Java\Projects\ORMDatabase\src\main\resources\odb\db\shimstack.odb' is opened by 15160@DmitrievAS

[2021-12-27 19:16:24 #3 store] 
Configuration path: ?

[2021-12-27 19:16:24 #4 type] 
Type ormdatabase.model.Record is not enhanced.

[2021-12-27 19:16:24 #5 type] 
Type ormdatabase.model.ShimStackSet is not enhanced.

[2021-12-27 19:16:24 #6 type] 
Type ormdatabase.model.StackPair is not enhanced.

[2021-12-27 19:16:24 #7 type] 
Type ormdatabase.model.ReboundStack is not enhanced.

[2021-12-27 19:16:24 #8 type] 
Type ormdatabase.model.CompressionStack is not enhanced.

[2021-12-27 19:16:24 #9 type] 
Type ormdatabase.model.Shim is not enhanced.

------------------------------------------------------------------------------------------------------------------------

[2021-12-27 19:18:17 #1 store] 
Database 'D:\Java\Projects\ORMDatabase\src\main\resources\odb\db\shimstack.odb' has been recovered (tr. 65-65)

[2021-12-27 19:18:17 #2 store] 
Database 'D:\Java\Projects\ORMDatabase\src\main\resources\odb\db\shimstack.odb' is opened by 7932@DmitrievAS

[2021-12-27 19:18:17 #3 store] 
Configuration path: ?

[2021-12-27 19:18:17 #4 type] 
Type ormdatabase.model.Record is not enhanced.

[2021-12-27 19:18:17 #5 type] 
Type ormdatabase.model.ShimStackSet is not enhanced.

[2021-12-27 19:18:17 #6 type] 
Type ormdatabase.model.StackPair is not enhanced.

[2021-12-27 19:18:17 #7 type] 
Type ormdatabase.model.ReboundStack is not enhanced.

[2021-12-27 19:18:17 #8 type] 
Type ormdatabase.model.CompressionStack is not enhanced.

[2021-12-27 19:18:17 #9 type] 
Type ormdatabase.model.Shim is not enhanced.

------------------------------------------------------------------------------------------------------------------------

[2021-12-27 19:19:18 #1 store] 
Database 'D:\Java\Projects\ORMDatabase\src\main\resources\odb\db\shimstack.odb' has been recovered (tr. 66-66)

[2021-12-27 19:19:18 #2 store] 
Database 'D:\Java\Projects\ORMDatabase\src\main\resources\odb\db\shimstack.odb' is opened by 2792@DmitrievAS

[2021-12-27 19:19:18 #3 store] 
Configuration path: ?

[2021-12-27 19:19:18 #4 type] 
Type ormdatabase.model.Record is not enhanced.

[2021-12-27 19:19:18 #5 type] 
Type ormdatabase.model.ShimStackSet is not enhanced.

[2021-12-27 19:19:18 #6 type] 
Type ormdatabase.model.StackPair is not enhanced.

[2021-12-27 19:19:18 #7 type] 
Type ormdatabase.model.ReboundStack is not enhanced.

[2021-12-27 19:19:18 #8 type] 
Type ormdatabase.model.CompressionStack is not enhanced.

[2021-12-27 19:19:18 #9 type] 
Type ormdatabase.model.Shim is not enhanced.

------------------------------------------------------------------------------------------------------------------------

[2021-12-27 19:20:52 #1 store] 
Database 'D:\Java\Projects\ORMDatabase\src\main\resources\odb\db\shimstack.odb' has been recovered (tr. 67-67)

[2021-12-27 19:20:52 #2 store] 
Database 'D:\Java\Projects\ORMDatabase\src\main\resources\odb\db\shimstack.odb' is opened by 9512@DmitrievAS

[2021-12-27 19:20:52 #3 store] 
Configuration path: ?

[2021-12-27 19:20:52 #4 type] 
Type ormdatabase.model.Record is not enhanced.

[2021-12-27 19:20:52 #5 type] 
Type ormdatabase.model.ShimStackSet is not enhanced.

[2021-12-27 19:20:52 #6 type] 
Type ormdatabase.model.StackPair is not enhanced.

[2021-12-27 19:20:52 #7 type] 
Type ormdatabase.model.ReboundStack is not enhanced.

[2021-12-27 19:20:52 #8 type] 
Type ormdatabase.model.CompressionStack is not enhanced.

[2021-12-27 19:20:52 #9 type] 
Type ormdatabase.model.Shim is not enhanced.

------------------------------------------------------------------------------------------------------------------------

[2021-12-27 19:22:07 #1 store] 
Database 'D:\Java\Projects\ORMDatabase\src\main\resources\odb\db\shimstack.odb' has been recovered (tr. 68-68)

[2021-12-27 19:22:07 #2 store] 
Database 'D:\Java\Projects\ORMDatabase\src\main\resources\odb\db\shimstack.odb' is opened by 13128@DmitrievAS

[2021-12-27 19:22:07 #3 store] 
Configuration path: ?

[2021-12-27 19:22:07 #4 type] 
Type ormdatabase.model.Record is not enhanced.

[2021-12-27 19:22:07 #5 type] 
Type ormdatabase.model.ShimStackSet is not enhanced.

[2021-12-27 19:22:07 #6 type] 
Type ormdatabase.model.StackPair is not enhanced.

[2021-12-27 19:22:07 #7 type] 
Type ormdatabase.model.ReboundStack is not enhanced.

[2021-12-27 19:22:07 #8 type] 
Type ormdatabase.model.CompressionStack is not enhanced.

[2021-12-27 19:22:07 #9 type] 
Type ormdatabase.model.Shim is not enhanced.

------------------------------------------------------------------------------------------------------------------------

[2021-12-27 19:23:08 #1 store] 
Database 'D:\Java\Projects\ORMDatabase\src\main\resources\odb\db\shimstack.odb' has been recovered (tr. 69-69)

[2021-12-27 19:23:08 #2 store] 
Database 'D:\Java\Projects\ORMDatabase\src\main\resources\odb\db\shimstack.odb' is opened by 1908@DmitrievAS

[2021-12-27 19:23:08 #3 store] 
Configuration path: ?

[2021-12-27 19:23:08 #4 type] 
Type ormdatabase.model.Record is not enhanced.

[2021-12-27 19:23:08 #5 type] 
Type ormdatabase.model.ShimStackSet is not enhanced.

[2021-12-27 19:23:08 #6 type] 
Type ormdatabase.model.StackPair is not enhanced.

[2021-12-27 19:23:08 #7 type] 
Type ormdatabase.model.ReboundStack is not enhanced.

[2021-12-27 19:23:08 #8 type] 
Type ormdatabase.model.CompressionStack is not enhanced.

[2021-12-27 19:23:08 #9 type] 
Type ormdatabase.model.Shim is not enhanced.

------------------------------------------------------------------------------------------------------------------------

[2021-12-27 19:27:14 #1 store] 
Database 'D:\Java\Projects\ORMDatabase\src\main\resources\odb\db\shimstack.odb' has been recovered (tr. 70-70)

[2021-12-27 19:27:14 #2 store] 
Database 'D:\Java\Projects\ORMDatabase\src\main\resources\odb\db\shimstack.odb' is opened by 11604@DmitrievAS

[2021-12-27 19:27:14 #3 store] 
Configuration path: ?

[2021-12-27 19:27:14 #4 type] 
Type ormdatabase.model.Record is not enhanced.

[2021-12-27 19:27:14 #5 type] 
Type ormdatabase.model.ShimStackSet is not enhanced.

[2021-12-27 19:27:14 #6 type] 
Type ormdatabase.model.StackPair is not enhanced.

[2021-12-27 19:27:14 #7 type] 
Type ormdatabase.model.ReboundStack is not enhanced.

[2021-12-27 19:27:14 #8 type] 
Type ormdatabase.model.CompressionStack is not enhanced.

[2021-12-27 19:27:14 #9 type] 
Type ormdatabase.model.Shim is not enhanced.

------------------------------------------------------------------------------------------------------------------------

[2021-12-27 19:28:31 #1 store] 
Database 'D:\Java\Projects\ORMDatabase\src\main\resources\odb\db\shimstack.odb' has been recovered (tr. 71-71)

[2021-12-27 19:28:31 #2 store] 
Database 'D:\Java\Projects\ORMDatabase\src\main\resources\odb\db\shimstack.odb' is opened by 3452@DmitrievAS

[2021-12-27 19:28:31 #3 store] 
Configuration path: ?

[2021-12-27 19:28:31 #4 type] 
Type ormdatabase.model.Record is not enhanced.

[2021-12-27 19:28:31 #5 type] 
Type ormdatabase.model.ShimStackSet is not enhanced.

[2021-12-27 19:28:31 #6 type] 
Type ormdatabase.model.StackPair is not enhanced.

[2021-12-27 19:28:31 #7 type] 
Type ormdatabase.model.ReboundStack is not enhanced.

[2021-12-27 19:28:31 #8 type] 
Type ormdatabase.model.CompressionStack is not enhanced.

[2021-12-27 19:28:31 #9 type] 
Type ormdatabase.model.Shim is not enhanced.

------------------------------------------------------------------------------------------------------------------------

[2021-12-27 19:34:31 #1 store] 
Database 'D:\Java\Projects\ORMDatabase\src\main\resources\odb\db\shimstack.odb' has been recovered (tr. 72-73)

[2021-12-27 19:34:31 #2 store] 
Database 'D:\Java\Projects\ORMDatabase\src\main\resources\odb\db\shimstack.odb' is opened by 2644@DmitrievAS

[2021-12-27 19:34:31 #3 store] 
Configuration path: ?

[2021-12-27 19:34:31 #4 type] 
Type ormdatabase.model.Record is not enhanced.

[2021-12-27 19:34:31 #5 type] 
Type ormdatabase.model.ShimStackSet is not enhanced.

[2021-12-27 19:34:31 #6 type] 
Type ormdatabase.model.StackPair is not enhanced.

[2021-12-27 19:34:31 #7 type] 
Type ormdatabase.model.ReboundStack is not enhanced.

[2021-12-27 19:34:31 #8 type] 
Type ormdatabase.model.CompressionStack is not enhanced.

[2021-12-27 19:34:31 #9 type] 
Type ormdatabase.model.Shim is not enhanced.

------------------------------------------------------------------------------------------------------------------------

[2021-12-27 19:35:20 #1 store] 
Database 'D:\Java\Projects\ORMDatabase\src\main\resources\odb\db\shimstack.odb' has been recovered (tr. 74-74)

[2021-12-27 19:35:20 #2 store] 
Database 'D:\Java\Projects\ORMDatabase\src\main\resources\odb\db\shimstack.odb' is opened by 12840@DmitrievAS

[2021-12-27 19:35:20 #3 store] 
Configuration path: ?

[2021-12-27 19:35:20 #4 type] 
Type ormdatabase.model.Record is not enhanced.

[2021-12-27 19:35:20 #5 type] 
Type ormdatabase.model.ShimStackSet is not enhanced.

[2021-12-27 19:35:20 #6 type] 
Type ormdatabase.model.StackPair is not enhanced.

[2021-12-27 19:35:20 #7 type] 
Type ormdatabase.model.ReboundStack is not enhanced.

[2021-12-27 19:35:20 #8 type] 
Type ormdatabase.model.CompressionStack is not enhanced.

[2021-12-27 19:35:20 #9 type] 
Type ormdatabase.model.Shim is not enhanced.

------------------------------------------------------------------------------------------------------------------------

[2021-12-27 19:36:06 #1 store] 
Database 'D:\Java\Projects\ORMDatabase\src\main\resources\odb\db\shimstack.odb' has been recovered (tr. 75-75)

[2021-12-27 19:36:06 #2 store] 
Database 'D:\Java\Projects\ORMDatabase\src\main\resources\odb\db\shimstack.odb' is opened by 5168@DmitrievAS

[2021-12-27 19:36:06 #3 store] 
Configuration path: ?

[2021-12-27 19:36:06 #4 type] 
Type ormdatabase.model.Record is not enhanced.

[2021-12-27 19:36:06 #5 type] 
Type ormdatabase.model.ShimStackSet is not enhanced.

[2021-12-27 19:36:06 #6 type] 
Type ormdatabase.model.StackPair is not enhanced.

[2021-12-27 19:36:06 #7 type] 
Type ormdatabase.model.ReboundStack is not enhanced.

[2021-12-27 19:36:06 #8 type] 
Type ormdatabase.model.CompressionStack is not enhanced.

[2021-12-27 19:36:06 #9 type] 
Type ormdatabase.model.Shim is not enhanced.

------------------------------------------------------------------------------------------------------------------------

[2021-12-27 19:38:24 #1 store] 
Database 'D:\Java\Projects\ORMDatabase\src\main\resources\odb\db\shimstack.odb' has been recovered (tr. 76-76)

[2021-12-27 19:38:24 #2 store] 
Database 'D:\Java\Projects\ORMDatabase\src\main\resources\odb\db\shimstack.odb' is opened by 12292@DmitrievAS

[2021-12-27 19:38:24 #3 store] 
Configuration path: ?

[2021-12-27 19:38:25 #4 type] 
Type ormdatabase.model.Record is not enhanced.

[2021-12-27 19:38:25 #5 type] 
Type ormdatabase.model.ShimStackSet is not enhanced.

[2021-12-27 19:38:25 #6 type] 
Type ormdatabase.model.StackPair is not enhanced.

[2021-12-27 19:38:25 #7 type] 
Type ormdatabase.model.ReboundStack is not enhanced.

[2021-12-27 19:38:25 #8 type] 
Type ormdatabase.model.CompressionStack is not enhanced.

[2021-12-27 19:38:25 #9 type] 
Type ormdatabase.model.Shim is not enhanced.

------------------------------------------------------------------------------------------------------------------------

[2021-12-27 19:54:52 #1 store] 
Database 'D:\Java\Projects\ORMDatabase\src\main\resources\odb\db\shimstack.odb' has been recovered (tr. 77-78)

[2021-12-27 19:54:52 #2 store] 
Database 'D:\Java\Projects\ORMDatabase\src\main\resources\odb\db\shimstack.odb' is opened by 8476@DmitrievAS

[2021-12-27 19:54:52 #3 store] 
Configuration path: ?

[2021-12-27 19:54:52 #4 type] 
Type ormdatabase.model.Record is not enhanced.

[2021-12-27 19:54:52 #5 type] 
Type ormdatabase.model.ShimStackSet is not enhanced.

[2021-12-27 19:54:52 #6 type] 
Type ormdatabase.model.StackPair is not enhanced.

[2021-12-27 19:54:52 #7 type] 
Type ormdatabase.model.ReboundStack is not enhanced.

[2021-12-27 19:54:52 #8 type] 
Type ormdatabase.model.CompressionStack is not enhanced.

[2021-12-27 19:54:52 #9 type] 
Type ormdatabase.model.Shim is not enhanced.

------------------------------------------------------------------------------------------------------------------------

[2021-12-27 19:57:21 #1 store] 
Database 'D:\Java\Projects\ORMDatabase\src\main\resources\odb\db\shimstack.odb' has been recovered (tr. 79-79)

[2021-12-27 19:57:21 #2 store] 
Database 'D:\Java\Projects\ORMDatabase\src\main\resources\odb\db\shimstack.odb' is opened by 12716@DmitrievAS

[2021-12-27 19:57:21 #3 store] 
Configuration path: ?

[2021-12-27 19:57:22 #4 type] 
Type ormdatabase.model.Record is not enhanced.

[2021-12-27 19:57:22 #5 type] 
Type ormdatabase.model.ShimStackSet is not enhanced.

[2021-12-27 19:57:22 #6 type] 
Type ormdatabase.model.StackPair is not enhanced.

[2021-12-27 19:57:22 #7 type] 
Type ormdatabase.model.ReboundStack is not enhanced.

[2021-12-27 19:57:22 #8 type] 
Type ormdatabase.model.CompressionStack is not enhanced.

[2021-12-27 19:57:22 #9 type] 
Type ormdatabase.model.Shim is not enhanced.

------------------------------------------------------------------------------------------------------------------------

[2021-12-27 19:59:06 #1 store] 
Database 'D:\Java\Projects\ORMDatabase\src\main\resources\odb\db\shimstack.odb' has been recovered (tr. 80-80)

[2021-12-27 19:59:06 #2 store] 
Database 'D:\Java\Projects\ORMDatabase\src\main\resources\odb\db\shimstack.odb' is opened by 4020@DmitrievAS

[2021-12-27 19:59:06 #3 store] 
Configuration path: ?

[2021-12-27 19:59:06 #4 type] 
Type ormdatabase.model.Record is not enhanced.

[2021-12-27 19:59:06 #5 type] 
Type ormdatabase.model.ShimStackSet is not enhanced.

[2021-12-27 19:59:06 #6 type] 
Type ormdatabase.model.StackPair is not enhanced.

[2021-12-27 19:59:06 #7 type] 
Type ormdatabase.model.ReboundStack is not enhanced.

[2021-12-27 19:59:06 #8 type] 
Type ormdatabase.model.CompressionStack is not enhanced.

[2021-12-27 19:59:06 #9 type] 
Type ormdatabase.model.Shim is not enhanced.

------------------------------------------------------------------------------------------------------------------------

[2021-12-27 20:04:32 #1 store] 
Database 'D:\Java\Projects\ORMDatabase\src\main\resources\odb\db\shimstack.odb' has been recovered (tr. 81-81)

[2021-12-27 20:04:32 #2 store] 
Database 'D:\Java\Projects\ORMDatabase\src\main\resources\odb\db\shimstack.odb' is opened by 13392@DmitrievAS

[2021-12-27 20:04:32 #3 store] 
Configuration path: ?

[2021-12-27 20:04:32 #4 type] 
Type ormdatabase.model.Record is not enhanced.

[2021-12-27 20:04:32 #5 type] 
Type ormdatabase.model.ShimStackSet is not enhanced.

[2021-12-27 20:04:32 #6 type] 
Type ormdatabase.model.StackPair is not enhanced.

[2021-12-27 20:04:32 #7 type] 
Type ormdatabase.model.ReboundStack is not enhanced.

[2021-12-27 20:04:32 #8 type] 
Type ormdatabase.model.CompressionStack is not enhanced.

[2021-12-27 20:04:32 #9 type] 
Type ormdatabase.model.Shim is not enhanced.

------------------------------------------------------------------------------------------------------------------------

[2021-12-27 20:07:56 #1 store] 
Database 'D:\Java\Projects\ORMDatabase\src\main\resources\odb\db\shimstack.odb' has been recovered (tr. 82-82)

[2021-12-27 20:07:56 #2 store] 
Database 'D:\Java\Projects\ORMDatabase\src\main\resources\odb\db\shimstack.odb' is opened by 15072@DmitrievAS

[2021-12-27 20:07:56 #3 store] 
Configuration path: ?

[2021-12-27 20:07:56 #4 type] 
Type ormdatabase.model.Record is not enhanced.

[2021-12-27 20:07:56 #5 type] 
Type ormdatabase.model.ShimStackSet is not enhanced.

[2021-12-27 20:07:56 #6 type] 
Type ormdatabase.model.StackPair is not enhanced.

[2021-12-27 20:07:56 #7 type] 
Type ormdatabase.model.ReboundStack is not enhanced.

[2021-12-27 20:07:56 #8 type] 
Type ormdatabase.model.CompressionStack is not enhanced.

[2021-12-27 20:07:56 #9 type] 
Type ormdatabase.model.Shim is not enhanced.

------------------------------------------------------------------------------------------------------------------------

[2021-12-27 20:18:42 #1 store] 
Database 'D:\Java\Projects\ORMDatabase\src\main\resources\odb\db\shimstack.odb' has been recovered (tr. 83-83)

[2021-12-27 20:18:42 #2 store] 
Database 'D:\Java\Projects\ORMDatabase\src\main\resources\odb\db\shimstack.odb' is opened by 14852@DmitrievAS

[2021-12-27 20:18:42 #3 store] 
Configuration path: ?

[2021-12-27 20:18:42 #4 type] 
Type ormdatabase.model.Record is not enhanced.

[2021-12-27 20:18:42 #5 type] 
Type ormdatabase.model.ShimStackSet is not enhanced.

[2021-12-27 20:18:42 #6 type] 
Type ormdatabase.model.StackPair is not enhanced.

[2021-12-27 20:18:42 #7 type] 
Type ormdatabase.model.ReboundStack is not enhanced.

[2021-12-27 20:18:42 #8 type] 
Type ormdatabase.model.CompressionStack is not enhanced.

[2021-12-27 20:18:42 #9 type] 
Type ormdatabase.model.Shim is not enhanced.

------------------------------------------------------------------------------------------------------------------------

[2021-12-27 20:19:57 #1 store] 
Database 'D:\Java\Projects\ORMDatabase\src\main\resources\odb\db\shimstack.odb' has been recovered (tr. 84-84)

[2021-12-27 20:19:57 #2 store] 
Database 'D:\Java\Projects\ORMDatabase\src\main\resources\odb\db\shimstack.odb' is opened by 9296@DmitrievAS

[2021-12-27 20:19:57 #3 store] 
Configuration path: ?

[2021-12-27 20:19:57 #4 type] 
Type ormdatabase.model.Record is not enhanced.

[2021-12-27 20:19:57 #5 type] 
Type ormdatabase.model.ShimStackSet is not enhanced.

[2021-12-27 20:19:57 #6 type] 
Type ormdatabase.model.StackPair is not enhanced.

[2021-12-27 20:19:57 #7 type] 
Type ormdatabase.model.ReboundStack is not enhanced.

[2021-12-27 20:19:57 #8 type] 
Type ormdatabase.model.CompressionStack is not enhanced.

[2021-12-27 20:19:57 #9 type] 
Type ormdatabase.model.Shim is not enhanced.

------------------------------------------------------------------------------------------------------------------------

[2021-12-27 20:27:53 #1 store] 
Database 'D:\Java\Projects\ORMDatabase\src\main\resources\odb\db\shimstack.odb' has been recovered (tr. 85-85)

[2021-12-27 20:27:53 #2 store] 
Database 'D:\Java\Projects\ORMDatabase\src\main\resources\odb\db\shimstack.odb' is opened by 7860@DmitrievAS

[2021-12-27 20:27:53 #3 store] 
Configuration path: ?

[2021-12-27 20:27:53 #4 type] 
Type ormdatabase.model.Record is not enhanced.

[2021-12-27 20:27:53 #5 type] 
Type ormdatabase.model.ShimStackSet is not enhanced.

[2021-12-27 20:27:53 #6 type] 
Type ormdatabase.model.StackPair is not enhanced.

[2021-12-27 20:27:53 #7 type] 
Type ormdatabase.model.ReboundStack is not enhanced.

[2021-12-27 20:27:53 #8 type] 
Type ormdatabase.model.CompressionStack is not enhanced.

[2021-12-27 20:27:53 #9 type] 
Type ormdatabase.model.Shim is not enhanced.

------------------------------------------------------------------------------------------------------------------------

[2021-12-27 20:28:30 #1 store] 
Database 'D:\Java\Projects\ORMDatabase\src\main\resources\odb\db\shimstack.odb' has been recovered (tr. 86-86)

[2021-12-27 20:28:30 #2 store] 
Database 'D:\Java\Projects\ORMDatabase\src\main\resources\odb\db\shimstack.odb' is opened by 12668@DmitrievAS

[2021-12-27 20:28:30 #3 store] 
Configuration path: ?

[2021-12-27 20:28:30 #4 type] 
Type ormdatabase.model.Record is not enhanced.

[2021-12-27 20:28:30 #5 type] 
Type ormdatabase.model.ShimStackSet is not enhanced.

[2021-12-27 20:28:30 #6 type] 
Type ormdatabase.model.StackPair is not enhanced.

[2021-12-27 20:28:30 #7 type] 
Type ormdatabase.model.ReboundStack is not enhanced.

[2021-12-27 20:28:30 #8 type] 
Type ormdatabase.model.CompressionStack is not enhanced.

[2021-12-27 20:28:30 #9 type] 
Type ormdatabase.model.Shim is not enhanced.

------------------------------------------------------------------------------------------------------------------------

[2021-12-27 20:28:52 #1 store] 
Database 'D:\Java\Projects\ORMDatabase\src\main\resources\odb\db\shimstack.odb' has been recovered (tr. 87-87)

[2021-12-27 20:28:52 #2 store] 
Database 'D:\Java\Projects\ORMDatabase\src\main\resources\odb\db\shimstack.odb' is opened by 12576@DmitrievAS

[2021-12-27 20:28:52 #3 store] 
Configuration path: ?

[2021-12-27 20:28:52 #4 type] 
Type ormdatabase.model.Record is not enhanced.

[2021-12-27 20:28:52 #5 type] 
Type ormdatabase.model.ShimStackSet is not enhanced.

[2021-12-27 20:28:52 #6 type] 
Type ormdatabase.model.StackPair is not enhanced.

[2021-12-27 20:28:52 #7 type] 
Type ormdatabase.model.ReboundStack is not enhanced.

[2021-12-27 20:28:52 #8 type] 
Type ormdatabase.model.CompressionStack is not enhanced.

[2021-12-27 20:28:52 #9 type] 
Type ormdatabase.model.Shim is not enhanced.

------------------------------------------------------------------------------------------------------------------------

[2021-12-27 20:39:22 #1 store] 
Database 'D:\Java\Projects\ORMDatabase\src\main\resources\odb\db\shimstack.odb' has been recovered (tr. 88-88)

[2021-12-27 20:39:22 #2 store] 
Database 'D:\Java\Projects\ORMDatabase\src\main\resources\odb\db\shimstack.odb' is opened by 14480@DmitrievAS

[2021-12-27 20:39:22 #3 store] 
Configuration path: ?

[2021-12-27 20:39:22 #4 type] 
Type ormdatabase.model.Record is not enhanced.

[2021-12-27 20:39:22 #5 type] 
Type ormdatabase.model.ShimStackSet is not enhanced.

[2021-12-27 20:39:22 #6 type] 
Type ormdatabase.model.StackPair is not enhanced.

[2021-12-27 20:39:22 #7 type] 
Type ormdatabase.model.ReboundStack is not enhanced.

[2021-12-27 20:39:22 #8 type] 
Type ormdatabase.model.CompressionStack is not enhanced.

[2021-12-27 20:39:22 #9 type] 
Type ormdatabase.model.Shim is not enhanced.

------------------------------------------------------------------------------------------------------------------------

[2021-12-27 20:39:42 #1 store] 
Database 'D:\Java\Projects\ORMDatabase\src\main\resources\odb\db\shimstack.odb' has been recovered (tr. 89-90)

[2021-12-27 20:39:42 #2 store] 
Database 'D:\Java\Projects\ORMDatabase\src\main\resources\odb\db\shimstack.odb' is opened by 11452@DmitrievAS

[2021-12-27 20:39:42 #3 store] 
Configuration path: ?

[2021-12-27 20:39:42 #4 type] 
Type ormdatabase.model.Record is not enhanced.

[2021-12-27 20:39:42 #5 type] 
Type ormdatabase.model.ShimStackSet is not enhanced.

[2021-12-27 20:39:42 #6 type] 
Type ormdatabase.model.StackPair is not enhanced.

[2021-12-27 20:39:42 #7 type] 
Type ormdatabase.model.ReboundStack is not enhanced.

[2021-12-27 20:39:42 #8 type] 
Type ormdatabase.model.CompressionStack is not enhanced.

[2021-12-27 20:39:42 #9 type] 
Type ormdatabase.model.Shim is not enhanced.

------------------------------------------------------------------------------------------------------------------------

[2021-12-27 20:57:44 #1 store] 
Database 'D:\Java\Projects\ORMDatabase\src\main\resources\odb\db\shimstack.odb' has been recovered (tr. 91-92)

[2021-12-27 20:57:44 #2 store] 
Database 'D:\Java\Projects\ORMDatabase\src\main\resources\odb\db\shimstack.odb' is opened by 10908@DmitrievAS

[2021-12-27 20:57:44 #3 store] 
Configuration path: ?

[2021-12-27 20:57:44 #4 type] 
Type ormdatabase.model.Record is not enhanced.

[2021-12-27 20:57:44 #5 type] 
Type ormdatabase.model.ShimStackSet is not enhanced.

[2021-12-27 20:57:44 #6 type] 
Type ormdatabase.model.StackPair is not enhanced.

[2021-12-27 20:57:44 #7 type] 
Type ormdatabase.model.ReboundStack is not enhanced.

[2021-12-27 20:57:44 #8 type] 
Type ormdatabase.model.CompressionStack is not enhanced.

[2021-12-27 20:57:44 #9 type] 
Type ormdatabase.model.Shim is not enhanced.

------------------------------------------------------------------------------------------------------------------------

[2021-12-27 21:05:59 #1 store] 
Database 'D:\Java\Projects\ORMDatabase\src\main\resources\odb\db\shimstack.odb' has been recovered (tr. 93-94)

[2021-12-27 21:05:59 #2 store] 
Database 'D:\Java\Projects\ORMDatabase\src\main\resources\odb\db\shimstack.odb' is opened by 7912@DmitrievAS

[2021-12-27 21:05:59 #3 store] 
Configuration path: ?

[2021-12-27 21:05:59 #4 type] 
Type ormdatabase.model.Record is not enhanced.

[2021-12-27 21:05:59 #5 type] 
Type ormdatabase.model.ShimStackSet is not enhanced.

[2021-12-27 21:05:59 #6 type] 
Type ormdatabase.model.StackPair is not enhanced.

[2021-12-27 21:05:59 #7 type] 
Type ormdatabase.model.ReboundStack is not enhanced.

[2021-12-27 21:05:59 #8 type] 
Type ormdatabase.model.CompressionStack is not enhanced.

[2021-12-27 21:05:59 #9 type] 
Type ormdatabase.model.Shim is not enhanced.

------------------------------------------------------------------------------------------------------------------------

[2021-12-27 21:07:05 #1 store] 
Database 'D:\Java\Projects\ORMDatabase\src\main\resources\odb\db\shimstack.odb' has been recovered (tr. 95-95)

[2021-12-27 21:07:05 #2 store] 
Database 'D:\Java\Projects\ORMDatabase\src\main\resources\odb\db\shimstack.odb' is opened by 584@DmitrievAS

[2021-12-27 21:07:05 #3 store] 
Configuration path: ?

[2021-12-27 21:07:05 #4 type] 
Type ormdatabase.model.Record is not enhanced.

[2021-12-27 21:07:05 #5 type] 
Type ormdatabase.model.ShimStackSet is not enhanced.

[2021-12-27 21:07:05 #6 type] 
Type ormdatabase.model.StackPair is not enhanced.

[2021-12-27 21:07:05 #7 type] 
Type ormdatabase.model.ReboundStack is not enhanced.

[2021-12-27 21:07:05 #8 type] 
Type ormdatabase.model.CompressionStack is not enhanced.

[2021-12-27 21:07:05 #9 type] 
Type ormdatabase.model.Shim is not enhanced.

------------------------------------------------------------------------------------------------------------------------

[2021-12-27 21:08:18 #1 store] 
Database 'D:\Java\Projects\ORMDatabase\src\main\resources\odb\db\shimstack.odb' has been recovered (tr. 96-96)

[2021-12-27 21:08:18 #2 store] 
Database 'D:\Java\Projects\ORMDatabase\src\main\resources\odb\db\shimstack.odb' is opened by 13300@DmitrievAS

[2021-12-27 21:08:18 #3 store] 
Configuration path: ?

[2021-12-27 21:08:18 #4 type] 
Type ormdatabase.model.Record is not enhanced.

[2021-12-27 21:08:18 #5 type] 
Type ormdatabase.model.ShimStackSet is not enhanced.

[2021-12-27 21:08:18 #6 type] 
Type ormdatabase.model.StackPair is not enhanced.

[2021-12-27 21:08:18 #7 type] 
Type ormdatabase.model.ReboundStack is not enhanced.

[2021-12-27 21:08:18 #8 type] 
Type ormdatabase.model.CompressionStack is not enhanced.

[2021-12-27 21:08:18 #9 type] 
Type ormdatabase.model.Shim is not enhanced.

------------------------------------------------------------------------------------------------------------------------

[2021-12-27 21:09:17 #1 store] 
Database 'D:\Java\Projects\ORMDatabase\src\main\resources\odb\db\shimstack.odb' has been recovered (tr. 97-97)

[2021-12-27 21:09:17 #2 store] 
Database 'D:\Java\Projects\ORMDatabase\src\main\resources\odb\db\shimstack.odb' is opened by 5640@DmitrievAS

[2021-12-27 21:09:17 #3 store] 
Configuration path: ?

[2021-12-27 21:09:17 #4 type] 
Type ormdatabase.model.Record is not enhanced.

[2021-12-27 21:09:17 #5 type] 
Type ormdatabase.model.ShimStackSet is not enhanced.

[2021-12-27 21:09:17 #6 type] 
Type ormdatabase.model.StackPair is not enhanced.

[2021-12-27 21:09:17 #7 type] 
Type ormdatabase.model.ReboundStack is not enhanced.

[2021-12-27 21:09:17 #8 type] 
Type ormdatabase.model.CompressionStack is not enhanced.

[2021-12-27 21:09:17 #9 type] 
Type ormdatabase.model.Shim is not enhanced.

------------------------------------------------------------------------------------------------------------------------

[2021-12-27 21:12:20 #1 store] 
Database 'D:\Java\Projects\ORMDatabase\src\main\resources\odb\db\shimstack.odb' has been recovered (tr. 98-98)

[2021-12-27 21:12:20 #2 store] 
Database 'D:\Java\Projects\ORMDatabase\src\main\resources\odb\db\shimstack.odb' is opened by 8648@DmitrievAS

[2021-12-27 21:12:20 #3 store] 
Configuration path: ?

[2021-12-27 21:12:20 #4 type] 
Type ormdatabase.model.Record is not enhanced.

[2021-12-27 21:12:20 #5 type] 
Type ormdatabase.model.ShimStackSet is not enhanced.

[2021-12-27 21:12:20 #6 type] 
Type ormdatabase.model.StackPair is not enhanced.

[2021-12-27 21:12:20 #7 type] 
Type ormdatabase.model.ReboundStack is not enhanced.

[2021-12-27 21:12:20 #8 type] 
Type ormdatabase.model.CompressionStack is not enhanced.

[2021-12-27 21:12:20 #9 type] 
Type ormdatabase.model.Shim is not enhanced.

------------------------------------------------------------------------------------------------------------------------

[2021-12-27 21:14:24 #1 store] 
Database 'D:\Java\Projects\ORMDatabase\src\main\resources\odb\db\shimstack.odb' has been recovered (tr. 99-99)

[2021-12-27 21:14:24 #2 store] 
Database 'D:\Java\Projects\ORMDatabase\src\main\resources\odb\db\shimstack.odb' is opened by 13600@DmitrievAS

[2021-12-27 21:14:24 #3 store] 
Configuration path: ?

[2021-12-27 21:14:24 #4 type] 
Type ormdatabase.model.Record is not enhanced.

[2021-12-27 21:14:24 #5 type] 
Type ormdatabase.model.ShimStackSet is not enhanced.

[2021-12-27 21:14:24 #6 type] 
Type ormdatabase.model.StackPair is not enhanced.

[2021-12-27 21:14:24 #7 type] 
Type ormdatabase.model.ReboundStack is not enhanced.

[2021-12-27 21:14:24 #8 type] 
Type ormdatabase.model.CompressionStack is not enhanced.

[2021-12-27 21:14:24 #9 type] 
Type ormdatabase.model.Shim is not enhanced.

------------------------------------------------------------------------------------------------------------------------

[2021-12-27 21:15:33 #1 store] 
Database 'D:\Java\Projects\ORMDatabase\src\main\resources\odb\db\shimstack.odb' has been recovered (tr. 100-100)

[2021-12-27 21:15:33 #2 store] 
Database 'D:\Java\Projects\ORMDatabase\src\main\resources\odb\db\shimstack.odb' is opened by 11480@DmitrievAS

[2021-12-27 21:15:33 #3 store] 
Configuration path: ?

[2021-12-27 21:15:33 #4 type] 
Type ormdatabase.model.Record is not enhanced.

[2021-12-27 21:15:33 #5 type] 
Type ormdatabase.model.ShimStackSet is not enhanced.

[2021-12-27 21:15:33 #6 type] 
Type ormdatabase.model.StackPair is not enhanced.

[2021-12-27 21:15:33 #7 type] 
Type ormdatabase.model.ReboundStack is not enhanced.

[2021-12-27 21:15:33 #8 type] 
Type ormdatabase.model.CompressionStack is not enhanced.

[2021-12-27 21:15:33 #9 type] 
Type ormdatabase.model.Shim is not enhanced.

------------------------------------------------------------------------------------------------------------------------

[2021-12-27 21:20:41 #1 store] 
Database 'D:\Java\Projects\ORMDatabase\src\main\resources\odb\db\shimstack.odb' has been recovered (tr. 101-101)

[2021-12-27 21:20:42 #2 store] 
Database 'D:\Java\Projects\ORMDatabase\src\main\resources\odb\db\shimstack.odb' is opened by 6424@DmitrievAS

[2021-12-27 21:20:42 #3 store] 
Configuration path: ?

[2021-12-27 21:20:42 #4 type] 
Type ormdatabase.model.Record is not enhanced.

[2021-12-27 21:20:42 #5 type] 
Type ormdatabase.model.ShimStackSet is not enhanced.

[2021-12-27 21:20:42 #6 type] 
Type ormdatabase.model.StackPair is not enhanced.

[2021-12-27 21:20:42 #7 type] 
Type ormdatabase.model.ReboundStack is not enhanced.

[2021-12-27 21:20:42 #8 type] 
Type ormdatabase.model.CompressionStack is not enhanced.

[2021-12-27 21:20:42 #9 type] 
Type ormdatabase.model.Shim is not enhanced.

------------------------------------------------------------------------------------------------------------------------

[2021-12-27 21:25:42 #1 store] 
Database 'D:\Java\Projects\ORMDatabase\src\main\resources\odb\db\shimstack.odb' has been recovered (tr. 102-102)

[2021-12-27 21:25:42 #2 store] 
Database 'D:\Java\Projects\ORMDatabase\src\main\resources\odb\db\shimstack.odb' is opened by 14272@DmitrievAS

[2021-12-27 21:25:42 #3 store] 
Configuration path: ?

[2021-12-27 21:25:42 #4 type] 
Type ormdatabase.model.Record is not enhanced.

[2021-12-27 21:25:42 #5 type] 
Type ormdatabase.model.ShimStackSet is not enhanced.

[2021-12-27 21:25:42 #6 type] 
Type ormdatabase.model.StackPair is not enhanced.

[2021-12-27 21:25:42 #7 type] 
Type ormdatabase.model.ReboundStack is not enhanced.

[2021-12-27 21:25:42 #8 type] 
Type ormdatabase.model.CompressionStack is not enhanced.

[2021-12-27 21:25:42 #9 type] 
Type ormdatabase.model.Shim is not enhanced.

------------------------------------------------------------------------------------------------------------------------

[2021-12-27 21:30:11 #1 store] 
Database 'D:\Java\Projects\ORMDatabase\src\main\resources\odb\db\shimstack.odb' has been recovered (tr. 103-103)

[2021-12-27 21:30:11 #2 store] 
Database 'D:\Java\Projects\ORMDatabase\src\main\resources\odb\db\shimstack.odb' is opened by 8696@DmitrievAS

[2021-12-27 21:30:11 #3 store] 
Configuration path: ?

[2021-12-27 21:30:11 #4 type] 
Type ormdatabase.model.Record is not enhanced.

[2021-12-27 21:30:11 #5 type] 
Type ormdatabase.model.ShimStackSet is not enhanced.

[2021-12-27 21:30:11 #6 type] 
Type ormdatabase.model.StackPair is not enhanced.

[2021-12-27 21:30:11 #7 type] 
Type ormdatabase.model.ReboundStack is not enhanced.

[2021-12-27 21:30:11 #8 type] 
Type ormdatabase.model.CompressionStack is not enhanced.

[2021-12-27 21:30:11 #9 type] 
Type ormdatabase.model.Shim is not enhanced.

------------------------------------------------------------------------------------------------------------------------

[2021-12-27 21:31:05 #1 store] 
Database 'D:\Java\Projects\ORMDatabase\src\main\resources\odb\db\shimstack.odb' has been recovered (tr. 104-104)

[2021-12-27 21:31:05 #2 store] 
Database 'D:\Java\Projects\ORMDatabase\src\main\resources\odb\db\shimstack.odb' is opened by 14508@DmitrievAS

[2021-12-27 21:31:05 #3 store] 
Configuration path: ?

[2021-12-27 21:31:06 #4 type] 
Type ormdatabase.model.Record is not enhanced.

[2021-12-27 21:31:06 #5 type] 
Type ormdatabase.model.ShimStackSet is not enhanced.

[2021-12-27 21:31:06 #6 type] 
Type ormdatabase.model.StackPair is not enhanced.

[2021-12-27 21:31:06 #7 type] 
Type ormdatabase.model.ReboundStack is not enhanced.

[2021-12-27 21:31:06 #8 type] 
Type ormdatabase.model.CompressionStack is not enhanced.

[2021-12-27 21:31:06 #9 type] 
Type ormdatabase.model.Shim is not enhanced.

------------------------------------------------------------------------------------------------------------------------

[2021-12-27 21:31:45 #1 store] 
Database 'D:\Java\Projects\ORMDatabase\src\main\resources\odb\db\shimstack.odb' has been recovered (tr. 105-105)

[2021-12-27 21:31:45 #2 store] 
Database 'D:\Java\Projects\ORMDatabase\src\main\resources\odb\db\shimstack.odb' is opened by 10548@DmitrievAS

[2021-12-27 21:31:45 #3 store] 
Configuration path: ?

[2021-12-27 21:31:45 #4 type] 
Type ormdatabase.model.Record is not enhanced.

[2021-12-27 21:31:45 #5 type] 
Type ormdatabase.model.ShimStackSet is not enhanced.

[2021-12-27 21:31:45 #6 type] 
Type ormdatabase.model.StackPair is not enhanced.

[2021-12-27 21:31:45 #7 type] 
Type ormdatabase.model.ReboundStack is not enhanced.

[2021-12-27 21:31:45 #8 type] 
Type ormdatabase.model.CompressionStack is not enhanced.

[2021-12-27 21:31:45 #9 type] 
Type ormdatabase.model.Shim is not enhanced.

------------------------------------------------------------------------------------------------------------------------

[2021-12-27 21:59:02 #1 store] 
Database 'D:\Java\Projects\ORMDatabase\src\main\resources\odb\db\shimstack.odb' has been recovered (tr. 106-106)

[2021-12-27 21:59:02 #2 store] 
Database 'D:\Java\Projects\ORMDatabase\src\main\resources\odb\db\shimstack.odb' is opened by 7272@DmitrievAS

[2021-12-27 21:59:02 #3 store] 
Configuration path: ?

[2021-12-27 21:59:02 #4 type] 
Type ormdatabase.model.Record is not enhanced.

[2021-12-27 21:59:02 #5 type] 
Type ormdatabase.model.ShimStackSet is not enhanced.

[2021-12-27 21:59:02 #6 type] 
Type ormdatabase.model.StackPair is not enhanced.

[2021-12-27 21:59:02 #7 type] 
Type ormdatabase.model.ReboundStack is not enhanced.

[2021-12-27 21:59:02 #8 type] 
Type ormdatabase.model.CompressionStack is not enhanced.

[2021-12-27 21:59:02 #9 type] 
Type ormdatabase.model.Shim is not enhanced.

------------------------------------------------------------------------------------------------------------------------

[2021-12-27 21:59:24 #1 store] 
Database 'D:\Java\Projects\ORMDatabase\src\main\resources\odb\db\shimstack.odb' has been recovered (tr. 107-107)

[2021-12-27 21:59:24 #2 store] 
Database 'D:\Java\Projects\ORMDatabase\src\main\resources\odb\db\shimstack.odb' is opened by 6868@DmitrievAS

[2021-12-27 21:59:24 #3 store] 
Configuration path: ?

[2021-12-27 21:59:24 #4 type] 
Type ormdatabase.model.Record is not enhanced.

[2021-12-27 21:59:24 #5 type] 
Type ormdatabase.model.ShimStackSet is not enhanced.

[2021-12-27 21:59:24 #6 type] 
Type ormdatabase.model.StackPair is not enhanced.

[2021-12-27 21:59:24 #7 type] 
Type ormdatabase.model.ReboundStack is not enhanced.

[2021-12-27 21:59:24 #8 type] 
Type ormdatabase.model.CompressionStack is not enhanced.

[2021-12-27 21:59:24 #9 type] 
Type ormdatabase.model.Shim is not enhanced.

------------------------------------------------------------------------------------------------------------------------

[2021-12-27 22:00:46 #1 store] 
Database 'D:\Java\Projects\ORMDatabase\src\main\resources\odb\db\shimstack.odb' has been recovered (tr. 108-108)

[2021-12-27 22:00:46 #2 store] 
Database 'D:\Java\Projects\ORMDatabase\src\main\resources\odb\db\shimstack.odb' is opened by 12492@DmitrievAS

[2021-12-27 22:00:46 #3 store] 
Configuration path: ?

[2021-12-27 22:00:46 #4 type] 
Type ormdatabase.model.Record is not enhanced.

[2021-12-27 22:00:46 #5 type] 
Type ormdatabase.model.ShimStackSet is not enhanced.

[2021-12-27 22:00:46 #6 type] 
Type ormdatabase.model.StackPair is not enhanced.

[2021-12-27 22:00:46 #7 type] 
Type ormdatabase.model.ReboundStack is not enhanced.

[2021-12-27 22:00:46 #8 type] 
Type ormdatabase.model.CompressionStack is not enhanced.

[2021-12-27 22:00:46 #9 type] 
Type ormdatabase.model.Shim is not enhanced.

------------------------------------------------------------------------------------------------------------------------

[2021-12-27 22:03:14 #1 store] 
Database 'D:\Java\Projects\ORMDatabase\src\main\resources\odb\db\shimstack.odb' has been recovered (tr. 109-109)

[2021-12-27 22:03:14 #2 store] 
Database 'D:\Java\Projects\ORMDatabase\src\main\resources\odb\db\shimstack.odb' is opened by 8392@DmitrievAS

[2021-12-27 22:03:14 #3 store] 
Configuration path: ?

[2021-12-27 22:03:14 #4 type] 
Type ormdatabase.model.Record is not enhanced.

[2021-12-27 22:03:14 #5 type] 
Type ormdatabase.model.ShimStackSet is not enhanced.

[2021-12-27 22:03:14 #6 type] 
Type ormdatabase.model.StackPair is not enhanced.

[2021-12-27 22:03:14 #7 type] 
Type ormdatabase.model.ReboundStack is not enhanced.

[2021-12-27 22:03:14 #8 type] 
Type ormdatabase.model.CompressionStack is not enhanced.

[2021-12-27 22:03:14 #9 type] 
Type ormdatabase.model.Shim is not enhanced.

------------------------------------------------------------------------------------------------------------------------

[2021-12-27 22:04:22 #1 store] 
Database 'D:\Java\Projects\ORMDatabase\src\main\resources\odb\db\shimstack.odb' has been recovered (tr. 110-110)

[2021-12-27 22:04:22 #2 store] 
Database 'D:\Java\Projects\ORMDatabase\src\main\resources\odb\db\shimstack.odb' is opened by 12980@DmitrievAS

[2021-12-27 22:04:22 #3 store] 
Configuration path: ?

[2021-12-27 22:04:22 #4 type] 
Type ormdatabase.model.Record is not enhanced.

[2021-12-27 22:04:22 #5 type] 
Type ormdatabase.model.ShimStackSet is not enhanced.

[2021-12-27 22:04:22 #6 type] 
Type ormdatabase.model.StackPair is not enhanced.

[2021-12-27 22:04:22 #7 type] 
Type ormdatabase.model.ReboundStack is not enhanced.

[2021-12-27 22:04:22 #8 type] 
Type ormdatabase.model.CompressionStack is not enhanced.

[2021-12-27 22:04:22 #9 type] 
Type ormdatabase.model.Shim is not enhanced.

------------------------------------------------------------------------------------------------------------------------

[2021-12-27 22:05:38 #1 store] 
Database 'D:\Java\Projects\ORMDatabase\src\main\resources\odb\db\shimstack.odb' has been recovered (tr. 111-111)

[2021-12-27 22:05:38 #2 store] 
Database 'D:\Java\Projects\ORMDatabase\src\main\resources\odb\db\shimstack.odb' is opened by 11036@DmitrievAS

[2021-12-27 22:05:38 #3 store] 
Configuration path: ?

[2021-12-27 22:05:38 #4 type] 
Type ormdatabase.model.Record is not enhanced.

[2021-12-27 22:05:38 #5 type] 
Type ormdatabase.model.ShimStackSet is not enhanced.

[2021-12-27 22:05:38 #6 type] 
Type ormdatabase.model.StackPair is not enhanced.

[2021-12-27 22:05:38 #7 type] 
Type ormdatabase.model.ReboundStack is not enhanced.

[2021-12-27 22:05:38 #8 type] 
Type ormdatabase.model.CompressionStack is not enhanced.

[2021-12-27 22:05:38 #9 type] 
Type ormdatabase.model.Shim is not enhanced.

------------------------------------------------------------------------------------------------------------------------

[2021-12-27 22:06:32 #1 store] 
Database 'D:\Java\Projects\ORMDatabase\src\main\resources\odb\db\shimstack.odb' has been recovered (tr. 112-112)

[2021-12-27 22:06:32 #2 store] 
Database 'D:\Java\Projects\ORMDatabase\src\main\resources\odb\db\shimstack.odb' is opened by 8684@DmitrievAS

[2021-12-27 22:06:32 #3 store] 
Configuration path: ?

[2021-12-27 22:06:32 #4 type] 
Type ormdatabase.model.Record is not enhanced.

[2021-12-27 22:06:32 #5 type] 
Type ormdatabase.model.ShimStackSet is not enhanced.

[2021-12-27 22:06:32 #6 type] 
Type ormdatabase.model.StackPair is not enhanced.

[2021-12-27 22:06:32 #7 type] 
Type ormdatabase.model.ReboundStack is not enhanced.

[2021-12-27 22:06:32 #8 type] 
Type ormdatabase.model.CompressionStack is not enhanced.

[2021-12-27 22:06:32 #9 type] 
Type ormdatabase.model.Shim is not enhanced.

------------------------------------------------------------------------------------------------------------------------

[2021-12-27 22:08:19 #1 store] 
Database 'D:\Java\Projects\ORMDatabase\src\main\resources\odb\db\shimstack.odb' has been recovered (tr. 113-113)

[2021-12-27 22:08:19 #2 store] 
Database 'D:\Java\Projects\ORMDatabase\src\main\resources\odb\db\shimstack.odb' is opened by 13624@DmitrievAS

[2021-12-27 22:08:19 #3 store] 
Configuration path: ?

[2021-12-27 22:08:19 #4 type] 
Type ormdatabase.model.Record is not enhanced.

[2021-12-27 22:08:19 #5 type] 
Type ormdatabase.model.ShimStackSet is not enhanced.

[2021-12-27 22:08:19 #6 type] 
Type ormdatabase.model.StackPair is not enhanced.

[2021-12-27 22:08:19 #7 type] 
Type ormdatabase.model.ReboundStack is not enhanced.

[2021-12-27 22:08:19 #8 type] 
Type ormdatabase.model.CompressionStack is not enhanced.

[2021-12-27 22:08:19 #9 type] 
Type ormdatabase.model.Shim is not enhanced.

------------------------------------------------------------------------------------------------------------------------

[2021-12-27 22:49:29 #1 store] 
Database 'D:\Java\Projects\ORMDatabase\src\main\resources\odb\db\shimstack.odb' has been recovered (tr. 114-114)

[2021-12-27 22:49:29 #2 store] 
Database 'D:\Java\Projects\ORMDatabase\src\main\resources\odb\db\shimstack.odb' is opened by 2320@DmitrievAS

[2021-12-27 22:49:29 #3 store] 
Configuration path: ?

[2021-12-27 22:49:29 #4 type] 
Type ormdatabase.model.Record is not enhanced.

[2021-12-27 22:49:29 #5 type] 
Type ormdatabase.model.ShimStackSet is not enhanced.

[2021-12-27 22:49:29 #6 type] 
Type ormdatabase.model.StackPair is not enhanced.

[2021-12-27 22:49:29 #7 type] 
Type ormdatabase.model.ReboundStack is not enhanced.

[2021-12-27 22:49:29 #8 type] 
Type ormdatabase.model.CompressionStack is not enhanced.

[2021-12-27 22:49:29 #9 type] 
Type ormdatabase.model.Shim is not enhanced.

------------------------------------------------------------------------------------------------------------------------

[2021-12-27 22:50:58 #1 store] 
Database 'D:\Java\Projects\ORMDatabase\src\main\resources\odb\db\shimstack.odb' has been recovered (tr. 115-115)

[2021-12-27 22:50:58 #2 store] 
Database 'D:\Java\Projects\ORMDatabase\src\main\resources\odb\db\shimstack.odb' is opened by 9192@DmitrievAS

[2021-12-27 22:50:58 #3 store] 
Configuration path: ?

[2021-12-27 22:50:58 #4 type] 
Type ormdatabase.model.Record is not enhanced.

[2021-12-27 22:50:58 #5 type] 
Type ormdatabase.model.ShimStackSet is not enhanced.

[2021-12-27 22:50:58 #6 type] 
Type ormdatabase.model.StackPair is not enhanced.

[2021-12-27 22:50:58 #7 type] 
Type ormdatabase.model.ReboundStack is not enhanced.

[2021-12-27 22:50:58 #8 type] 
Type ormdatabase.model.CompressionStack is not enhanced.

[2021-12-27 22:50:58 #9 type] 
Type ormdatabase.model.Shim is not enhanced.

