------------------------------------------------------------------------------------------------------------------------

[2021-12-25 00:01:25 #1 store] 
Database 'D:\Java\Projects\ORMDatabase\src\main\resources\odb\db\shimstack.odb' has been recovered (tr. 10-10)

[2021-12-25 00:01:25 #2 store] 
Database 'D:\Java\Projects\ORMDatabase\src\main\resources\odb\db\shimstack.odb' is opened by 15220@DmitrievAS

[2021-12-25 00:01:25 #3 store] 
Configuration path: ?

[2021-12-25 00:01:25 #4 type] 
Type ormdatabase.model.Record is not enhanced.

[2021-12-25 00:01:25 #5 type] 
Type ormdatabase.model.ShimStackSet is not enhanced.

[2021-12-25 00:01:25 #6 type] 
Type ormdatabase.model.StackPair is not enhanced.

[2021-12-25 00:01:25 #7 type] 
Type ormdatabase.model.ReboundStack is not enhanced.

[2021-12-25 00:01:25 #8 type] 
Type ormdatabase.model.CompressionStack is not enhanced.

[2021-12-25 00:01:25 #9 type] 
Type ormdatabase.model.Shim is not enhanced.

------------------------------------------------------------------------------------------------------------------------

[2021-12-25 00:02:20 #1 store] 
Database 'D:\Java\Projects\ORMDatabase\src\main\resources\odb\db\shimstack.odb' has been recovered (tr. 11-11)

[2021-12-25 00:02:20 #2 store] 
Database 'D:\Java\Projects\ORMDatabase\src\main\resources\odb\db\shimstack.odb' is opened by 2148@DmitrievAS

[2021-12-25 00:02:20 #3 store] 
Configuration path: ?

[2021-12-25 00:02:20 #4 type] 
Type ormdatabase.model.Record is not enhanced.

[2021-12-25 00:02:20 #5 type] 
Type ormdatabase.model.ShimStackSet is not enhanced.

[2021-12-25 00:02:20 #6 type] 
Type ormdatabase.model.StackPair is not enhanced.

[2021-12-25 00:02:21 #7 type] 
Type ormdatabase.model.ReboundStack is not enhanced.

[2021-12-25 00:02:21 #8 type] 
Type ormdatabase.model.CompressionStack is not enhanced.

[2021-12-25 00:02:21 #9 type] 
Type ormdatabase.model.Shim is not enhanced.

