------------------------------------------------------------------------------------------------------------------------

[2022-01-17 10:54:48 #1 store] 
Database 'D:\Java\Projects\ORMDatabase\odb\db\shimstack.odb' is opened by 12200@DmitrievAS

[2022-01-17 10:54:48 #2 store] 
Configuration path: ?

[2022-01-17 10:54:48 #3 type.registry] 
New type ormdatabase.entity.Record

[2022-01-17 10:54:48 #4 type] 
Type ormdatabase.entity.Record is not enhanced.

[2022-01-17 10:54:48 #5 type.registry] 
New type ormdatabase.entity.ShimStackSet

[2022-01-17 10:54:48 #6 type] 
Type ormdatabase.entity.ShimStackSet is not enhanced.

[2022-01-17 10:54:48 #7 type.registry] 
New type ormdatabase.entity.StackPair

[2022-01-17 10:54:48 #8 type] 
Type ormdatabase.entity.StackPair is not enhanced.

[2022-01-17 10:54:48 #9 type.registry] 
New type ormdatabase.entity.CompressionStack

[2022-01-17 10:54:48 #10 type.registry] 
New type ormdatabase.entity.ReboundStack

[2022-01-17 10:54:48 #11 type] 
Type ormdatabase.entity.CompressionStack is not enhanced.

[2022-01-17 10:54:48 #12 type.registry] 
New type ormdatabase.entity.Shim

[2022-01-17 10:54:48 #13 type] 
Type ormdatabase.entity.ReboundStack is not enhanced.

[2022-01-17 10:54:48 #14 type] 
Type ormdatabase.entity.Shim is not enhanced.

[2022-01-17 10:54:49 #15 store] 
Database 'D:\Java\Projects\ORMDatabase\odb\db\shimstack.odb' is closed by 12200@DmitrievAS

