------------------------------------------------------------------------------------------------------------------------

[2021-12-24 14:27:37 #1 store] 
Database 'D:\Java\Projects\ORMDatabase\src\main\resources\odb\db\shimstack.odb' has been recovered (tr. 1-4)

[2021-12-24 14:27:38 #2 store] 
Database 'D:\Java\Projects\ORMDatabase\src\main\resources\odb\db\shimstack.odb' is opened by 13712@DmitrievAS

[2021-12-24 14:27:38 #3 store] 
Configuration path: ?

[2021-12-24 14:27:38 #4 type.registry] 
New type ormdatabase.model.Record

[2021-12-24 14:27:38 #5 type] 
Type ormdatabase.model.Record is not enhanced.

------------------------------------------------------------------------------------------------------------------------

[2021-12-24 14:28:46 #1 store] 
Database 'D:\Java\Projects\ORMDatabase\src\main\resources\odb\db\shimstack.odb' is opened by 13672@DmitrievAS

[2021-12-24 14:28:46 #2 store] 
Configuration path: ?

[2021-12-24 14:28:46 #3 type.registry] 
New type ormdatabase.model.Record

[2021-12-24 14:28:46 #4 type] 
Type ormdatabase.model.Record is not enhanced.

[2021-12-24 14:28:46 #5 type.registry] 
New type ormdatabase.model.ShimStack

------------------------------------------------------------------------------------------------------------------------

[2021-12-24 14:29:33 #1 store] 
Database 'D:\Java\Projects\ORMDatabase\src\main\resources\odb\db\shimstack.odb' has been recovered (tr. 1-4)

[2021-12-24 14:29:33 #2 store] 
Database 'D:\Java\Projects\ORMDatabase\src\main\resources\odb\db\shimstack.odb' is opened by 2272@DmitrievAS

[2021-12-24 14:29:33 #3 store] 
Configuration path: ?

[2021-12-24 14:29:33 #4 type] 
Type ormdatabase.model.Record is not enhanced.

------------------------------------------------------------------------------------------------------------------------

[2021-12-24 15:22:51 #1 store] 
Database 'D:\Java\Projects\ORMDatabase\src\main\resources\odb\db\shimstack.odb' is opened by 12952@DmitrievAS

[2021-12-24 15:22:51 #2 store] 
Configuration path: ?

[2021-12-24 15:22:51 #3 type.registry] 
New type ormdatabase.model.Record

[2021-12-24 15:22:51 #4 type] 
Type ormdatabase.model.Record is not enhanced.

[2021-12-24 15:22:51 #5 type.registry] 
New type ormdatabase.model.ShimStack

------------------------------------------------------------------------------------------------------------------------

[2021-12-24 15:27:19 #1 store] 
Database 'D:\Java\Projects\ORMDatabase\src\main\resources\odb\db\shimstack.odb' has been recovered (tr. 1-6)

[2021-12-24 15:27:19 #2 store] 
Database 'D:\Java\Projects\ORMDatabase\src\main\resources\odb\db\shimstack.odb' is opened by 9732@DmitrievAS

[2021-12-24 15:27:19 #3 store] 
Configuration path: ?

[2021-12-24 15:27:19 #4 type] 
Type ormdatabase.model.Record is not enhanced.

------------------------------------------------------------------------------------------------------------------------

[2021-12-24 15:36:07 #1 store] 
Database 'D:\Java\Projects\ORMDatabase\src\main\resources\odb\db\shimstack.odb' has been recovered (tr. 7-9)

[2021-12-24 15:36:08 #2 store] 
Database 'D:\Java\Projects\ORMDatabase\src\main\resources\odb\db\shimstack.odb' is opened by 3188@DmitrievAS

[2021-12-24 15:36:08 #3 store] 
Configuration path: ?

[2021-12-24 15:36:08 #4 type] 
Type ormdatabase.model.Record is not enhanced.

------------------------------------------------------------------------------------------------------------------------

[2021-12-24 15:37:47 #1 store] 
Database 'D:\Java\Projects\ORMDatabase\src\main\resources\odb\db\shimstack.odb' is opened by 3092@DmitrievAS

[2021-12-24 15:37:47 #2 store] 
Configuration path: ?

[2021-12-24 15:37:47 #3 type] 
Type ormdatabase.model.Record is not enhanced.

------------------------------------------------------------------------------------------------------------------------

[2021-12-24 15:38:26 #1 store] 
Database 'D:\Java\Projects\ORMDatabase\src\main\resources\odb\db\shimstack.odb' is opened by 6064@DmitrievAS

[2021-12-24 15:38:26 #2 store] 
Configuration path: ?

[2021-12-24 15:38:26 #3 type] 
Type ormdatabase.model.Record is not enhanced.

------------------------------------------------------------------------------------------------------------------------

[2021-12-24 15:42:51 #1 store] 
Database 'D:\Java\Projects\ORMDatabase\src\main\resources\odb\db\shimstack.odb' is opened by 15260@DmitrievAS

[2021-12-24 15:42:51 #2 store] 
Configuration path: ?

[2021-12-24 15:42:51 #3 type] 
Type ormdatabase.model.Record is not enhanced.

------------------------------------------------------------------------------------------------------------------------

[2021-12-24 15:50:25 #1 store] 
Database 'D:\Java\Projects\ORMDatabase\src\main\resources\odb\db\shimstack.odb' is opened by 3768@DmitrievAS

[2021-12-24 15:50:25 #2 store] 
Configuration path: ?

[2021-12-24 15:50:25 #3 type] 
Type ormdatabase.model.Record is not enhanced.

------------------------------------------------------------------------------------------------------------------------

[2021-12-24 21:10:33 #1 store] 
Database 'D:\Java\Projects\ORMDatabase\src\main\resources\odb\db\shimstack.odb' is opened by 8800@DmitrievAS

[2021-12-24 21:10:33 #2 store] 
Configuration path: ?

[2021-12-24 21:10:34 #3 type.registry] 
New type ormdatabase.model.Record

[2021-12-24 21:10:34 #4 type] 
Type ormdatabase.model.Record is not enhanced.

[2021-12-24 21:10:34 #5 type.registry] 
New type ormdatabase.model.ShimStackSet

------------------------------------------------------------------------------------------------------------------------

[2021-12-24 21:43:48 #1 store] 
Database 'D:\Java\Projects\ORMDatabase\src\main\resources\odb\db\shimstack.odb' has been recovered (tr. 1-15)

[2021-12-24 21:43:48 #2 store] 
Database 'D:\Java\Projects\ORMDatabase\src\main\resources\odb\db\shimstack.odb' is opened by 5592@DmitrievAS

[2021-12-24 21:43:48 #3 store] 
Configuration path: ?

[2021-12-24 21:43:48 #4 type] 
Type ormdatabase.model.Record is not enhanced.

[2021-12-24 21:43:48 #5 type.registry] 
New type java.util.ArrayList<java.lang.Object>

[2021-12-24 21:43:48 #6 type.registry] 
New type java.util.ArrayList<ormdatabase.model.ShimStackSet>

------------------------------------------------------------------------------------------------------------------------

[2021-12-24 21:44:20 #1 store] 
Database 'D:\Java\Projects\ORMDatabase\src\main\resources\odb\db\shimstack.odb' is opened by 12520@DmitrievAS

[2021-12-24 21:44:20 #2 store] 
Configuration path: ?

[2021-12-24 21:44:20 #3 type.registry] 
New type ormdatabase.model.Record

[2021-12-24 21:44:20 #4 type] 
Type ormdatabase.model.Record is not enhanced.

[2021-12-24 21:44:20 #5 type.registry] 
New type ormdatabase.model.ShimStackSet

[2021-12-24 21:44:20 #6 type.registry] 
New type java.util.ArrayList<java.lang.Object>

[2021-12-24 21:44:20 #7 type.registry] 
New type java.util.ArrayList<ormdatabase.model.ShimStackSet>

------------------------------------------------------------------------------------------------------------------------

[2021-12-24 21:50:05 #1 store] 
Database 'D:\Java\Projects\ORMDatabase\src\main\resources\odb\db\shimstack.odb' has been recovered (tr. 1-5)

[2021-12-24 21:50:05 #2 store] 
Database 'D:\Java\Projects\ORMDatabase\src\main\resources\odb\db\shimstack.odb' is opened by 15204@DmitrievAS

[2021-12-24 21:50:05 #3 store] 
Configuration path: ?

[2021-12-24 21:50:05 #4 type] 
Type ormdatabase.model.Record is not enhanced.

[2021-12-24 21:50:05 #5 type] 
Type ormdatabase.model.ShimStackSet is not enhanced.

[2021-12-24 21:50:05 #6 type.registry] 
New type javafx.util.Pair

------------------------------------------------------------------------------------------------------------------------

[2021-12-24 21:51:06 #1 store] 
Database 'D:\Java\Projects\ORMDatabase\src\main\resources\odb\db\shimstack.odb' has been recovered (tr. 6-7)

[2021-12-24 21:51:06 #2 store] 
Database 'D:\Java\Projects\ORMDatabase\src\main\resources\odb\db\shimstack.odb' is opened by 1380@DmitrievAS

[2021-12-24 21:51:06 #3 store] 
Configuration path: ?

[2021-12-24 21:51:06 #4 type] 
Type ormdatabase.model.Record is not enhanced.

[2021-12-24 21:51:06 #5 type] 
Type ormdatabase.model.ShimStackSet is not enhanced.

------------------------------------------------------------------------------------------------------------------------

[2021-12-24 21:58:07 #1 store] 
Database 'D:\Java\Projects\ORMDatabase\src\main\resources\odb\db\shimstack.odb' is opened by 5144@DmitrievAS

[2021-12-24 21:58:07 #2 store] 
Configuration path: ?

[2021-12-24 21:58:07 #3 type] 
Type ormdatabase.model.Record is not enhanced.

[2021-12-24 21:58:07 #4 type] 
Type ormdatabase.model.ShimStackSet is not enhanced.

[2021-12-24 21:58:07 #5 type.registry] 
New type ormdatabase.model.StackPair

[2021-12-24 21:58:07 #6 type] 
Type ormdatabase.model.StackPair is not enhanced.

[2021-12-24 21:58:07 #7 type.registry] 
New type java.util.ArrayList<ormdatabase.model.StackPair>

------------------------------------------------------------------------------------------------------------------------

[2021-12-24 22:16:42 #1 store] 
Database 'D:\Java\Projects\ORMDatabase\src\main\resources\odb\db\shimstack.odb' has been recovered (tr. 8-9)

[2021-12-24 22:16:42 #2 store] 
Database 'D:\Java\Projects\ORMDatabase\src\main\resources\odb\db\shimstack.odb' is opened by 14140@DmitrievAS

[2021-12-24 22:16:42 #3 store] 
Configuration path: ?

[2021-12-24 22:16:42 #4 type] 
Type ormdatabase.model.Record is not enhanced.

[2021-12-24 22:16:42 #5 type] 
Type ormdatabase.model.ShimStackSet is not enhanced.

[2021-12-24 22:16:42 #6 type] 
Type ormdatabase.model.StackPair is not enhanced.

[2021-12-24 22:16:42 #7 type.registry] 
New type ormdatabase.model.ReboundStack

[2021-12-24 22:16:42 #8 type.registry] 
New type ormdatabase.model.CompressionStack

[2021-12-24 22:16:42 #9 type] 
Type ormdatabase.model.ReboundStack is not enhanced.

[2021-12-24 22:16:42 #10 type.registry] 
New type ormdatabase.model.Shim

[2021-12-24 22:16:42 #11 type] 
Type ormdatabase.model.CompressionStack is not enhanced.

[2021-12-24 22:16:43 #12 type.registry] 
New type java.util.ArrayList<ormdatabase.model.Shim>

------------------------------------------------------------------------------------------------------------------------

[2021-12-24 22:17:12 #1 store] 
Database 'D:\Java\Projects\ORMDatabase\src\main\resources\odb\db\shimstack.odb' has been recovered (tr. 10-11)

[2021-12-24 22:17:12 #2 store] 
Database 'D:\Java\Projects\ORMDatabase\src\main\resources\odb\db\shimstack.odb' is opened by 7596@DmitrievAS

[2021-12-24 22:17:12 #3 store] 
Configuration path: ?

[2021-12-24 22:17:12 #4 type] 
Type ormdatabase.model.Record is not enhanced.

[2021-12-24 22:17:12 #5 type] 
Type ormdatabase.model.ShimStackSet is not enhanced.

[2021-12-24 22:17:12 #6 type] 
Type ormdatabase.model.StackPair is not enhanced.

[2021-12-24 22:17:12 #7 type] 
Type ormdatabase.model.ReboundStack is not enhanced.

[2021-12-24 22:17:12 #8 type] 
Type ormdatabase.model.CompressionStack is not enhanced.

[2021-12-24 22:17:12 #9 type] 
Type ormdatabase.model.Shim is not enhanced.

------------------------------------------------------------------------------------------------------------------------

[2021-12-24 22:29:48 #1 store] 
Database 'D:\Java\Projects\ORMDatabase\src\main\resources\odb\db\shimstack.odb' has been recovered (tr. 12-14)

[2021-12-24 22:29:48 #2 store] 
Database 'D:\Java\Projects\ORMDatabase\src\main\resources\odb\db\shimstack.odb' is opened by 5888@DmitrievAS

[2021-12-24 22:29:48 #3 store] 
Configuration path: ?

[2021-12-24 22:29:48 #4 type] 
Type ormdatabase.model.Record is not enhanced.

[2021-12-24 22:29:48 #5 type] 
Type ormdatabase.model.ShimStackSet is not enhanced.

[2021-12-24 22:29:48 #6 type] 
Type ormdatabase.model.StackPair is not enhanced.

[2021-12-24 22:29:48 #7 type] 
Type ormdatabase.model.ReboundStack is not enhanced.

[2021-12-24 22:29:48 #8 type] 
Type ormdatabase.model.CompressionStack is not enhanced.

[2021-12-24 22:29:48 #9 type] 
Type ormdatabase.model.Shim is not enhanced.

------------------------------------------------------------------------------------------------------------------------

[2021-12-24 22:34:15 #1 store] 
Database 'D:\Java\Projects\ORMDatabase\src\main\resources\odb\db\shimstack.odb' has been recovered (tr. 15-15)

[2021-12-24 22:34:15 #2 store] 
Database 'D:\Java\Projects\ORMDatabase\src\main\resources\odb\db\shimstack.odb' is opened by 1988@DmitrievAS

[2021-12-24 22:34:15 #3 store] 
Configuration path: ?

[2021-12-24 22:34:16 #4 type] 
Type ormdatabase.model.Record is not enhanced.

[2021-12-24 22:34:16 #5 type] 
Type ormdatabase.model.ShimStackSet is not enhanced.

[2021-12-24 22:34:16 #6 type] 
Type ormdatabase.model.StackPair is not enhanced.

[2021-12-24 22:34:16 #7 type] 
Type ormdatabase.model.ReboundStack is not enhanced.

[2021-12-24 22:34:16 #8 type] 
Type ormdatabase.model.CompressionStack is not enhanced.

[2021-12-24 22:34:16 #9 type] 
Type ormdatabase.model.Shim is not enhanced.

------------------------------------------------------------------------------------------------------------------------

[2021-12-24 22:39:20 #1 store] 
Database 'D:\Java\Projects\ORMDatabase\src\main\resources\odb\db\shimstack.odb' has been recovered (tr. 16-16)

[2021-12-24 22:39:21 #2 store] 
Database 'D:\Java\Projects\ORMDatabase\src\main\resources\odb\db\shimstack.odb' is opened by 10432@DmitrievAS

[2021-12-24 22:39:21 #3 store] 
Configuration path: ?

[2021-12-24 22:39:21 #4 type] 
Type ormdatabase.model.Record is not enhanced.

[2021-12-24 22:39:21 #5 type] 
Type ormdatabase.model.ShimStackSet is not enhanced.

[2021-12-24 22:39:21 #6 type] 
Type ormdatabase.model.StackPair is not enhanced.

[2021-12-24 22:39:21 #7 type] 
Type ormdatabase.model.ReboundStack is not enhanced.

[2021-12-24 22:39:21 #8 type] 
Type ormdatabase.model.CompressionStack is not enhanced.

[2021-12-24 22:39:21 #9 type] 
Type ormdatabase.model.Shim is not enhanced.

------------------------------------------------------------------------------------------------------------------------

[2021-12-24 22:40:04 #1 store] 
Database 'D:\Java\Projects\ORMDatabase\src\main\resources\odb\db\shimstack.odb' is opened by 12520@DmitrievAS

[2021-12-24 22:40:04 #2 store] 
Configuration path: ?

[2021-12-24 22:40:04 #3 type] 
Type ormdatabase.model.Record is not enhanced.

[2021-12-24 22:40:04 #4 type] 
Type ormdatabase.model.ShimStackSet is not enhanced.

[2021-12-24 22:40:04 #5 type] 
Type ormdatabase.model.StackPair is not enhanced.

[2021-12-24 22:40:04 #6 type] 
Type ormdatabase.model.ReboundStack is not enhanced.

[2021-12-24 22:40:04 #7 type] 
Type ormdatabase.model.CompressionStack is not enhanced.

[2021-12-24 22:40:04 #8 type] 
Type ormdatabase.model.Shim is not enhanced.

------------------------------------------------------------------------------------------------------------------------

[2021-12-24 22:49:47 #1 store] 
Database 'D:\Java\Projects\ORMDatabase\src\main\resources\odb\db\shimstack.odb' is opened by 9076@DmitrievAS

[2021-12-24 22:49:47 #2 store] 
Configuration path: ?

[2021-12-24 22:49:47 #3 type] 
Type ormdatabase.model.Record is not enhanced.

[2021-12-24 22:49:47 #4 type] 
Type ormdatabase.model.ShimStackSet is not enhanced.

[2021-12-24 22:49:47 #5 type] 
Type ormdatabase.model.StackPair is not enhanced.

[2021-12-24 22:49:47 #6 type] 
Type ormdatabase.model.ReboundStack is not enhanced.

[2021-12-24 22:49:47 #7 type] 
Type ormdatabase.model.CompressionStack is not enhanced.

[2021-12-24 22:49:47 #8 type] 
Type ormdatabase.model.Shim is not enhanced.

------------------------------------------------------------------------------------------------------------------------

[2021-12-24 22:50:54 #1 store] 
Database 'D:\Java\Projects\ORMDatabase\src\main\resources\odb\db\shimstack.odb' is opened by 11024@DmitrievAS

[2021-12-24 22:50:54 #2 store] 
Configuration path: ?

[2021-12-24 22:50:54 #3 type] 
Type ormdatabase.model.Record is not enhanced.

[2021-12-24 22:50:54 #4 type] 
Type ormdatabase.model.ShimStackSet is not enhanced.

[2021-12-24 22:50:54 #5 type] 
Type ormdatabase.model.StackPair is not enhanced.

[2021-12-24 22:50:54 #6 type] 
Type ormdatabase.model.ReboundStack is not enhanced.

[2021-12-24 22:50:54 #7 type] 
Type ormdatabase.model.CompressionStack is not enhanced.

[2021-12-24 22:50:54 #8 type] 
Type ormdatabase.model.Shim is not enhanced.

------------------------------------------------------------------------------------------------------------------------

[2021-12-24 22:51:55 #1 store] 
Database 'D:\Java\Projects\ORMDatabase\src\main\resources\odb\db\shimstack.odb' is opened by 15272@DmitrievAS

[2021-12-24 22:51:55 #2 store] 
Configuration path: ?

[2021-12-24 22:51:55 #3 type] 
Type ormdatabase.model.Record is not enhanced.

[2021-12-24 22:51:55 #4 type] 
Type ormdatabase.model.ShimStackSet is not enhanced.

[2021-12-24 22:51:55 #5 type] 
Type ormdatabase.model.StackPair is not enhanced.

[2021-12-24 22:51:55 #6 type] 
Type ormdatabase.model.ReboundStack is not enhanced.

[2021-12-24 22:51:55 #7 type] 
Type ormdatabase.model.CompressionStack is not enhanced.

[2021-12-24 22:51:55 #8 type] 
Type ormdatabase.model.Shim is not enhanced.

------------------------------------------------------------------------------------------------------------------------

[2021-12-24 22:55:56 #1 store] 
Database 'D:\Java\Projects\ORMDatabase\src\main\resources\odb\db\shimstack.odb' is opened by 10512@DmitrievAS

[2021-12-24 22:55:56 #2 store] 
Configuration path: ?

[2021-12-24 22:55:56 #3 type] 
Type ormdatabase.model.Record is not enhanced.

[2021-12-24 22:55:56 #4 type] 
Type ormdatabase.model.ShimStackSet is not enhanced.

[2021-12-24 22:55:56 #5 type] 
Type ormdatabase.model.StackPair is not enhanced.

[2021-12-24 22:55:56 #6 type] 
Type ormdatabase.model.ReboundStack is not enhanced.

[2021-12-24 22:55:56 #7 type] 
Type ormdatabase.model.CompressionStack is not enhanced.

[2021-12-24 22:55:56 #8 type] 
Type ormdatabase.model.Shim is not enhanced.

------------------------------------------------------------------------------------------------------------------------

[2021-12-24 22:59:08 #1 store] 
Database 'D:\Java\Projects\ORMDatabase\src\main\resources\odb\db\shimstack.odb' is opened by 10092@DmitrievAS

[2021-12-24 22:59:08 #2 store] 
Configuration path: ?

[2021-12-24 22:59:09 #3 type] 
Type ormdatabase.model.Record is not enhanced.

[2021-12-24 22:59:09 #4 type] 
Type ormdatabase.model.ShimStackSet is not enhanced.

[2021-12-24 22:59:09 #5 type] 
Type ormdatabase.model.StackPair is not enhanced.

[2021-12-24 22:59:09 #6 type] 
Type ormdatabase.model.ReboundStack is not enhanced.

[2021-12-24 22:59:09 #7 type] 
Type ormdatabase.model.CompressionStack is not enhanced.

[2021-12-24 22:59:09 #8 type] 
Type ormdatabase.model.Shim is not enhanced.

------------------------------------------------------------------------------------------------------------------------

[2021-12-24 23:01:09 #1 store] 
Database 'D:\Java\Projects\ORMDatabase\src\main\resources\odb\db\shimstack.odb' is opened by 12752@DmitrievAS

[2021-12-24 23:01:09 #2 store] 
Configuration path: ?

[2021-12-24 23:01:09 #3 type] 
Type ormdatabase.model.Record is not enhanced.

[2021-12-24 23:01:09 #4 type] 
Type ormdatabase.model.ShimStackSet is not enhanced.

[2021-12-24 23:01:09 #5 type] 
Type ormdatabase.model.StackPair is not enhanced.

[2021-12-24 23:01:09 #6 type] 
Type ormdatabase.model.ReboundStack is not enhanced.

[2021-12-24 23:01:09 #7 type] 
Type ormdatabase.model.CompressionStack is not enhanced.

[2021-12-24 23:01:09 #8 type] 
Type ormdatabase.model.Shim is not enhanced.

------------------------------------------------------------------------------------------------------------------------

[2021-12-24 23:07:23 #1 store] 
Database 'D:\Java\Projects\ORMDatabase\src\main\resources\odb\db\shimstack.odb' is opened by 5940@DmitrievAS

[2021-12-24 23:07:23 #2 store] 
Configuration path: ?

[2021-12-24 23:07:23 #3 type.registry] 
New type ormdatabase.model.Record

[2021-12-24 23:07:23 #4 type] 
Type ormdatabase.model.Record is not enhanced.

[2021-12-24 23:07:23 #5 type.registry] 
New type ormdatabase.model.ShimStackSet

[2021-12-24 23:07:23 #6 type] 
Type ormdatabase.model.ShimStackSet is not enhanced.

[2021-12-24 23:07:23 #7 type.registry] 
New type ormdatabase.model.StackPair

[2021-12-24 23:07:23 #8 type] 
Type ormdatabase.model.StackPair is not enhanced.

[2021-12-24 23:07:23 #9 type.registry] 
New type ormdatabase.model.ReboundStack

[2021-12-24 23:07:23 #10 type.registry] 
New type ormdatabase.model.CompressionStack

[2021-12-24 23:07:23 #11 type] 
Type ormdatabase.model.ReboundStack is not enhanced.

[2021-12-24 23:07:23 #12 type.registry] 
New type java.lang.Float[]

[2021-12-24 23:07:23 #13 type] 
Type ormdatabase.model.CompressionStack is not enhanced.

------------------------------------------------------------------------------------------------------------------------

[2021-12-24 23:08:06 #1 store] 
Database 'D:\Java\Projects\ORMDatabase\src\main\resources\odb\db\shimstack.odb' has been recovered (tr. 1-3)

[2021-12-24 23:08:06 #2 store] 
Database 'D:\Java\Projects\ORMDatabase\src\main\resources\odb\db\shimstack.odb' is opened by 2976@DmitrievAS

[2021-12-24 23:08:06 #3 store] 
Configuration path: ?

[2021-12-24 23:08:06 #4 type] 
Type ormdatabase.model.Record is not enhanced.

[2021-12-24 23:08:06 #5 type] 
Type ormdatabase.model.ShimStackSet is not enhanced.

[2021-12-24 23:08:06 #6 type] 
Type ormdatabase.model.StackPair is not enhanced.

[2021-12-24 23:08:06 #7 type] 
Type ormdatabase.model.ReboundStack is not enhanced.

[2021-12-24 23:08:06 #8 type] 
Type ormdatabase.model.CompressionStack is not enhanced.

------------------------------------------------------------------------------------------------------------------------

[2021-12-24 23:08:24 #1 store] 
Database 'D:\Java\Projects\ORMDatabase\src\main\resources\odb\db\shimstack.odb' is opened by 11136@DmitrievAS

[2021-12-24 23:08:24 #2 store] 
Configuration path: ?

[2021-12-24 23:08:24 #3 type] 
Type ormdatabase.model.Record is not enhanced.

[2021-12-24 23:08:24 #4 type] 
Type ormdatabase.model.ShimStackSet is not enhanced.

[2021-12-24 23:08:24 #5 type] 
Type ormdatabase.model.StackPair is not enhanced.

[2021-12-24 23:08:24 #6 type] 
Type ormdatabase.model.ReboundStack is not enhanced.

[2021-12-24 23:08:24 #7 type] 
Type ormdatabase.model.CompressionStack is not enhanced.

------------------------------------------------------------------------------------------------------------------------

[2021-12-24 23:08:50 #1 store] 
Database 'D:\Java\Projects\ORMDatabase\src\main\resources\odb\db\shimstack.odb' is opened by 10524@DmitrievAS

[2021-12-24 23:08:50 #2 store] 
Configuration path: ?

[2021-12-24 23:08:50 #3 type] 
Type ormdatabase.model.Record is not enhanced.

[2021-12-24 23:08:50 #4 type] 
Type ormdatabase.model.ShimStackSet is not enhanced.

[2021-12-24 23:08:50 #5 type] 
Type ormdatabase.model.StackPair is not enhanced.

[2021-12-24 23:08:50 #6 type] 
Type ormdatabase.model.ReboundStack is not enhanced.

[2021-12-24 23:08:50 #7 type] 
Type ormdatabase.model.CompressionStack is not enhanced.

[2021-12-24 23:08:50 #8 type.registry] 
New type java.util.ArrayList<java.lang.Object>

[2021-12-24 23:08:51 #9 type.registry] 
New type java.util.ArrayList<ormdatabase.model.ShimStackSet>

[2021-12-24 23:08:51 #10 type.registry] 
New type java.util.ArrayList<ormdatabase.model.StackPair>

[2021-12-24 23:08:51 #11 type.registry] 
New type java.util.ArrayList<java.lang.Float[]>

------------------------------------------------------------------------------------------------------------------------

[2021-12-24 23:10:36 #1 store] 
Database 'D:\Java\Projects\ORMDatabase\src\main\resources\odb\db\shimstack.odb' has been recovered (tr. 4-9)

[2021-12-24 23:10:36 #2 store] 
Database 'D:\Java\Projects\ORMDatabase\src\main\resources\odb\db\shimstack.odb' is opened by 11844@DmitrievAS

[2021-12-24 23:10:36 #3 store] 
Configuration path: ?

[2021-12-24 23:10:36 #4 type] 
Type ormdatabase.model.Record is not enhanced.

[2021-12-24 23:10:36 #5 type] 
Type ormdatabase.model.ShimStackSet is not enhanced.

[2021-12-24 23:10:36 #6 type] 
Type ormdatabase.model.StackPair is not enhanced.

[2021-12-24 23:10:36 #7 type] 
Type ormdatabase.model.ReboundStack is not enhanced.

[2021-12-24 23:10:36 #8 type] 
Type ormdatabase.model.CompressionStack is not enhanced.

------------------------------------------------------------------------------------------------------------------------

[2021-12-24 23:14:14 #1 store] 
Database 'D:\Java\Projects\ORMDatabase\src\main\resources\odb\db\shimstack.odb' has been recovered (tr. 10-10)

[2021-12-24 23:14:14 #2 store] 
Database 'D:\Java\Projects\ORMDatabase\src\main\resources\odb\db\shimstack.odb' is opened by 404@DmitrievAS

[2021-12-24 23:14:14 #3 store] 
Configuration path: ?

[2021-12-24 23:14:14 #4 type] 
Type ormdatabase.model.Record is not enhanced.

[2021-12-24 23:14:14 #5 type] 
Type ormdatabase.model.ShimStackSet is not enhanced.

[2021-12-24 23:14:14 #6 type] 
Type ormdatabase.model.StackPair is not enhanced.

[2021-12-24 23:14:14 #7 type] 
Type ormdatabase.model.ReboundStack is not enhanced.

[2021-12-24 23:14:14 #8 type] 
Type ormdatabase.model.CompressionStack is not enhanced.

------------------------------------------------------------------------------------------------------------------------

[2021-12-24 23:15:07 #1 store] 
Database 'D:\Java\Projects\ORMDatabase\src\main\resources\odb\db\shimstack.odb' has been recovered (tr. 11-11)

[2021-12-24 23:15:07 #2 store] 
Database 'D:\Java\Projects\ORMDatabase\src\main\resources\odb\db\shimstack.odb' is opened by 15280@DmitrievAS

[2021-12-24 23:15:07 #3 store] 
Configuration path: ?

[2021-12-24 23:15:07 #4 type] 
Type ormdatabase.model.Record is not enhanced.

[2021-12-24 23:15:07 #5 type] 
Type ormdatabase.model.ShimStackSet is not enhanced.

[2021-12-24 23:15:07 #6 type] 
Type ormdatabase.model.StackPair is not enhanced.

[2021-12-24 23:15:07 #7 type] 
Type ormdatabase.model.ReboundStack is not enhanced.

[2021-12-24 23:15:07 #8 type] 
Type ormdatabase.model.CompressionStack is not enhanced.

------------------------------------------------------------------------------------------------------------------------

[2021-12-24 23:18:13 #1 store] 
Database 'D:\Java\Projects\ORMDatabase\src\main\resources\odb\db\shimstack.odb' has been recovered (tr. 12-13)

[2021-12-24 23:18:13 #2 store] 
Database 'D:\Java\Projects\ORMDatabase\src\main\resources\odb\db\shimstack.odb' is opened by 13420@DmitrievAS

[2021-12-24 23:18:13 #3 store] 
Configuration path: ?

[2021-12-24 23:18:13 #4 type] 
Type ormdatabase.model.Record is not enhanced.

[2021-12-24 23:18:13 #5 type] 
Type ormdatabase.model.ShimStackSet is not enhanced.

[2021-12-24 23:18:13 #6 type] 
Type ormdatabase.model.StackPair is not enhanced.

[2021-12-24 23:18:13 #7 type] 
Type ormdatabase.model.ReboundStack is not enhanced.

[2021-12-24 23:18:13 #8 type] 
Type ormdatabase.model.CompressionStack is not enhanced.

------------------------------------------------------------------------------------------------------------------------

[2021-12-24 23:24:14 #1 store] 
Database 'D:\Java\Projects\ORMDatabase\src\main\resources\odb\db\shimstack.odb' has been recovered (tr. 14-14)

[2021-12-24 23:24:14 #2 store] 
Database 'D:\Java\Projects\ORMDatabase\src\main\resources\odb\db\shimstack.odb' is opened by 9320@DmitrievAS

[2021-12-24 23:24:14 #3 store] 
Configuration path: ?

[2021-12-24 23:24:14 #4 type] 
Type ormdatabase.model.Record is not enhanced.

[2021-12-24 23:24:14 #5 type] 
Type ormdatabase.model.ShimStackSet is not enhanced.

[2021-12-24 23:24:14 #6 type] 
Type ormdatabase.model.StackPair is not enhanced.

[2021-12-24 23:24:14 #7 type] 
Type ormdatabase.model.ReboundStack is not enhanced.

[2021-12-24 23:24:14 #8 type] 
Type ormdatabase.model.CompressionStack is not enhanced.

------------------------------------------------------------------------------------------------------------------------

[2021-12-24 23:28:27 #1 store] 
Database 'D:\Java\Projects\ORMDatabase\src\main\resources\odb\db\shimstack.odb' has been recovered (tr. 15-15)

[2021-12-24 23:28:27 #2 store] 
Database 'D:\Java\Projects\ORMDatabase\src\main\resources\odb\db\shimstack.odb' is opened by 12352@DmitrievAS

[2021-12-24 23:28:27 #3 store] 
Configuration path: ?

[2021-12-24 23:28:27 #4 type] 
Type ormdatabase.model.Record is not enhanced.

[2021-12-24 23:28:27 #5 type] 
Type ormdatabase.model.ShimStackSet is not enhanced.

[2021-12-24 23:28:27 #6 type] 
Type ormdatabase.model.StackPair is not enhanced.

[2021-12-24 23:28:27 #7 type] 
Type ormdatabase.model.ReboundStack is not enhanced.

[2021-12-24 23:28:27 #8 type] 
Type ormdatabase.model.CompressionStack is not enhanced.

------------------------------------------------------------------------------------------------------------------------

[2021-12-24 23:31:51 #1 store] 
Database 'D:\Java\Projects\ORMDatabase\src\main\resources\odb\db\shimstack.odb' has been recovered (tr. 16-16)

[2021-12-24 23:31:51 #2 store] 
Database 'D:\Java\Projects\ORMDatabase\src\main\resources\odb\db\shimstack.odb' is opened by 11844@DmitrievAS

[2021-12-24 23:31:51 #3 store] 
Configuration path: ?

[2021-12-24 23:31:52 #4 type] 
Type ormdatabase.model.Record is not enhanced.

[2021-12-24 23:31:52 #5 type] 
Type ormdatabase.model.ShimStackSet is not enhanced.

[2021-12-24 23:31:52 #6 type] 
Type ormdatabase.model.StackPair is not enhanced.

[2021-12-24 23:31:52 #7 type] 
Type ormdatabase.model.ReboundStack is not enhanced.

[2021-12-24 23:31:52 #8 type] 
Type ormdatabase.model.CompressionStack is not enhanced.

------------------------------------------------------------------------------------------------------------------------

[2021-12-24 23:32:27 #1 store] 
Database 'D:\Java\Projects\ORMDatabase\src\main\resources\odb\db\shimstack.odb' has been recovered (tr. 17-17)

[2021-12-24 23:32:27 #2 store] 
Database 'D:\Java\Projects\ORMDatabase\src\main\resources\odb\db\shimstack.odb' is opened by 9928@DmitrievAS

[2021-12-24 23:32:27 #3 store] 
Configuration path: ?

[2021-12-24 23:32:27 #4 type] 
Type ormdatabase.model.Record is not enhanced.

[2021-12-24 23:32:27 #5 type] 
Type ormdatabase.model.ShimStackSet is not enhanced.

[2021-12-24 23:32:27 #6 type] 
Type ormdatabase.model.StackPair is not enhanced.

[2021-12-24 23:32:27 #7 type] 
Type ormdatabase.model.ReboundStack is not enhanced.

[2021-12-24 23:32:27 #8 type] 
Type ormdatabase.model.CompressionStack is not enhanced.

------------------------------------------------------------------------------------------------------------------------

[2021-12-24 23:33:45 #1 store] 
Database 'D:\Java\Projects\ORMDatabase\src\main\resources\odb\db\shimstack.odb' has been recovered (tr. 18-19)

[2021-12-24 23:33:45 #2 store] 
Database 'D:\Java\Projects\ORMDatabase\src\main\resources\odb\db\shimstack.odb' is opened by 13600@DmitrievAS

[2021-12-24 23:33:45 #3 store] 
Configuration path: ?

[2021-12-24 23:33:45 #4 type] 
Type ormdatabase.model.Record is not enhanced.

[2021-12-24 23:33:45 #5 type] 
Type ormdatabase.model.ShimStackSet is not enhanced.

[2021-12-24 23:33:45 #6 type] 
Type ormdatabase.model.StackPair is not enhanced.

[2021-12-24 23:33:45 #7 type] 
Type ormdatabase.model.ReboundStack is not enhanced.

[2021-12-24 23:33:45 #8 type] 
Type ormdatabase.model.CompressionStack is not enhanced.

------------------------------------------------------------------------------------------------------------------------

[2021-12-24 23:34:26 #1 store] 
Database 'D:\Java\Projects\ORMDatabase\src\main\resources\odb\db\shimstack.odb' has been recovered (tr. 20-20)

[2021-12-24 23:34:26 #2 store] 
Database 'D:\Java\Projects\ORMDatabase\src\main\resources\odb\db\shimstack.odb' is opened by 11460@DmitrievAS

[2021-12-24 23:34:26 #3 store] 
Configuration path: ?

[2021-12-24 23:34:26 #4 type] 
Type ormdatabase.model.Record is not enhanced.

[2021-12-24 23:34:27 #5 type] 
Type ormdatabase.model.ShimStackSet is not enhanced.

[2021-12-24 23:34:27 #6 type] 
Type ormdatabase.model.StackPair is not enhanced.

[2021-12-24 23:34:27 #7 type] 
Type ormdatabase.model.ReboundStack is not enhanced.

[2021-12-24 23:34:27 #8 type] 
Type ormdatabase.model.CompressionStack is not enhanced.

------------------------------------------------------------------------------------------------------------------------

[2021-12-24 23:35:11 #1 store] 
Database 'D:\Java\Projects\ORMDatabase\src\main\resources\odb\db\shimstack.odb' has been recovered (tr. 21-21)

[2021-12-24 23:35:11 #2 store] 
Database 'D:\Java\Projects\ORMDatabase\src\main\resources\odb\db\shimstack.odb' is opened by 4452@DmitrievAS

[2021-12-24 23:35:11 #3 store] 
Configuration path: ?

[2021-12-24 23:35:11 #4 type] 
Type ormdatabase.model.Record is not enhanced.

[2021-12-24 23:35:11 #5 type] 
Type ormdatabase.model.ShimStackSet is not enhanced.

[2021-12-24 23:35:11 #6 type] 
Type ormdatabase.model.StackPair is not enhanced.

[2021-12-24 23:35:11 #7 type] 
Type ormdatabase.model.ReboundStack is not enhanced.

[2021-12-24 23:35:11 #8 type] 
Type ormdatabase.model.CompressionStack is not enhanced.

------------------------------------------------------------------------------------------------------------------------

[2021-12-24 23:36:58 #1 store] 
Database 'D:\Java\Projects\ORMDatabase\src\main\resources\odb\db\shimstack.odb' has been recovered (tr. 22-22)

[2021-12-24 23:36:58 #2 store] 
Database 'D:\Java\Projects\ORMDatabase\src\main\resources\odb\db\shimstack.odb' is opened by 15116@DmitrievAS

[2021-12-24 23:36:58 #3 store] 
Configuration path: ?

[2021-12-24 23:36:58 #4 type] 
Type ormdatabase.model.Record is not enhanced.

[2021-12-24 23:36:58 #5 type] 
Type ormdatabase.model.ShimStackSet is not enhanced.

[2021-12-24 23:36:58 #6 type] 
Type ormdatabase.model.StackPair is not enhanced.

[2021-12-24 23:36:58 #7 type] 
Type ormdatabase.model.ReboundStack is not enhanced.

[2021-12-24 23:36:58 #8 type] 
Type ormdatabase.model.CompressionStack is not enhanced.

------------------------------------------------------------------------------------------------------------------------

[2021-12-24 23:37:23 #1 store] 
Database 'D:\Java\Projects\ORMDatabase\src\main\resources\odb\db\shimstack.odb' has been recovered (tr. 23-23)

[2021-12-24 23:37:23 #2 store] 
Database 'D:\Java\Projects\ORMDatabase\src\main\resources\odb\db\shimstack.odb' is opened by 13956@DmitrievAS

[2021-12-24 23:37:23 #3 store] 
Configuration path: ?

[2021-12-24 23:37:23 #4 type] 
Type ormdatabase.model.Record is not enhanced.

[2021-12-24 23:37:23 #5 type] 
Type ormdatabase.model.ShimStackSet is not enhanced.

[2021-12-24 23:37:23 #6 type] 
Type ormdatabase.model.StackPair is not enhanced.

[2021-12-24 23:37:23 #7 type] 
Type ormdatabase.model.ReboundStack is not enhanced.

[2021-12-24 23:37:23 #8 type] 
Type ormdatabase.model.CompressionStack is not enhanced.

------------------------------------------------------------------------------------------------------------------------

[2021-12-24 23:38:14 #1 store] 
Database 'D:\Java\Projects\ORMDatabase\src\main\resources\odb\db\shimstack.odb' has been recovered (tr. 24-24)

[2021-12-24 23:38:15 #2 store] 
Database 'D:\Java\Projects\ORMDatabase\src\main\resources\odb\db\shimstack.odb' is opened by 15108@DmitrievAS

[2021-12-24 23:38:15 #3 store] 
Configuration path: ?

[2021-12-24 23:38:15 #4 type] 
Type ormdatabase.model.Record is not enhanced.

[2021-12-24 23:38:15 #5 type] 
Type ormdatabase.model.ShimStackSet is not enhanced.

[2021-12-24 23:38:15 #6 type] 
Type ormdatabase.model.StackPair is not enhanced.

[2021-12-24 23:38:15 #7 type] 
Type ormdatabase.model.ReboundStack is not enhanced.

[2021-12-24 23:38:15 #8 type] 
Type ormdatabase.model.CompressionStack is not enhanced.

------------------------------------------------------------------------------------------------------------------------

[2021-12-24 23:44:54 #1 store] 
Database 'D:\Java\Projects\ORMDatabase\src\main\resources\odb\db\shimstack.odb' is opened by 8676@DmitrievAS

[2021-12-24 23:44:54 #2 store] 
Configuration path: ?

[2021-12-24 23:44:54 #3 type.registry] 
New type ormdatabase.model.Record

[2021-12-24 23:44:54 #4 type] 
Type ormdatabase.model.Record is not enhanced.

[2021-12-24 23:44:54 #5 type.registry] 
New type ormdatabase.model.ShimStackSet

[2021-12-24 23:44:54 #6 type] 
Type ormdatabase.model.ShimStackSet is not enhanced.

[2021-12-24 23:44:54 #7 type.registry] 
New type ormdatabase.model.StackPair

[2021-12-24 23:44:54 #8 type] 
Type ormdatabase.model.StackPair is not enhanced.

[2021-12-24 23:44:54 #9 type.registry] 
New type ormdatabase.model.ReboundStack

[2021-12-24 23:44:54 #10 type.registry] 
New type ormdatabase.model.CompressionStack

[2021-12-24 23:44:54 #11 type] 
Type ormdatabase.model.ReboundStack is not enhanced.

[2021-12-24 23:44:54 #12 type.registry] 
New type ormdatabase.model.Shim

[2021-12-24 23:44:54 #13 type] 
Type ormdatabase.model.CompressionStack is not enhanced.

[2021-12-24 23:44:54 #14 type.registry] 
New type java.util.ArrayList<java.lang.Object>

[2021-12-24 23:44:54 #15 type.registry] 
New type java.util.ArrayList<ormdatabase.model.ShimStackSet>

[2021-12-24 23:44:54 #16 type.registry] 
New type java.util.ArrayList<ormdatabase.model.StackPair>

[2021-12-24 23:44:54 #17 type.registry] 
New type java.util.ArrayList<ormdatabase.model.Shim>

------------------------------------------------------------------------------------------------------------------------

[2021-12-24 23:45:40 #1 store] 
Database 'D:\Java\Projects\ORMDatabase\src\main\resources\odb\db\shimstack.odb' has been recovered (tr. 1-7)

[2021-12-24 23:45:40 #2 store] 
Database 'D:\Java\Projects\ORMDatabase\src\main\resources\odb\db\shimstack.odb' is opened by 11904@DmitrievAS

[2021-12-24 23:45:40 #3 store] 
Configuration path: ?

[2021-12-24 23:45:40 #4 type] 
Type ormdatabase.model.Record is not enhanced.

[2021-12-24 23:45:40 #5 type] 
Type ormdatabase.model.ShimStackSet is not enhanced.

[2021-12-24 23:45:40 #6 type] 
Type ormdatabase.model.StackPair is not enhanced.

[2021-12-24 23:45:40 #7 type] 
Type ormdatabase.model.ReboundStack is not enhanced.

[2021-12-24 23:45:40 #8 type] 
Type ormdatabase.model.CompressionStack is not enhanced.

[2021-12-24 23:45:40 #9 type] 
Type ormdatabase.model.Shim is not enhanced.

------------------------------------------------------------------------------------------------------------------------

[2021-12-24 23:46:05 #1 store] 
Database 'D:\Java\Projects\ORMDatabase\src\main\resources\odb\db\shimstack.odb' has been recovered (tr. 8-9)

[2021-12-24 23:46:05 #2 store] 
Database 'D:\Java\Projects\ORMDatabase\src\main\resources\odb\db\shimstack.odb' is opened by 13180@DmitrievAS

[2021-12-24 23:46:05 #3 store] 
Configuration path: ?

[2021-12-24 23:46:05 #4 type] 
Type ormdatabase.model.Record is not enhanced.

[2021-12-24 23:46:05 #5 type] 
Type ormdatabase.model.ShimStackSet is not enhanced.

[2021-12-24 23:46:05 #6 type] 
Type ormdatabase.model.StackPair is not enhanced.

[2021-12-24 23:46:05 #7 type] 
Type ormdatabase.model.ReboundStack is not enhanced.

[2021-12-24 23:46:05 #8 type] 
Type ormdatabase.model.CompressionStack is not enhanced.

[2021-12-24 23:46:05 #9 type] 
Type ormdatabase.model.Shim is not enhanced.

------------------------------------------------------------------------------------------------------------------------

[2021-12-24 23:48:39 #1 store] 
Database 'D:\Java\Projects\ORMDatabase\src\main\resources\odb\db\shimstack.odb' has been recovered (tr. 10-10)

[2021-12-24 23:48:39 #2 store] 
Database 'D:\Java\Projects\ORMDatabase\src\main\resources\odb\db\shimstack.odb' is opened by 6076@DmitrievAS

[2021-12-24 23:48:39 #3 store] 
Configuration path: ?

[2021-12-24 23:48:39 #4 type] 
Type ormdatabase.model.Record is not enhanced.

[2021-12-24 23:48:39 #5 type] 
Type ormdatabase.model.ShimStackSet is not enhanced.

[2021-12-24 23:48:39 #6 type] 
Type ormdatabase.model.StackPair is not enhanced.

[2021-12-24 23:48:39 #7 type] 
Type ormdatabase.model.ReboundStack is not enhanced.

[2021-12-24 23:48:39 #8 type] 
Type ormdatabase.model.CompressionStack is not enhanced.

[2021-12-24 23:48:39 #9 type] 
Type ormdatabase.model.Shim is not enhanced.

------------------------------------------------------------------------------------------------------------------------

[2021-12-24 23:50:24 #1 store] 
Database 'D:\Java\Projects\ORMDatabase\src\main\resources\odb\db\shimstack.odb' has been recovered (tr. 11-11)

[2021-12-24 23:50:24 #2 store] 
Database 'D:\Java\Projects\ORMDatabase\src\main\resources\odb\db\shimstack.odb' is opened by 8996@DmitrievAS

[2021-12-24 23:50:24 #3 store] 
Configuration path: ?

[2021-12-24 23:50:24 #4 type] 
Type ormdatabase.model.Record is not enhanced.

[2021-12-24 23:50:24 #5 type] 
Type ormdatabase.model.ShimStackSet is not enhanced.

[2021-12-24 23:50:24 #6 type] 
Type ormdatabase.model.StackPair is not enhanced.

[2021-12-24 23:50:24 #7 type] 
Type ormdatabase.model.ReboundStack is not enhanced.

[2021-12-24 23:50:24 #8 type] 
Type ormdatabase.model.CompressionStack is not enhanced.

[2021-12-24 23:50:24 #9 type] 
Type ormdatabase.model.Shim is not enhanced.

------------------------------------------------------------------------------------------------------------------------

[2021-12-24 23:51:27 #1 store] 
Database 'D:\Java\Projects\ORMDatabase\src\main\resources\odb\db\shimstack.odb' has been recovered (tr. 12-12)

[2021-12-24 23:51:27 #2 store] 
Database 'D:\Java\Projects\ORMDatabase\src\main\resources\odb\db\shimstack.odb' is opened by 14432@DmitrievAS

[2021-12-24 23:51:27 #3 store] 
Configuration path: ?

[2021-12-24 23:51:27 #4 type] 
Type ormdatabase.model.Record is not enhanced.

[2021-12-24 23:51:27 #5 type] 
Type ormdatabase.model.ShimStackSet is not enhanced.

[2021-12-24 23:51:27 #6 type] 
Type ormdatabase.model.StackPair is not enhanced.

[2021-12-24 23:51:27 #7 type] 
Type ormdatabase.model.ReboundStack is not enhanced.

[2021-12-24 23:51:27 #8 type] 
Type ormdatabase.model.CompressionStack is not enhanced.

[2021-12-24 23:51:27 #9 type] 
Type ormdatabase.model.Shim is not enhanced.

------------------------------------------------------------------------------------------------------------------------

[2021-12-24 23:52:59 #1 store] 
Database 'D:\Java\Projects\ORMDatabase\src\main\resources\odb\db\shimstack.odb' has been recovered (tr. 13-13)

[2021-12-24 23:52:59 #2 store] 
Database 'D:\Java\Projects\ORMDatabase\src\main\resources\odb\db\shimstack.odb' is opened by 8684@DmitrievAS

[2021-12-24 23:52:59 #3 store] 
Configuration path: ?

[2021-12-24 23:52:59 #4 type] 
Type ormdatabase.model.Record is not enhanced.

[2021-12-24 23:52:59 #5 type] 
Type ormdatabase.model.ShimStackSet is not enhanced.

[2021-12-24 23:52:59 #6 type] 
Type ormdatabase.model.StackPair is not enhanced.

[2021-12-24 23:52:59 #7 type] 
Type ormdatabase.model.ReboundStack is not enhanced.

[2021-12-24 23:52:59 #8 type] 
Type ormdatabase.model.CompressionStack is not enhanced.

[2021-12-24 23:52:59 #9 type] 
Type ormdatabase.model.Shim is not enhanced.

------------------------------------------------------------------------------------------------------------------------

[2021-12-24 23:54:11 #1 store] 
Database 'D:\Java\Projects\ORMDatabase\src\main\resources\odb\db\shimstack.odb' is opened by 8068@DmitrievAS

[2021-12-24 23:54:11 #2 store] 
Configuration path: ?

[2021-12-24 23:54:11 #3 type.registry] 
New type ormdatabase.model.Record

[2021-12-24 23:54:11 #4 type] 
Type ormdatabase.model.Record is not enhanced.

[2021-12-24 23:54:11 #5 type.registry] 
New type ormdatabase.model.ShimStackSet

[2021-12-24 23:54:11 #6 type] 
Type ormdatabase.model.ShimStackSet is not enhanced.

[2021-12-24 23:54:11 #7 type.registry] 
New type ormdatabase.model.StackPair

[2021-12-24 23:54:11 #8 type] 
Type ormdatabase.model.StackPair is not enhanced.

[2021-12-24 23:54:11 #9 type.registry] 
New type ormdatabase.model.ReboundStack

[2021-12-24 23:54:11 #10 type.registry] 
New type ormdatabase.model.CompressionStack

[2021-12-24 23:54:11 #11 type] 
Type ormdatabase.model.ReboundStack is not enhanced.

[2021-12-24 23:54:11 #12 type.registry] 
New type ormdatabase.model.Shim

[2021-12-24 23:54:11 #13 type] 
Type ormdatabase.model.CompressionStack is not enhanced.

[2021-12-24 23:54:11 #14 type] 
Type ormdatabase.model.Shim is not enhanced.

[2021-12-24 23:54:11 #15 type.registry] 
New type java.util.ArrayList<java.lang.Object>

[2021-12-24 23:54:11 #16 type.registry] 
New type java.util.ArrayList<ormdatabase.model.ShimStackSet>

[2021-12-24 23:54:11 #17 type.registry] 
New type java.util.ArrayList<ormdatabase.model.StackPair>

[2021-12-24 23:54:11 #18 type.registry] 
New type java.util.ArrayList<ormdatabase.model.Shim>

------------------------------------------------------------------------------------------------------------------------

[2021-12-24 23:55:29 #1 store] 
Database 'D:\Java\Projects\ORMDatabase\src\main\resources\odb\db\shimstack.odb' has been recovered (tr. 1-8)

[2021-12-24 23:55:29 #2 store] 
Database 'D:\Java\Projects\ORMDatabase\src\main\resources\odb\db\shimstack.odb' is opened by 7592@DmitrievAS

[2021-12-24 23:55:29 #3 store] 
Configuration path: ?

[2021-12-24 23:55:29 #4 type] 
Type ormdatabase.model.Record is not enhanced.

[2021-12-24 23:55:29 #5 type] 
Type ormdatabase.model.ShimStackSet is not enhanced.

[2021-12-24 23:55:29 #6 type] 
Type ormdatabase.model.StackPair is not enhanced.

[2021-12-24 23:55:29 #7 type] 
Type ormdatabase.model.ReboundStack is not enhanced.

[2021-12-24 23:55:29 #8 type] 
Type ormdatabase.model.CompressionStack is not enhanced.

[2021-12-24 23:55:29 #9 type] 
Type ormdatabase.model.Shim is not enhanced.

------------------------------------------------------------------------------------------------------------------------

[2021-12-24 23:58:38 #1 store] 
Database 'D:\Java\Projects\ORMDatabase\src\main\resources\odb\db\shimstack.odb' has been recovered (tr. 9-9)

[2021-12-24 23:58:38 #2 store] 
Database 'D:\Java\Projects\ORMDatabase\src\main\resources\odb\db\shimstack.odb' is opened by 13676@DmitrievAS

[2021-12-24 23:58:38 #3 store] 
Configuration path: ?

[2021-12-24 23:58:38 #4 type] 
Type ormdatabase.model.Record is not enhanced.

[2021-12-24 23:58:38 #5 type] 
Type ormdatabase.model.ShimStackSet is not enhanced.

[2021-12-24 23:58:38 #6 type] 
Type ormdatabase.model.StackPair is not enhanced.

[2021-12-24 23:58:38 #7 type] 
Type ormdatabase.model.ReboundStack is not enhanced.

[2021-12-24 23:58:38 #8 type] 
Type ormdatabase.model.CompressionStack is not enhanced.

[2021-12-24 23:58:38 #9 type] 
Type ormdatabase.model.Shim is not enhanced.

