------------------------------------------------------------------------------------------------------------------------

[2021-12-24 14:27:37 #1 store] 
Database 'D:\Java\Projects\ORMDatabase\src\main\resources\odb\db\shimstack.odb' has been recovered (tr. 1-4)

[2021-12-24 14:27:38 #2 store] 
Database 'D:\Java\Projects\ORMDatabase\src\main\resources\odb\db\shimstack.odb' is opened by 13712@DmitrievAS

[2021-12-24 14:27:38 #3 store] 
Configuration path: ?

[2021-12-24 14:27:38 #4 type.registry] 
New type ormdatabase.model.Record

[2021-12-24 14:27:38 #5 type] 
Type ormdatabase.model.Record is not enhanced.

------------------------------------------------------------------------------------------------------------------------

[2021-12-24 14:28:46 #1 store] 
Database 'D:\Java\Projects\ORMDatabase\src\main\resources\odb\db\shimstack.odb' is opened by 13672@DmitrievAS

[2021-12-24 14:28:46 #2 store] 
Configuration path: ?

[2021-12-24 14:28:46 #3 type.registry] 
New type ormdatabase.model.Record

[2021-12-24 14:28:46 #4 type] 
Type ormdatabase.model.Record is not enhanced.

[2021-12-24 14:28:46 #5 type.registry] 
New type ormdatabase.model.ShimStack

------------------------------------------------------------------------------------------------------------------------

[2021-12-24 14:29:33 #1 store] 
Database 'D:\Java\Projects\ORMDatabase\src\main\resources\odb\db\shimstack.odb' has been recovered (tr. 1-4)

[2021-12-24 14:29:33 #2 store] 
Database 'D:\Java\Projects\ORMDatabase\src\main\resources\odb\db\shimstack.odb' is opened by 2272@DmitrievAS

[2021-12-24 14:29:33 #3 store] 
Configuration path: ?

[2021-12-24 14:29:33 #4 type] 
Type ormdatabase.model.Record is not enhanced.

------------------------------------------------------------------------------------------------------------------------

[2021-12-24 15:22:51 #1 store] 
Database 'D:\Java\Projects\ORMDatabase\src\main\resources\odb\db\shimstack.odb' is opened by 12952@DmitrievAS

[2021-12-24 15:22:51 #2 store] 
Configuration path: ?

[2021-12-24 15:22:51 #3 type.registry] 
New type ormdatabase.model.Record

[2021-12-24 15:22:51 #4 type] 
Type ormdatabase.model.Record is not enhanced.

[2021-12-24 15:22:51 #5 type.registry] 
New type ormdatabase.model.ShimStack

------------------------------------------------------------------------------------------------------------------------

[2021-12-24 15:27:19 #1 store] 
Database 'D:\Java\Projects\ORMDatabase\src\main\resources\odb\db\shimstack.odb' has been recovered (tr. 1-6)

[2021-12-24 15:27:19 #2 store] 
Database 'D:\Java\Projects\ORMDatabase\src\main\resources\odb\db\shimstack.odb' is opened by 9732@DmitrievAS

[2021-12-24 15:27:19 #3 store] 
Configuration path: ?

[2021-12-24 15:27:19 #4 type] 
Type ormdatabase.model.Record is not enhanced.

------------------------------------------------------------------------------------------------------------------------

[2021-12-24 15:36:07 #1 store] 
Database 'D:\Java\Projects\ORMDatabase\src\main\resources\odb\db\shimstack.odb' has been recovered (tr. 7-9)

[2021-12-24 15:36:08 #2 store] 
Database 'D:\Java\Projects\ORMDatabase\src\main\resources\odb\db\shimstack.odb' is opened by 3188@DmitrievAS

[2021-12-24 15:36:08 #3 store] 
Configuration path: ?

[2021-12-24 15:36:08 #4 type] 
Type ormdatabase.model.Record is not enhanced.

------------------------------------------------------------------------------------------------------------------------

[2021-12-24 15:37:47 #1 store] 
Database 'D:\Java\Projects\ORMDatabase\src\main\resources\odb\db\shimstack.odb' is opened by 3092@DmitrievAS

[2021-12-24 15:37:47 #2 store] 
Configuration path: ?

[2021-12-24 15:37:47 #3 type] 
Type ormdatabase.model.Record is not enhanced.

------------------------------------------------------------------------------------------------------------------------

[2021-12-24 15:38:26 #1 store] 
Database 'D:\Java\Projects\ORMDatabase\src\main\resources\odb\db\shimstack.odb' is opened by 6064@DmitrievAS

[2021-12-24 15:38:26 #2 store] 
Configuration path: ?

[2021-12-24 15:38:26 #3 type] 
Type ormdatabase.model.Record is not enhanced.

------------------------------------------------------------------------------------------------------------------------

[2021-12-24 15:42:51 #1 store] 
Database 'D:\Java\Projects\ORMDatabase\src\main\resources\odb\db\shimstack.odb' is opened by 15260@DmitrievAS

[2021-12-24 15:42:51 #2 store] 
Configuration path: ?

[2021-12-24 15:42:51 #3 type] 
Type ormdatabase.model.Record is not enhanced.

------------------------------------------------------------------------------------------------------------------------

[2021-12-24 15:50:25 #1 store] 
Database 'D:\Java\Projects\ORMDatabase\src\main\resources\odb\db\shimstack.odb' is opened by 3768@DmitrievAS

[2021-12-24 15:50:25 #2 store] 
Configuration path: ?

[2021-12-24 15:50:25 #3 type] 
Type ormdatabase.model.Record is not enhanced.

