------------------------------------------------------------------------------------------------------------------------

[2021-12-28 14:04:10 #1 store] 
Database 'D:\Java\Projects\ORMDatabase\src\main\resources\odb\db\shimstack.odb' has been recovered (tr. 117-117)

[2021-12-28 14:04:10 #2 store] 
Database 'D:\Java\Projects\ORMDatabase\src\main\resources\odb\db\shimstack.odb' is opened by 784@DmitrievAS

[2021-12-28 14:04:10 #3 store] 
Configuration path: ?

[2021-12-28 14:04:10 #4 type] 
Type ormdatabase.model.Record is not enhanced.

[2021-12-28 14:04:10 #5 type] 
Type ormdatabase.model.ShimStackSet is not enhanced.

[2021-12-28 14:04:10 #6 type] 
Type ormdatabase.model.StackPair is not enhanced.

[2021-12-28 14:04:10 #7 type] 
Type ormdatabase.model.ReboundStack is not enhanced.

[2021-12-28 14:04:10 #8 type] 
Type ormdatabase.model.CompressionStack is not enhanced.

[2021-12-28 14:04:10 #9 type] 
Type ormdatabase.model.Shim is not enhanced.

------------------------------------------------------------------------------------------------------------------------

[2021-12-28 15:27:20 #1 store] 
Database 'D:\Java\Projects\ORMDatabase\src\main\resources\odb\db\shimstack.odb' has been recovered (tr. 118-118)

[2021-12-28 15:27:20 #2 store] 
Database 'D:\Java\Projects\ORMDatabase\src\main\resources\odb\db\shimstack.odb' is opened by 13448@DmitrievAS

[2021-12-28 15:27:20 #3 store] 
Configuration path: ?

[2021-12-28 15:27:20 #4 type] 
Type ormdatabase.model.Record is not enhanced.

[2021-12-28 15:27:20 #5 type] 
Type ormdatabase.model.ShimStackSet is not enhanced.

[2021-12-28 15:27:20 #6 type] 
Type ormdatabase.model.StackPair is not enhanced.

[2021-12-28 15:27:20 #7 type] 
Type ormdatabase.model.ReboundStack is not enhanced.

[2021-12-28 15:27:20 #8 type] 
Type ormdatabase.model.CompressionStack is not enhanced.

[2021-12-28 15:27:20 #9 type] 
Type ormdatabase.model.Shim is not enhanced.

------------------------------------------------------------------------------------------------------------------------

[2021-12-28 15:29:16 #1 store] 
Database 'D:\Java\Projects\ORMDatabase\src\main\resources\odb\db\shimstack.odb' has been recovered (tr. 119-120)

[2021-12-28 15:29:16 #2 store] 
Database 'D:\Java\Projects\ORMDatabase\src\main\resources\odb\db\shimstack.odb' is opened by 11768@DmitrievAS

[2021-12-28 15:29:16 #3 store] 
Configuration path: ?

[2021-12-28 15:29:16 #4 type] 
Type ormdatabase.model.Record is not enhanced.

[2021-12-28 15:29:16 #5 type] 
Type ormdatabase.model.ShimStackSet is not enhanced.

[2021-12-28 15:29:16 #6 type] 
Type ormdatabase.model.StackPair is not enhanced.

[2021-12-28 15:29:16 #7 type] 
Type ormdatabase.model.ReboundStack is not enhanced.

[2021-12-28 15:29:16 #8 type] 
Type ormdatabase.model.CompressionStack is not enhanced.

[2021-12-28 15:29:16 #9 type] 
Type ormdatabase.model.Shim is not enhanced.

------------------------------------------------------------------------------------------------------------------------

[2021-12-28 15:30:00 #1 store] 
Database 'D:\Java\Projects\ORMDatabase\src\main\resources\odb\db\shimstack.odb' has been recovered (tr. 121-121)

[2021-12-28 15:30:01 #2 store] 
Database 'D:\Java\Projects\ORMDatabase\src\main\resources\odb\db\shimstack.odb' is opened by 11536@DmitrievAS

[2021-12-28 15:30:01 #3 store] 
Configuration path: ?

[2021-12-28 15:30:01 #4 type] 
Type ormdatabase.model.Record is not enhanced.

[2021-12-28 15:30:01 #5 type] 
Type ormdatabase.model.ShimStackSet is not enhanced.

[2021-12-28 15:30:01 #6 type] 
Type ormdatabase.model.StackPair is not enhanced.

[2021-12-28 15:30:01 #7 type] 
Type ormdatabase.model.ReboundStack is not enhanced.

[2021-12-28 15:30:01 #8 type] 
Type ormdatabase.model.CompressionStack is not enhanced.

[2021-12-28 15:30:01 #9 type] 
Type ormdatabase.model.Shim is not enhanced.

------------------------------------------------------------------------------------------------------------------------

[2021-12-28 15:31:33 #1 store] 
Database 'D:\Java\Projects\ORMDatabase\src\main\resources\odb\db\shimstack.odb' has been recovered (tr. 122-122)

[2021-12-28 15:31:33 #2 store] 
Database 'D:\Java\Projects\ORMDatabase\src\main\resources\odb\db\shimstack.odb' is opened by 4072@DmitrievAS

[2021-12-28 15:31:33 #3 store] 
Configuration path: ?

[2021-12-28 15:31:33 #4 type] 
Type ormdatabase.model.Record is not enhanced.

[2021-12-28 15:31:33 #5 type] 
Type ormdatabase.model.ShimStackSet is not enhanced.

[2021-12-28 15:31:33 #6 type] 
Type ormdatabase.model.StackPair is not enhanced.

[2021-12-28 15:31:33 #7 type] 
Type ormdatabase.model.ReboundStack is not enhanced.

[2021-12-28 15:31:33 #8 type] 
Type ormdatabase.model.CompressionStack is not enhanced.

[2021-12-28 15:31:33 #9 type] 
Type ormdatabase.model.Shim is not enhanced.

------------------------------------------------------------------------------------------------------------------------

[2021-12-28 15:32:14 #1 store] 
Database 'D:\Java\Projects\ORMDatabase\src\main\resources\odb\db\shimstack.odb' has been recovered (tr. 123-123)

[2021-12-28 15:32:14 #2 store] 
Database 'D:\Java\Projects\ORMDatabase\src\main\resources\odb\db\shimstack.odb' is opened by 5232@DmitrievAS

[2021-12-28 15:32:14 #3 store] 
Configuration path: ?

[2021-12-28 15:32:14 #4 type] 
Type ormdatabase.model.Record is not enhanced.

[2021-12-28 15:32:14 #5 type] 
Type ormdatabase.model.ShimStackSet is not enhanced.

[2021-12-28 15:32:14 #6 type] 
Type ormdatabase.model.StackPair is not enhanced.

[2021-12-28 15:32:14 #7 type] 
Type ormdatabase.model.ReboundStack is not enhanced.

[2021-12-28 15:32:14 #8 type] 
Type ormdatabase.model.CompressionStack is not enhanced.

[2021-12-28 15:32:14 #9 type] 
Type ormdatabase.model.Shim is not enhanced.

------------------------------------------------------------------------------------------------------------------------

[2021-12-28 15:35:00 #1 store] 
Database 'D:\Java\Projects\ORMDatabase\src\main\resources\odb\db\shimstack.odb' has been recovered (tr. 124-124)

[2021-12-28 15:35:00 #2 store] 
Database 'D:\Java\Projects\ORMDatabase\src\main\resources\odb\db\shimstack.odb' is opened by 6176@DmitrievAS

[2021-12-28 15:35:00 #3 store] 
Configuration path: ?

[2021-12-28 15:35:00 #4 type] 
Type ormdatabase.model.Record is not enhanced.

[2021-12-28 15:35:00 #5 type] 
Type ormdatabase.model.ShimStackSet is not enhanced.

[2021-12-28 15:35:00 #6 type] 
Type ormdatabase.model.StackPair is not enhanced.

[2021-12-28 15:35:00 #7 type] 
Type ormdatabase.model.ReboundStack is not enhanced.

[2021-12-28 15:35:00 #8 type] 
Type ormdatabase.model.CompressionStack is not enhanced.

[2021-12-28 15:35:00 #9 type] 
Type ormdatabase.model.Shim is not enhanced.

------------------------------------------------------------------------------------------------------------------------

[2021-12-28 15:35:56 #1 store] 
Database 'D:\Java\Projects\ORMDatabase\src\main\resources\odb\db\shimstack.odb' has been recovered (tr. 125-125)

[2021-12-28 15:35:56 #2 store] 
Database 'D:\Java\Projects\ORMDatabase\src\main\resources\odb\db\shimstack.odb' is opened by 1912@DmitrievAS

[2021-12-28 15:35:56 #3 store] 
Configuration path: ?

[2021-12-28 15:35:57 #4 type] 
Type ormdatabase.model.Record is not enhanced.

[2021-12-28 15:35:57 #5 type] 
Type ormdatabase.model.ShimStackSet is not enhanced.

[2021-12-28 15:35:57 #6 type] 
Type ormdatabase.model.StackPair is not enhanced.

[2021-12-28 15:35:57 #7 type] 
Type ormdatabase.model.ReboundStack is not enhanced.

[2021-12-28 15:35:57 #8 type] 
Type ormdatabase.model.CompressionStack is not enhanced.

[2021-12-28 15:35:57 #9 type] 
Type ormdatabase.model.Shim is not enhanced.

------------------------------------------------------------------------------------------------------------------------

[2021-12-28 15:37:46 #1 store] 
Database 'D:\Java\Projects\ORMDatabase\src\main\resources\odb\db\shimstack.odb' has been recovered (tr. 126-126)

[2021-12-28 15:37:46 #2 store] 
Database 'D:\Java\Projects\ORMDatabase\src\main\resources\odb\db\shimstack.odb' is opened by 4480@DmitrievAS

[2021-12-28 15:37:46 #3 store] 
Configuration path: ?

[2021-12-28 15:37:46 #4 type] 
Type ormdatabase.model.Record is not enhanced.

[2021-12-28 15:37:46 #5 type] 
Type ormdatabase.model.ShimStackSet is not enhanced.

[2021-12-28 15:37:46 #6 type] 
Type ormdatabase.model.StackPair is not enhanced.

[2021-12-28 15:37:46 #7 type] 
Type ormdatabase.model.ReboundStack is not enhanced.

[2021-12-28 15:37:46 #8 type] 
Type ormdatabase.model.CompressionStack is not enhanced.

[2021-12-28 15:37:46 #9 type] 
Type ormdatabase.model.Shim is not enhanced.

------------------------------------------------------------------------------------------------------------------------

[2021-12-28 15:39:56 #1 store] 
Database 'D:\Java\Projects\ORMDatabase\src\main\resources\odb\db\shimstack.odb' has been recovered (tr. 127-127)

[2021-12-28 15:39:56 #2 store] 
Database 'D:\Java\Projects\ORMDatabase\src\main\resources\odb\db\shimstack.odb' is opened by 15308@DmitrievAS

[2021-12-28 15:39:56 #3 store] 
Configuration path: ?

[2021-12-28 15:39:56 #4 type] 
Type ormdatabase.model.Record is not enhanced.

[2021-12-28 15:39:56 #5 type] 
Type ormdatabase.model.ShimStackSet is not enhanced.

[2021-12-28 15:39:56 #6 type] 
Type ormdatabase.model.StackPair is not enhanced.

[2021-12-28 15:39:56 #7 type] 
Type ormdatabase.model.ReboundStack is not enhanced.

[2021-12-28 15:39:56 #8 type] 
Type ormdatabase.model.CompressionStack is not enhanced.

[2021-12-28 15:39:56 #9 type] 
Type ormdatabase.model.Shim is not enhanced.

------------------------------------------------------------------------------------------------------------------------

[2021-12-28 16:40:05 #1 store] 
Database 'D:\Java\Projects\ORMDatabase\src\main\resources\odb\db\shimstack.odb' has been recovered (tr. 128-128)

[2021-12-28 16:40:05 #2 store] 
Database 'D:\Java\Projects\ORMDatabase\src\main\resources\odb\db\shimstack.odb' is opened by 6084@DmitrievAS

[2021-12-28 16:40:05 #3 store] 
Configuration path: ?

[2021-12-28 16:40:05 #4 type] 
Type ormdatabase.model.Record is not enhanced.

[2021-12-28 16:40:05 #5 type] 
Type ormdatabase.model.ShimStackSet is not enhanced.

[2021-12-28 16:40:05 #6 type] 
Type ormdatabase.model.StackPair is not enhanced.

[2021-12-28 16:40:05 #7 type] 
Type ormdatabase.model.ReboundStack is not enhanced.

[2021-12-28 16:40:05 #8 type] 
Type ormdatabase.model.CompressionStack is not enhanced.

[2021-12-28 16:40:05 #9 type] 
Type ormdatabase.model.Shim is not enhanced.

------------------------------------------------------------------------------------------------------------------------

[2021-12-28 16:54:14 #1 store] 
Database 'D:\Java\Projects\ORMDatabase\src\main\resources\odb\db\shimstack.odb' has been recovered (tr. 129-129)

[2021-12-28 16:54:14 #2 store] 
Database 'D:\Java\Projects\ORMDatabase\src\main\resources\odb\db\shimstack.odb' is opened by 10312@DmitrievAS

[2021-12-28 16:54:14 #3 store] 
Configuration path: ?

[2021-12-28 16:54:14 #4 type] 
Type ormdatabase.model.Record is not enhanced.

[2021-12-28 16:54:14 #5 type] 
Type ormdatabase.model.ShimStackSet is not enhanced.

[2021-12-28 16:54:14 #6 type] 
Type ormdatabase.model.StackPair is not enhanced.

[2021-12-28 16:54:14 #7 type] 
Type ormdatabase.model.ReboundStack is not enhanced.

[2021-12-28 16:54:14 #8 type] 
Type ormdatabase.model.CompressionStack is not enhanced.

[2021-12-28 16:54:14 #9 type] 
Type ormdatabase.model.Shim is not enhanced.

------------------------------------------------------------------------------------------------------------------------

[2021-12-28 16:58:09 #1 store] 
Database 'D:\Java\Projects\ORMDatabase\src\main\resources\odb\db\shimstack.odb' has been recovered (tr. 130-130)

[2021-12-28 16:58:09 #2 store] 
Database 'D:\Java\Projects\ORMDatabase\src\main\resources\odb\db\shimstack.odb' is opened by 12652@DmitrievAS

[2021-12-28 16:58:09 #3 store] 
Configuration path: ?

[2021-12-28 16:58:09 #4 type] 
Type ormdatabase.model.Record is not enhanced.

[2021-12-28 16:58:09 #5 type] 
Type ormdatabase.model.ShimStackSet is not enhanced.

[2021-12-28 16:58:09 #6 type] 
Type ormdatabase.model.StackPair is not enhanced.

[2021-12-28 16:58:09 #7 type] 
Type ormdatabase.model.ReboundStack is not enhanced.

[2021-12-28 16:58:09 #8 type] 
Type ormdatabase.model.CompressionStack is not enhanced.

[2021-12-28 16:58:09 #9 type] 
Type ormdatabase.model.Shim is not enhanced.

------------------------------------------------------------------------------------------------------------------------

[2021-12-28 17:00:24 #1 store] 
Database 'D:\Java\Projects\ORMDatabase\src\main\resources\odb\db\shimstack.odb' has been recovered (tr. 131-131)

[2021-12-28 17:00:24 #2 store] 
Database 'D:\Java\Projects\ORMDatabase\src\main\resources\odb\db\shimstack.odb' is opened by 13624@DmitrievAS

[2021-12-28 17:00:24 #3 store] 
Configuration path: ?

[2021-12-28 17:00:24 #4 type] 
Type ormdatabase.model.Record is not enhanced.

[2021-12-28 17:00:24 #5 type] 
Type ormdatabase.model.ShimStackSet is not enhanced.

[2021-12-28 17:00:24 #6 type] 
Type ormdatabase.model.StackPair is not enhanced.

[2021-12-28 17:00:24 #7 type] 
Type ormdatabase.model.ReboundStack is not enhanced.

[2021-12-28 17:00:24 #8 type] 
Type ormdatabase.model.CompressionStack is not enhanced.

[2021-12-28 17:00:24 #9 type] 
Type ormdatabase.model.Shim is not enhanced.

------------------------------------------------------------------------------------------------------------------------

[2021-12-28 17:01:20 #1 store] 
Database 'D:\Java\Projects\ORMDatabase\src\main\resources\odb\db\shimstack.odb' has been recovered (tr. 132-132)

[2021-12-28 17:01:20 #2 store] 
Database 'D:\Java\Projects\ORMDatabase\src\main\resources\odb\db\shimstack.odb' is opened by 4764@DmitrievAS

[2021-12-28 17:01:20 #3 store] 
Configuration path: ?

[2021-12-28 17:01:20 #4 type] 
Type ormdatabase.model.Record is not enhanced.

[2021-12-28 17:01:20 #5 type] 
Type ormdatabase.model.ShimStackSet is not enhanced.

[2021-12-28 17:01:20 #6 type] 
Type ormdatabase.model.StackPair is not enhanced.

[2021-12-28 17:01:20 #7 type] 
Type ormdatabase.model.ReboundStack is not enhanced.

[2021-12-28 17:01:20 #8 type] 
Type ormdatabase.model.CompressionStack is not enhanced.

[2021-12-28 17:01:20 #9 type] 
Type ormdatabase.model.Shim is not enhanced.

------------------------------------------------------------------------------------------------------------------------

[2021-12-28 17:07:38 #1 store] 
Database 'D:\Java\Projects\ORMDatabase\src\main\resources\odb\db\shimstack.odb' has been recovered (tr. 133-133)

[2021-12-28 17:07:38 #2 store] 
Database 'D:\Java\Projects\ORMDatabase\src\main\resources\odb\db\shimstack.odb' is opened by 11672@DmitrievAS

[2021-12-28 17:07:38 #3 store] 
Configuration path: ?

[2021-12-28 17:07:39 #4 type] 
Type ormdatabase.model.Record is not enhanced.

[2021-12-28 17:07:39 #5 type] 
Type ormdatabase.model.ShimStackSet is not enhanced.

[2021-12-28 17:07:39 #6 type] 
Type ormdatabase.model.StackPair is not enhanced.

[2021-12-28 17:07:39 #7 type] 
Type ormdatabase.model.ReboundStack is not enhanced.

[2021-12-28 17:07:39 #8 type] 
Type ormdatabase.model.CompressionStack is not enhanced.

[2021-12-28 17:07:39 #9 type] 
Type ormdatabase.model.Shim is not enhanced.

------------------------------------------------------------------------------------------------------------------------

[2021-12-28 17:08:45 #1 store] 
Database 'D:\Java\Projects\ORMDatabase\src\main\resources\odb\db\shimstack.odb' has been recovered (tr. 134-134)

[2021-12-28 17:08:45 #2 store] 
Database 'D:\Java\Projects\ORMDatabase\src\main\resources\odb\db\shimstack.odb' is opened by 7176@DmitrievAS

[2021-12-28 17:08:45 #3 store] 
Configuration path: ?

[2021-12-28 17:08:45 #4 type] 
Type ormdatabase.model.Record is not enhanced.

[2021-12-28 17:08:45 #5 type] 
Type ormdatabase.model.ShimStackSet is not enhanced.

[2021-12-28 17:08:45 #6 type] 
Type ormdatabase.model.StackPair is not enhanced.

[2021-12-28 17:08:45 #7 type] 
Type ormdatabase.model.ReboundStack is not enhanced.

[2021-12-28 17:08:45 #8 type] 
Type ormdatabase.model.CompressionStack is not enhanced.

[2021-12-28 17:08:45 #9 type] 
Type ormdatabase.model.Shim is not enhanced.

------------------------------------------------------------------------------------------------------------------------

[2021-12-28 17:10:47 #1 store] 
Database 'D:\Java\Projects\ORMDatabase\src\main\resources\odb\db\shimstack.odb' has been recovered (tr. 135-135)

[2021-12-28 17:10:48 #2 store] 
Database 'D:\Java\Projects\ORMDatabase\src\main\resources\odb\db\shimstack.odb' is opened by 11532@DmitrievAS

[2021-12-28 17:10:48 #3 store] 
Configuration path: ?

[2021-12-28 17:10:48 #4 type] 
Type ormdatabase.model.Record is not enhanced.

[2021-12-28 17:10:48 #5 type] 
Type ormdatabase.model.ShimStackSet is not enhanced.

[2021-12-28 17:10:48 #6 type] 
Type ormdatabase.model.StackPair is not enhanced.

[2021-12-28 17:10:48 #7 type] 
Type ormdatabase.model.ReboundStack is not enhanced.

[2021-12-28 17:10:48 #8 type] 
Type ormdatabase.model.CompressionStack is not enhanced.

[2021-12-28 17:10:48 #9 type] 
Type ormdatabase.model.Shim is not enhanced.

------------------------------------------------------------------------------------------------------------------------

[2021-12-28 17:15:03 #1 store] 
Database 'D:\Java\Projects\ORMDatabase\src\main\resources\odb\db\shimstack.odb' has been recovered (tr. 136-136)

[2021-12-28 17:15:03 #2 store] 
Database 'D:\Java\Projects\ORMDatabase\src\main\resources\odb\db\shimstack.odb' is opened by 1292@DmitrievAS

[2021-12-28 17:15:03 #3 store] 
Configuration path: ?

[2021-12-28 17:15:04 #4 type] 
Type ormdatabase.model.Record is not enhanced.

[2021-12-28 17:15:04 #5 type] 
Type ormdatabase.model.ShimStackSet is not enhanced.

[2021-12-28 17:15:04 #6 type] 
Type ormdatabase.model.StackPair is not enhanced.

[2021-12-28 17:15:04 #7 type] 
Type ormdatabase.model.ReboundStack is not enhanced.

[2021-12-28 17:15:04 #8 type] 
Type ormdatabase.model.CompressionStack is not enhanced.

[2021-12-28 17:15:04 #9 type] 
Type ormdatabase.model.Shim is not enhanced.

------------------------------------------------------------------------------------------------------------------------

[2021-12-28 17:16:03 #1 store] 
Database 'D:\Java\Projects\ORMDatabase\src\main\resources\odb\db\shimstack.odb' has been recovered (tr. 137-137)

[2021-12-28 17:16:03 #2 store] 
Database 'D:\Java\Projects\ORMDatabase\src\main\resources\odb\db\shimstack.odb' is opened by 4884@DmitrievAS

[2021-12-28 17:16:03 #3 store] 
Configuration path: ?

[2021-12-28 17:16:03 #4 type] 
Type ormdatabase.model.Record is not enhanced.

[2021-12-28 17:16:03 #5 type] 
Type ormdatabase.model.ShimStackSet is not enhanced.

[2021-12-28 17:16:03 #6 type] 
Type ormdatabase.model.StackPair is not enhanced.

[2021-12-28 17:16:03 #7 type] 
Type ormdatabase.model.ReboundStack is not enhanced.

[2021-12-28 17:16:03 #8 type] 
Type ormdatabase.model.CompressionStack is not enhanced.

[2021-12-28 17:16:03 #9 type] 
Type ormdatabase.model.Shim is not enhanced.

------------------------------------------------------------------------------------------------------------------------

[2021-12-28 17:20:04 #1 store] 
Database 'D:\Java\Projects\ORMDatabase\src\main\resources\odb\db\shimstack.odb' has been recovered (tr. 138-138)

[2021-12-28 17:20:04 #2 store] 
Database 'D:\Java\Projects\ORMDatabase\src\main\resources\odb\db\shimstack.odb' is opened by 7176@DmitrievAS

[2021-12-28 17:20:04 #3 store] 
Configuration path: ?

[2021-12-28 17:20:04 #4 type] 
Type ormdatabase.model.Record is not enhanced.

[2021-12-28 17:20:04 #5 type] 
Type ormdatabase.model.ShimStackSet is not enhanced.

[2021-12-28 17:20:04 #6 type] 
Type ormdatabase.model.StackPair is not enhanced.

[2021-12-28 17:20:04 #7 type] 
Type ormdatabase.model.ReboundStack is not enhanced.

[2021-12-28 17:20:04 #8 type] 
Type ormdatabase.model.CompressionStack is not enhanced.

[2021-12-28 17:20:04 #9 type] 
Type ormdatabase.model.Shim is not enhanced.

------------------------------------------------------------------------------------------------------------------------

[2021-12-28 17:22:59 #1 store] 
Database 'D:\Java\Projects\ORMDatabase\src\main\resources\odb\db\shimstack.odb' has been recovered (tr. 139-139)

[2021-12-28 17:22:59 #2 store] 
Database 'D:\Java\Projects\ORMDatabase\src\main\resources\odb\db\shimstack.odb' is opened by 13468@DmitrievAS

[2021-12-28 17:22:59 #3 store] 
Configuration path: ?

[2021-12-28 17:22:59 #4 type] 
Type ormdatabase.model.Record is not enhanced.

[2021-12-28 17:22:59 #5 type] 
Type ormdatabase.model.ShimStackSet is not enhanced.

[2021-12-28 17:22:59 #6 type] 
Type ormdatabase.model.StackPair is not enhanced.

[2021-12-28 17:22:59 #7 type] 
Type ormdatabase.model.ReboundStack is not enhanced.

[2021-12-28 17:22:59 #8 type] 
Type ormdatabase.model.CompressionStack is not enhanced.

[2021-12-28 17:22:59 #9 type] 
Type ormdatabase.model.Shim is not enhanced.

------------------------------------------------------------------------------------------------------------------------

[2021-12-28 17:38:40 #1 store] 
Database 'D:\Java\Projects\ORMDatabase\src\main\resources\odb\db\shimstack.odb' has been recovered (tr. 140-140)

[2021-12-28 17:38:40 #2 store] 
Database 'D:\Java\Projects\ORMDatabase\src\main\resources\odb\db\shimstack.odb' is opened by 3112@DmitrievAS

[2021-12-28 17:38:40 #3 store] 
Configuration path: ?

[2021-12-28 17:38:40 #4 type] 
Type ormdatabase.model.Record is not enhanced.

[2021-12-28 17:38:40 #5 type] 
Type ormdatabase.model.ShimStackSet is not enhanced.

[2021-12-28 17:38:40 #6 type] 
Type ormdatabase.model.StackPair is not enhanced.

[2021-12-28 17:38:40 #7 type] 
Type ormdatabase.model.ReboundStack is not enhanced.

[2021-12-28 17:38:40 #8 type] 
Type ormdatabase.model.CompressionStack is not enhanced.

[2021-12-28 17:38:40 #9 type] 
Type ormdatabase.model.Shim is not enhanced.

------------------------------------------------------------------------------------------------------------------------

[2021-12-28 17:39:58 #1 store] 
Database 'D:\Java\Projects\ORMDatabase\src\main\resources\odb\db\shimstack.odb' has been recovered (tr. 141-141)

[2021-12-28 17:39:58 #2 store] 
Database 'D:\Java\Projects\ORMDatabase\src\main\resources\odb\db\shimstack.odb' is opened by 14744@DmitrievAS

[2021-12-28 17:39:58 #3 store] 
Configuration path: ?

[2021-12-28 17:39:58 #4 type] 
Type ormdatabase.model.Record is not enhanced.

[2021-12-28 17:39:58 #5 type] 
Type ormdatabase.model.ShimStackSet is not enhanced.

[2021-12-28 17:39:58 #6 type] 
Type ormdatabase.model.StackPair is not enhanced.

[2021-12-28 17:39:58 #7 type] 
Type ormdatabase.model.ReboundStack is not enhanced.

[2021-12-28 17:39:58 #8 type] 
Type ormdatabase.model.CompressionStack is not enhanced.

[2021-12-28 17:39:58 #9 type] 
Type ormdatabase.model.Shim is not enhanced.

------------------------------------------------------------------------------------------------------------------------

[2021-12-28 17:41:24 #1 store] 
Database 'D:\Java\Projects\ORMDatabase\src\main\resources\odb\db\shimstack.odb' has been recovered (tr. 142-142)

[2021-12-28 17:41:24 #2 store] 
Database 'D:\Java\Projects\ORMDatabase\src\main\resources\odb\db\shimstack.odb' is opened by 9528@DmitrievAS

[2021-12-28 17:41:24 #3 store] 
Configuration path: ?

[2021-12-28 17:41:25 #4 type] 
Type ormdatabase.model.Record is not enhanced.

[2021-12-28 17:41:25 #5 type] 
Type ormdatabase.model.ShimStackSet is not enhanced.

[2021-12-28 17:41:25 #6 type] 
Type ormdatabase.model.StackPair is not enhanced.

[2021-12-28 17:41:25 #7 type] 
Type ormdatabase.model.ReboundStack is not enhanced.

[2021-12-28 17:41:25 #8 type] 
Type ormdatabase.model.CompressionStack is not enhanced.

[2021-12-28 17:41:25 #9 type] 
Type ormdatabase.model.Shim is not enhanced.

------------------------------------------------------------------------------------------------------------------------

[2021-12-28 17:43:44 #1 store] 
Database 'D:\Java\Projects\ORMDatabase\src\main\resources\odb\db\shimstack.odb' has been recovered (tr. 143-143)

[2021-12-28 17:43:45 #2 store] 
Database 'D:\Java\Projects\ORMDatabase\src\main\resources\odb\db\shimstack.odb' is opened by 11172@DmitrievAS

[2021-12-28 17:43:45 #3 store] 
Configuration path: ?

[2021-12-28 17:43:45 #4 type] 
Type ormdatabase.model.Record is not enhanced.

[2021-12-28 17:43:45 #5 type] 
Type ormdatabase.model.ShimStackSet is not enhanced.

[2021-12-28 17:43:45 #6 type] 
Type ormdatabase.model.StackPair is not enhanced.

[2021-12-28 17:43:45 #7 type] 
Type ormdatabase.model.ReboundStack is not enhanced.

[2021-12-28 17:43:45 #8 type] 
Type ormdatabase.model.CompressionStack is not enhanced.

[2021-12-28 17:43:45 #9 type] 
Type ormdatabase.model.Shim is not enhanced.

------------------------------------------------------------------------------------------------------------------------

[2021-12-28 17:47:45 #1 store] 
Database 'D:\Java\Projects\ORMDatabase\src\main\resources\odb\db\shimstack.odb' has been recovered (tr. 144-144)

[2021-12-28 17:47:45 #2 store] 
Database 'D:\Java\Projects\ORMDatabase\src\main\resources\odb\db\shimstack.odb' is opened by 8660@DmitrievAS

[2021-12-28 17:47:45 #3 store] 
Configuration path: ?

[2021-12-28 17:47:45 #4 type] 
Type ormdatabase.model.Record is not enhanced.

[2021-12-28 17:47:45 #5 type] 
Type ormdatabase.model.ShimStackSet is not enhanced.

[2021-12-28 17:47:45 #6 type] 
Type ormdatabase.model.StackPair is not enhanced.

[2021-12-28 17:47:45 #7 type] 
Type ormdatabase.model.ReboundStack is not enhanced.

[2021-12-28 17:47:45 #8 type] 
Type ormdatabase.model.CompressionStack is not enhanced.

[2021-12-28 17:47:45 #9 type] 
Type ormdatabase.model.Shim is not enhanced.

------------------------------------------------------------------------------------------------------------------------

[2021-12-28 17:49:44 #1 store] 
Database 'D:\Java\Projects\ORMDatabase\src\main\resources\odb\db\shimstack.odb' has been recovered (tr. 145-145)

[2021-12-28 17:49:44 #2 store] 
Database 'D:\Java\Projects\ORMDatabase\src\main\resources\odb\db\shimstack.odb' is opened by 12156@DmitrievAS

[2021-12-28 17:49:44 #3 store] 
Configuration path: ?

[2021-12-28 17:49:44 #4 type] 
Type ormdatabase.model.Record is not enhanced.

[2021-12-28 17:49:44 #5 type] 
Type ormdatabase.model.ShimStackSet is not enhanced.

[2021-12-28 17:49:44 #6 type] 
Type ormdatabase.model.StackPair is not enhanced.

[2021-12-28 17:49:44 #7 type] 
Type ormdatabase.model.ReboundStack is not enhanced.

[2021-12-28 17:49:44 #8 type] 
Type ormdatabase.model.CompressionStack is not enhanced.

[2021-12-28 17:49:44 #9 type] 
Type ormdatabase.model.Shim is not enhanced.

------------------------------------------------------------------------------------------------------------------------

[2021-12-28 17:54:36 #1 store] 
Database 'D:\Java\Projects\ORMDatabase\src\main\resources\odb\db\shimstack.odb' has been recovered (tr. 146-146)

[2021-12-28 17:54:36 #2 store] 
Database 'D:\Java\Projects\ORMDatabase\src\main\resources\odb\db\shimstack.odb' is opened by 8864@DmitrievAS

[2021-12-28 17:54:36 #3 store] 
Configuration path: ?

[2021-12-28 17:54:36 #4 type] 
Type ormdatabase.model.Record is not enhanced.

[2021-12-28 17:54:36 #5 type] 
Type ormdatabase.model.ShimStackSet is not enhanced.

[2021-12-28 17:54:36 #6 type] 
Type ormdatabase.model.StackPair is not enhanced.

[2021-12-28 17:54:36 #7 type] 
Type ormdatabase.model.ReboundStack is not enhanced.

[2021-12-28 17:54:36 #8 type] 
Type ormdatabase.model.CompressionStack is not enhanced.

[2021-12-28 17:54:36 #9 type] 
Type ormdatabase.model.Shim is not enhanced.

------------------------------------------------------------------------------------------------------------------------

[2021-12-28 17:59:18 #1 store] 
Database 'D:\Java\Projects\ORMDatabase\src\main\resources\odb\db\shimstack.odb' has been recovered (tr. 147-147)

[2021-12-28 17:59:18 #2 store] 
Database 'D:\Java\Projects\ORMDatabase\src\main\resources\odb\db\shimstack.odb' is opened by 11856@DmitrievAS

[2021-12-28 17:59:18 #3 store] 
Configuration path: ?

[2021-12-28 17:59:18 #4 type] 
Type ormdatabase.model.Record is not enhanced.

[2021-12-28 17:59:18 #5 type] 
Type ormdatabase.model.ShimStackSet is not enhanced.

[2021-12-28 17:59:18 #6 type] 
Type ormdatabase.model.StackPair is not enhanced.

[2021-12-28 17:59:18 #7 type] 
Type ormdatabase.model.ReboundStack is not enhanced.

[2021-12-28 17:59:18 #8 type] 
Type ormdatabase.model.CompressionStack is not enhanced.

[2021-12-28 17:59:18 #9 type] 
Type ormdatabase.model.Shim is not enhanced.

------------------------------------------------------------------------------------------------------------------------

[2021-12-28 18:11:57 #1 store] 
Database 'D:\Java\Projects\ORMDatabase\src\main\resources\odb\db\shimstack.odb' has been recovered (tr. 148-148)

[2021-12-28 18:11:57 #2 store] 
Database 'D:\Java\Projects\ORMDatabase\src\main\resources\odb\db\shimstack.odb' is opened by 10772@DmitrievAS

[2021-12-28 18:11:57 #3 store] 
Configuration path: ?

[2021-12-28 18:11:57 #4 type] 
Type ormdatabase.model.Record is not enhanced.

[2021-12-28 18:11:57 #5 type] 
Type ormdatabase.model.ShimStackSet is not enhanced.

[2021-12-28 18:11:57 #6 type] 
Type ormdatabase.model.StackPair is not enhanced.

[2021-12-28 18:11:57 #7 type] 
Type ormdatabase.model.ReboundStack is not enhanced.

[2021-12-28 18:11:57 #8 type] 
Type ormdatabase.model.CompressionStack is not enhanced.

[2021-12-28 18:11:57 #9 type] 
Type ormdatabase.model.Shim is not enhanced.

------------------------------------------------------------------------------------------------------------------------

[2021-12-28 18:15:15 #1 store] 
Database 'D:\Java\Projects\ORMDatabase\src\main\resources\odb\db\shimstack.odb' has been recovered (tr. 149-150)

[2021-12-28 18:15:15 #2 store] 
Database 'D:\Java\Projects\ORMDatabase\src\main\resources\odb\db\shimstack.odb' is opened by 9436@DmitrievAS

[2021-12-28 18:15:15 #3 store] 
Configuration path: ?

[2021-12-28 18:15:16 #4 type] 
Type ormdatabase.model.Record is not enhanced.

[2021-12-28 18:15:16 #5 type] 
Type ormdatabase.model.ShimStackSet is not enhanced.

[2021-12-28 18:15:16 #6 type] 
Type ormdatabase.model.StackPair is not enhanced.

[2021-12-28 18:15:16 #7 type] 
Type ormdatabase.model.ReboundStack is not enhanced.

[2021-12-28 18:15:16 #8 type] 
Type ormdatabase.model.CompressionStack is not enhanced.

[2021-12-28 18:15:16 #9 type] 
Type ormdatabase.model.Shim is not enhanced.

------------------------------------------------------------------------------------------------------------------------

[2021-12-28 18:19:09 #1 store] 
Database 'D:\Java\Projects\ORMDatabase\src\main\resources\odb\db\shimstack.odb' has been recovered (tr. 151-151)

[2021-12-28 18:19:09 #2 store] 
Database 'D:\Java\Projects\ORMDatabase\src\main\resources\odb\db\shimstack.odb' is opened by 14684@DmitrievAS

[2021-12-28 18:19:09 #3 store] 
Configuration path: ?

[2021-12-28 18:19:09 #4 type] 
Type ormdatabase.model.Record is not enhanced.

[2021-12-28 18:19:09 #5 type] 
Type ormdatabase.model.ShimStackSet is not enhanced.

[2021-12-28 18:19:09 #6 type] 
Type ormdatabase.model.StackPair is not enhanced.

[2021-12-28 18:19:09 #7 type] 
Type ormdatabase.model.ReboundStack is not enhanced.

[2021-12-28 18:19:09 #8 type] 
Type ormdatabase.model.CompressionStack is not enhanced.

[2021-12-28 18:19:09 #9 type] 
Type ormdatabase.model.Shim is not enhanced.

------------------------------------------------------------------------------------------------------------------------

[2021-12-28 18:21:07 #1 store] 
Database 'D:\Java\Projects\ORMDatabase\src\main\resources\odb\db\shimstack.odb' has been recovered (tr. 152-152)

[2021-12-28 18:21:07 #2 store] 
Database 'D:\Java\Projects\ORMDatabase\src\main\resources\odb\db\shimstack.odb' is opened by 5180@DmitrievAS

[2021-12-28 18:21:07 #3 store] 
Configuration path: ?

[2021-12-28 18:21:07 #4 type] 
Type ormdatabase.model.Record is not enhanced.

[2021-12-28 18:21:07 #5 type] 
Type ormdatabase.model.ShimStackSet is not enhanced.

[2021-12-28 18:21:07 #6 type] 
Type ormdatabase.model.StackPair is not enhanced.

[2021-12-28 18:21:07 #7 type] 
Type ormdatabase.model.ReboundStack is not enhanced.

[2021-12-28 18:21:07 #8 type] 
Type ormdatabase.model.CompressionStack is not enhanced.

[2021-12-28 18:21:07 #9 type] 
Type ormdatabase.model.Shim is not enhanced.

------------------------------------------------------------------------------------------------------------------------

[2021-12-28 19:18:48 #1 store] 
Database 'D:\Java\Projects\ORMDatabase\src\main\resources\odb\db\shimstack.odb' has been recovered (tr. 153-153)

[2021-12-28 19:18:48 #2 store] 
Database 'D:\Java\Projects\ORMDatabase\src\main\resources\odb\db\shimstack.odb' is opened by 6372@DmitrievAS

[2021-12-28 19:18:48 #3 store] 
Configuration path: ?

[2021-12-28 19:18:48 #4 type] 
Type ormdatabase.model.Record is not enhanced.

[2021-12-28 19:18:48 #5 type] 
Type ormdatabase.model.ShimStackSet is not enhanced.

[2021-12-28 19:18:48 #6 type] 
Type ormdatabase.model.StackPair is not enhanced.

[2021-12-28 19:18:48 #7 type] 
Type ormdatabase.model.ReboundStack is not enhanced.

[2021-12-28 19:18:48 #8 type] 
Type ormdatabase.model.CompressionStack is not enhanced.

[2021-12-28 19:18:48 #9 type] 
Type ormdatabase.model.Shim is not enhanced.

------------------------------------------------------------------------------------------------------------------------

[2021-12-28 19:19:47 #1 store] 
Database 'D:\Java\Projects\ORMDatabase\src\main\resources\odb\db\shimstack.odb' has been recovered (tr. 154-154)

[2021-12-28 19:19:47 #2 store] 
Database 'D:\Java\Projects\ORMDatabase\src\main\resources\odb\db\shimstack.odb' is opened by 11612@DmitrievAS

[2021-12-28 19:19:47 #3 store] 
Configuration path: ?

[2021-12-28 19:19:47 #4 type] 
Type ormdatabase.model.Record is not enhanced.

[2021-12-28 19:19:47 #5 type] 
Type ormdatabase.model.ShimStackSet is not enhanced.

[2021-12-28 19:19:47 #6 type] 
Type ormdatabase.model.StackPair is not enhanced.

[2021-12-28 19:19:47 #7 type] 
Type ormdatabase.model.ReboundStack is not enhanced.

[2021-12-28 19:19:47 #8 type] 
Type ormdatabase.model.CompressionStack is not enhanced.

[2021-12-28 19:19:47 #9 type] 
Type ormdatabase.model.Shim is not enhanced.

------------------------------------------------------------------------------------------------------------------------

[2021-12-28 19:27:49 #1 store] 
Database 'D:\Java\Projects\ORMDatabase\src\main\resources\odb\db\shimstack.odb' has been recovered (tr. 155-155)

[2021-12-28 19:27:49 #2 store] 
Database 'D:\Java\Projects\ORMDatabase\src\main\resources\odb\db\shimstack.odb' is opened by 4420@DmitrievAS

[2021-12-28 19:27:49 #3 store] 
Configuration path: ?

[2021-12-28 19:27:49 #4 type] 
Type ormdatabase.model.Record is not enhanced.

[2021-12-28 19:27:49 #5 type] 
Type ormdatabase.model.ShimStackSet is not enhanced.

[2021-12-28 19:27:49 #6 type] 
Type ormdatabase.model.StackPair is not enhanced.

[2021-12-28 19:27:49 #7 type] 
Type ormdatabase.model.ReboundStack is not enhanced.

[2021-12-28 19:27:49 #8 type] 
Type ormdatabase.model.CompressionStack is not enhanced.

[2021-12-28 19:27:49 #9 type] 
Type ormdatabase.model.Shim is not enhanced.

------------------------------------------------------------------------------------------------------------------------

[2021-12-28 19:34:42 #1 store] 
Database 'D:\Java\Projects\ORMDatabase\src\main\resources\odb\db\shimstack.odb' has been recovered (tr. 156-159)

[2021-12-28 19:34:42 #2 store] 
Database 'D:\Java\Projects\ORMDatabase\src\main\resources\odb\db\shimstack.odb' is opened by 10336@DmitrievAS

[2021-12-28 19:34:42 #3 store] 
Configuration path: ?

[2021-12-28 19:34:42 #4 type] 
Type ormdatabase.model.Record is not enhanced.

[2021-12-28 19:34:42 #5 type] 
Type ormdatabase.model.ShimStackSet is not enhanced.

[2021-12-28 19:34:42 #6 type] 
Type ormdatabase.model.StackPair is not enhanced.

[2021-12-28 19:34:42 #7 type] 
Type ormdatabase.model.ReboundStack is not enhanced.

[2021-12-28 19:34:42 #8 type] 
Type ormdatabase.model.CompressionStack is not enhanced.

[2021-12-28 19:34:42 #9 type] 
Type ormdatabase.model.Shim is not enhanced.

------------------------------------------------------------------------------------------------------------------------

[2021-12-28 19:43:50 #1 store] 
Database 'D:\Java\Projects\ORMDatabase\src\main\resources\odb\db\shimstack.odb' has been recovered (tr. 160-160)

[2021-12-28 19:43:50 #2 store] 
Database 'D:\Java\Projects\ORMDatabase\src\main\resources\odb\db\shimstack.odb' is opened by 13716@DmitrievAS

[2021-12-28 19:43:50 #3 store] 
Configuration path: ?

[2021-12-28 19:43:50 #4 type] 
Type ormdatabase.model.Record is not enhanced.

[2021-12-28 19:43:50 #5 type] 
Type ormdatabase.model.ShimStackSet is not enhanced.

[2021-12-28 19:43:50 #6 type] 
Type ormdatabase.model.StackPair is not enhanced.

[2021-12-28 19:43:50 #7 type] 
Type ormdatabase.model.ReboundStack is not enhanced.

[2021-12-28 19:43:50 #8 type] 
Type ormdatabase.model.CompressionStack is not enhanced.

[2021-12-28 19:43:50 #9 type] 
Type ormdatabase.model.Shim is not enhanced.

------------------------------------------------------------------------------------------------------------------------

[2021-12-28 19:44:38 #1 store] 
Database 'D:\Java\Projects\ORMDatabase\src\main\resources\odb\db\shimstack.odb' has been recovered (tr. 161-161)

[2021-12-28 19:44:38 #2 store] 
Database 'D:\Java\Projects\ORMDatabase\src\main\resources\odb\db\shimstack.odb' is opened by 3164@DmitrievAS

[2021-12-28 19:44:38 #3 store] 
Configuration path: ?

[2021-12-28 19:44:38 #4 type] 
Type ormdatabase.model.Record is not enhanced.

[2021-12-28 19:44:38 #5 type] 
Type ormdatabase.model.ShimStackSet is not enhanced.

[2021-12-28 19:44:38 #6 type] 
Type ormdatabase.model.StackPair is not enhanced.

[2021-12-28 19:44:38 #7 type] 
Type ormdatabase.model.ReboundStack is not enhanced.

[2021-12-28 19:44:38 #8 type] 
Type ormdatabase.model.CompressionStack is not enhanced.

[2021-12-28 19:44:38 #9 type] 
Type ormdatabase.model.Shim is not enhanced.

------------------------------------------------------------------------------------------------------------------------

[2021-12-28 19:58:50 #1 store] 
Database 'D:\Java\Projects\ORMDatabase\src\main\resources\odb\db\shimstack.odb' has been recovered (tr. 162-162)

[2021-12-28 19:58:51 #2 store] 
Database 'D:\Java\Projects\ORMDatabase\src\main\resources\odb\db\shimstack.odb' is opened by 1176@DmitrievAS

[2021-12-28 19:58:51 #3 store] 
Configuration path: ?

[2021-12-28 19:58:51 #4 type] 
Type ormdatabase.model.Record is not enhanced.

[2021-12-28 19:58:51 #5 type] 
Type ormdatabase.model.ShimStackSet is not enhanced.

[2021-12-28 19:58:51 #6 type] 
Type ormdatabase.model.StackPair is not enhanced.

[2021-12-28 19:58:51 #7 type] 
Type ormdatabase.model.ReboundStack is not enhanced.

[2021-12-28 19:58:51 #8 type] 
Type ormdatabase.model.CompressionStack is not enhanced.

[2021-12-28 19:58:51 #9 type] 
Type ormdatabase.model.Shim is not enhanced.

------------------------------------------------------------------------------------------------------------------------

[2021-12-28 20:06:33 #1 store] 
Database 'D:\Java\Projects\ORMDatabase\src\main\resources\odb\db\shimstack.odb' has been recovered (tr. 163-163)

[2021-12-28 20:06:33 #2 store] 
Database 'D:\Java\Projects\ORMDatabase\src\main\resources\odb\db\shimstack.odb' is opened by 2564@DmitrievAS

[2021-12-28 20:06:33 #3 store] 
Configuration path: ?

[2021-12-28 20:06:33 #4 type] 
Type ormdatabase.model.Record is not enhanced.

[2021-12-28 20:06:33 #5 type] 
Type ormdatabase.model.ShimStackSet is not enhanced.

[2021-12-28 20:06:33 #6 type] 
Type ormdatabase.model.StackPair is not enhanced.

[2021-12-28 20:06:33 #7 type] 
Type ormdatabase.model.ReboundStack is not enhanced.

[2021-12-28 20:06:33 #8 type] 
Type ormdatabase.model.CompressionStack is not enhanced.

[2021-12-28 20:06:33 #9 type] 
Type ormdatabase.model.Shim is not enhanced.

------------------------------------------------------------------------------------------------------------------------

[2021-12-28 20:08:27 #1 store] 
Database 'D:\Java\Projects\ORMDatabase\src\main\resources\odb\db\shimstack.odb' has been recovered (tr. 164-164)

[2021-12-28 20:08:27 #2 store] 
Database 'D:\Java\Projects\ORMDatabase\src\main\resources\odb\db\shimstack.odb' is opened by 9152@DmitrievAS

[2021-12-28 20:08:27 #3 store] 
Configuration path: ?

[2021-12-28 20:08:27 #4 type] 
Type ormdatabase.model.Record is not enhanced.

[2021-12-28 20:08:27 #5 type] 
Type ormdatabase.model.ShimStackSet is not enhanced.

[2021-12-28 20:08:27 #6 type] 
Type ormdatabase.model.StackPair is not enhanced.

[2021-12-28 20:08:27 #7 type] 
Type ormdatabase.model.ReboundStack is not enhanced.

[2021-12-28 20:08:27 #8 type] 
Type ormdatabase.model.CompressionStack is not enhanced.

[2021-12-28 20:08:27 #9 type] 
Type ormdatabase.model.Shim is not enhanced.

------------------------------------------------------------------------------------------------------------------------

[2021-12-28 20:09:31 #1 store] 
Database 'D:\Java\Projects\ORMDatabase\src\main\resources\odb\db\shimstack.odb' has been recovered (tr. 165-165)

[2021-12-28 20:09:31 #2 store] 
Database 'D:\Java\Projects\ORMDatabase\src\main\resources\odb\db\shimstack.odb' is opened by 14372@DmitrievAS

[2021-12-28 20:09:31 #3 store] 
Configuration path: ?

[2021-12-28 20:09:31 #4 type] 
Type ormdatabase.model.Record is not enhanced.

[2021-12-28 20:09:31 #5 type] 
Type ormdatabase.model.ShimStackSet is not enhanced.

[2021-12-28 20:09:31 #6 type] 
Type ormdatabase.model.StackPair is not enhanced.

[2021-12-28 20:09:31 #7 type] 
Type ormdatabase.model.ReboundStack is not enhanced.

[2021-12-28 20:09:31 #8 type] 
Type ormdatabase.model.CompressionStack is not enhanced.

[2021-12-28 20:09:31 #9 type] 
Type ormdatabase.model.Shim is not enhanced.

------------------------------------------------------------------------------------------------------------------------

[2021-12-28 20:13:55 #1 store] 
Database 'D:\Java\Projects\ORMDatabase\src\main\resources\odb\db\shimstack.odb' has been recovered (tr. 166-166)

[2021-12-28 20:13:55 #2 store] 
Database 'D:\Java\Projects\ORMDatabase\src\main\resources\odb\db\shimstack.odb' is opened by 7712@DmitrievAS

[2021-12-28 20:13:55 #3 store] 
Configuration path: ?

[2021-12-28 20:13:55 #4 type] 
Type ormdatabase.model.Record is not enhanced.

[2021-12-28 20:13:55 #5 type] 
Type ormdatabase.model.ShimStackSet is not enhanced.

[2021-12-28 20:13:55 #6 type] 
Type ormdatabase.model.StackPair is not enhanced.

[2021-12-28 20:13:55 #7 type] 
Type ormdatabase.model.ReboundStack is not enhanced.

[2021-12-28 20:13:55 #8 type] 
Type ormdatabase.model.CompressionStack is not enhanced.

[2021-12-28 20:13:55 #9 type] 
Type ormdatabase.model.Shim is not enhanced.

------------------------------------------------------------------------------------------------------------------------

[2021-12-28 20:17:42 #1 store] 
Database 'D:\Java\Projects\ORMDatabase\src\main\resources\odb\db\shimstack.odb' has been recovered (tr. 167-167)

[2021-12-28 20:17:42 #2 store] 
Database 'D:\Java\Projects\ORMDatabase\src\main\resources\odb\db\shimstack.odb' is opened by 13732@DmitrievAS

[2021-12-28 20:17:42 #3 store] 
Configuration path: ?

[2021-12-28 20:17:42 #4 type] 
Type ormdatabase.model.Record is not enhanced.

[2021-12-28 20:17:42 #5 type] 
Type ormdatabase.model.ShimStackSet is not enhanced.

[2021-12-28 20:17:42 #6 type] 
Type ormdatabase.model.StackPair is not enhanced.

[2021-12-28 20:17:42 #7 type] 
Type ormdatabase.model.ReboundStack is not enhanced.

[2021-12-28 20:17:42 #8 type] 
Type ormdatabase.model.CompressionStack is not enhanced.

[2021-12-28 20:17:42 #9 type] 
Type ormdatabase.model.Shim is not enhanced.

------------------------------------------------------------------------------------------------------------------------

[2021-12-28 20:25:53 #1 store] 
Database 'D:\Java\Projects\ORMDatabase\src\main\resources\odb\db\shimstack.odb' has been recovered (tr. 168-168)

[2021-12-28 20:25:53 #2 store] 
Database 'D:\Java\Projects\ORMDatabase\src\main\resources\odb\db\shimstack.odb' is opened by 13924@DmitrievAS

[2021-12-28 20:25:53 #3 store] 
Configuration path: ?

[2021-12-28 20:25:53 #4 type] 
Type ormdatabase.model.Record is not enhanced.

[2021-12-28 20:25:53 #5 type] 
Type ormdatabase.model.ShimStackSet is not enhanced.

[2021-12-28 20:25:53 #6 type] 
Type ormdatabase.model.StackPair is not enhanced.

[2021-12-28 20:25:53 #7 type] 
Type ormdatabase.model.ReboundStack is not enhanced.

[2021-12-28 20:25:53 #8 type] 
Type ormdatabase.model.CompressionStack is not enhanced.

[2021-12-28 20:25:53 #9 type] 
Type ormdatabase.model.Shim is not enhanced.

------------------------------------------------------------------------------------------------------------------------

[2021-12-28 20:28:17 #1 store] 
Database 'D:\Java\Projects\ORMDatabase\src\main\resources\odb\db\shimstack.odb' has been recovered (tr. 169-169)

[2021-12-28 20:28:17 #2 store] 
Database 'D:\Java\Projects\ORMDatabase\src\main\resources\odb\db\shimstack.odb' is opened by 13780@DmitrievAS

[2021-12-28 20:28:17 #3 store] 
Configuration path: ?

[2021-12-28 20:28:17 #4 type] 
Type ormdatabase.model.Record is not enhanced.

[2021-12-28 20:28:17 #5 type] 
Type ormdatabase.model.ShimStackSet is not enhanced.

[2021-12-28 20:28:17 #6 type] 
Type ormdatabase.model.StackPair is not enhanced.

[2021-12-28 20:28:17 #7 type] 
Type ormdatabase.model.ReboundStack is not enhanced.

[2021-12-28 20:28:17 #8 type] 
Type ormdatabase.model.CompressionStack is not enhanced.

[2021-12-28 20:28:17 #9 type] 
Type ormdatabase.model.Shim is not enhanced.

------------------------------------------------------------------------------------------------------------------------

[2021-12-28 20:34:28 #1 store] 
Database 'D:\Java\Projects\ORMDatabase\src\main\resources\odb\db\shimstack.odb' has been recovered (tr. 170-170)

[2021-12-28 20:34:28 #2 store] 
Database 'D:\Java\Projects\ORMDatabase\src\main\resources\odb\db\shimstack.odb' is opened by 11052@DmitrievAS

[2021-12-28 20:34:28 #3 store] 
Configuration path: ?

[2021-12-28 20:34:28 #4 type] 
Type ormdatabase.model.Record is not enhanced.

[2021-12-28 20:34:28 #5 type] 
Type ormdatabase.model.ShimStackSet is not enhanced.

[2021-12-28 20:34:28 #6 type] 
Type ormdatabase.model.StackPair is not enhanced.

[2021-12-28 20:34:28 #7 type] 
Type ormdatabase.model.ReboundStack is not enhanced.

[2021-12-28 20:34:28 #8 type] 
Type ormdatabase.model.CompressionStack is not enhanced.

[2021-12-28 20:34:28 #9 type] 
Type ormdatabase.model.Shim is not enhanced.

------------------------------------------------------------------------------------------------------------------------

[2021-12-28 20:42:21 #1 store] 
Database 'D:\Java\Projects\ORMDatabase\src\main\resources\odb\db\shimstack.odb' has been recovered (tr. 171-171)

[2021-12-28 20:42:21 #2 store] 
Database 'D:\Java\Projects\ORMDatabase\src\main\resources\odb\db\shimstack.odb' is opened by 2560@DmitrievAS

[2021-12-28 20:42:21 #3 store] 
Configuration path: ?

[2021-12-28 20:42:21 #4 type] 
Type ormdatabase.model.Record is not enhanced.

[2021-12-28 20:42:21 #5 type] 
Type ormdatabase.model.ShimStackSet is not enhanced.

[2021-12-28 20:42:21 #6 type] 
Type ormdatabase.model.StackPair is not enhanced.

[2021-12-28 20:42:21 #7 type] 
Type ormdatabase.model.ReboundStack is not enhanced.

[2021-12-28 20:42:21 #8 type] 
Type ormdatabase.model.CompressionStack is not enhanced.

[2021-12-28 20:42:21 #9 type] 
Type ormdatabase.model.Shim is not enhanced.

------------------------------------------------------------------------------------------------------------------------

[2021-12-28 20:45:15 #1 store] 
Database 'D:\Java\Projects\ORMDatabase\src\main\resources\odb\db\shimstack.odb' has been recovered (tr. 172-172)

[2021-12-28 20:45:16 #2 store] 
Database 'D:\Java\Projects\ORMDatabase\src\main\resources\odb\db\shimstack.odb' is opened by 12884@DmitrievAS

[2021-12-28 20:45:16 #3 store] 
Configuration path: ?

[2021-12-28 20:45:16 #4 type] 
Type ormdatabase.model.Record is not enhanced.

[2021-12-28 20:45:16 #5 type] 
Type ormdatabase.model.ShimStackSet is not enhanced.

[2021-12-28 20:45:16 #6 type] 
Type ormdatabase.model.StackPair is not enhanced.

[2021-12-28 20:45:16 #7 type] 
Type ormdatabase.model.ReboundStack is not enhanced.

[2021-12-28 20:45:16 #8 type] 
Type ormdatabase.model.CompressionStack is not enhanced.

[2021-12-28 20:45:16 #9 type] 
Type ormdatabase.model.Shim is not enhanced.

------------------------------------------------------------------------------------------------------------------------

[2021-12-28 20:54:53 #1 store] 
Database 'D:\Java\Projects\ORMDatabase\src\main\resources\odb\db\shimstack.odb' has been recovered (tr. 173-173)

[2021-12-28 20:54:53 #2 store] 
Database 'D:\Java\Projects\ORMDatabase\src\main\resources\odb\db\shimstack.odb' is opened by 760@DmitrievAS

[2021-12-28 20:54:53 #3 store] 
Configuration path: ?

[2021-12-28 20:54:53 #4 type] 
Type ormdatabase.model.Record is not enhanced.

[2021-12-28 20:54:53 #5 type] 
Type ormdatabase.model.ShimStackSet is not enhanced.

[2021-12-28 20:54:53 #6 type] 
Type ormdatabase.model.StackPair is not enhanced.

[2021-12-28 20:54:53 #7 type] 
Type ormdatabase.model.ReboundStack is not enhanced.

[2021-12-28 20:54:53 #8 type] 
Type ormdatabase.model.CompressionStack is not enhanced.

[2021-12-28 20:54:53 #9 type] 
Type ormdatabase.model.Shim is not enhanced.

------------------------------------------------------------------------------------------------------------------------

[2021-12-28 21:01:15 #1 store] 
Database 'D:\Java\Projects\ORMDatabase\src\main\resources\odb\db\shimstack.odb' has been recovered (tr. 174-174)

[2021-12-28 21:01:15 #2 store] 
Database 'D:\Java\Projects\ORMDatabase\src\main\resources\odb\db\shimstack.odb' is opened by 6292@DmitrievAS

[2021-12-28 21:01:15 #3 store] 
Configuration path: ?

[2021-12-28 21:01:15 #4 type] 
Type ormdatabase.model.Record is not enhanced.

[2021-12-28 21:01:15 #5 type] 
Type ormdatabase.model.ShimStackSet is not enhanced.

[2021-12-28 21:01:15 #6 type] 
Type ormdatabase.model.StackPair is not enhanced.

[2021-12-28 21:01:15 #7 type] 
Type ormdatabase.model.ReboundStack is not enhanced.

[2021-12-28 21:01:15 #8 type] 
Type ormdatabase.model.CompressionStack is not enhanced.

[2021-12-28 21:01:15 #9 type] 
Type ormdatabase.model.Shim is not enhanced.

------------------------------------------------------------------------------------------------------------------------

[2021-12-28 21:02:55 #1 store] 
Database 'D:\Java\Projects\ORMDatabase\src\main\resources\odb\db\shimstack.odb' has been recovered (tr. 175-175)

[2021-12-28 21:02:55 #2 store] 
Database 'D:\Java\Projects\ORMDatabase\src\main\resources\odb\db\shimstack.odb' is opened by 3976@DmitrievAS

[2021-12-28 21:02:55 #3 store] 
Configuration path: ?

[2021-12-28 21:02:55 #4 type] 
Type ormdatabase.model.Record is not enhanced.

[2021-12-28 21:02:55 #5 type] 
Type ormdatabase.model.ShimStackSet is not enhanced.

[2021-12-28 21:02:55 #6 type] 
Type ormdatabase.model.StackPair is not enhanced.

[2021-12-28 21:02:55 #7 type] 
Type ormdatabase.model.ReboundStack is not enhanced.

[2021-12-28 21:02:55 #8 type] 
Type ormdatabase.model.CompressionStack is not enhanced.

[2021-12-28 21:02:55 #9 type] 
Type ormdatabase.model.Shim is not enhanced.

------------------------------------------------------------------------------------------------------------------------

[2021-12-28 21:03:35 #1 store] 
Database 'D:\Java\Projects\ORMDatabase\src\main\resources\odb\db\shimstack.odb' has been recovered (tr. 176-176)

[2021-12-28 21:03:35 #2 store] 
Database 'D:\Java\Projects\ORMDatabase\src\main\resources\odb\db\shimstack.odb' is opened by 8564@DmitrievAS

[2021-12-28 21:03:35 #3 store] 
Configuration path: ?

[2021-12-28 21:03:35 #4 type] 
Type ormdatabase.model.Record is not enhanced.

[2021-12-28 21:03:35 #5 type] 
Type ormdatabase.model.ShimStackSet is not enhanced.

[2021-12-28 21:03:35 #6 type] 
Type ormdatabase.model.StackPair is not enhanced.

[2021-12-28 21:03:35 #7 type] 
Type ormdatabase.model.ReboundStack is not enhanced.

[2021-12-28 21:03:35 #8 type] 
Type ormdatabase.model.CompressionStack is not enhanced.

[2021-12-28 21:03:35 #9 type] 
Type ormdatabase.model.Shim is not enhanced.

------------------------------------------------------------------------------------------------------------------------

[2021-12-28 21:05:14 #1 store] 
Database 'D:\Java\Projects\ORMDatabase\src\main\resources\odb\db\shimstack.odb' has been recovered (tr. 177-177)

[2021-12-28 21:05:14 #2 store] 
Database 'D:\Java\Projects\ORMDatabase\src\main\resources\odb\db\shimstack.odb' is opened by 11400@DmitrievAS

[2021-12-28 21:05:14 #3 store] 
Configuration path: ?

[2021-12-28 21:05:14 #4 type] 
Type ormdatabase.model.Record is not enhanced.

[2021-12-28 21:05:14 #5 type] 
Type ormdatabase.model.ShimStackSet is not enhanced.

[2021-12-28 21:05:14 #6 type] 
Type ormdatabase.model.StackPair is not enhanced.

[2021-12-28 21:05:14 #7 type] 
Type ormdatabase.model.ReboundStack is not enhanced.

[2021-12-28 21:05:14 #8 type] 
Type ormdatabase.model.CompressionStack is not enhanced.

[2021-12-28 21:05:14 #9 type] 
Type ormdatabase.model.Shim is not enhanced.

