------------------------------------------------------------------------------------------------------------------------

[2021-12-25 00:01:25 #1 store] 
Database 'D:\Java\Projects\ORMDatabase\src\main\resources\odb\db\shimstack.odb' has been recovered (tr. 10-10)

[2021-12-25 00:01:25 #2 store] 
Database 'D:\Java\Projects\ORMDatabase\src\main\resources\odb\db\shimstack.odb' is opened by 15220@DmitrievAS

[2021-12-25 00:01:25 #3 store] 
Configuration path: ?

[2021-12-25 00:01:25 #4 type] 
Type ormdatabase.model.Record is not enhanced.

[2021-12-25 00:01:25 #5 type] 
Type ormdatabase.model.ShimStackSet is not enhanced.

[2021-12-25 00:01:25 #6 type] 
Type ormdatabase.model.StackPair is not enhanced.

[2021-12-25 00:01:25 #7 type] 
Type ormdatabase.model.ReboundStack is not enhanced.

[2021-12-25 00:01:25 #8 type] 
Type ormdatabase.model.CompressionStack is not enhanced.

[2021-12-25 00:01:25 #9 type] 
Type ormdatabase.model.Shim is not enhanced.

------------------------------------------------------------------------------------------------------------------------

[2021-12-25 00:02:20 #1 store] 
Database 'D:\Java\Projects\ORMDatabase\src\main\resources\odb\db\shimstack.odb' has been recovered (tr. 11-11)

[2021-12-25 00:02:20 #2 store] 
Database 'D:\Java\Projects\ORMDatabase\src\main\resources\odb\db\shimstack.odb' is opened by 2148@DmitrievAS

[2021-12-25 00:02:20 #3 store] 
Configuration path: ?

[2021-12-25 00:02:20 #4 type] 
Type ormdatabase.model.Record is not enhanced.

[2021-12-25 00:02:20 #5 type] 
Type ormdatabase.model.ShimStackSet is not enhanced.

[2021-12-25 00:02:20 #6 type] 
Type ormdatabase.model.StackPair is not enhanced.

[2021-12-25 00:02:21 #7 type] 
Type ormdatabase.model.ReboundStack is not enhanced.

[2021-12-25 00:02:21 #8 type] 
Type ormdatabase.model.CompressionStack is not enhanced.

[2021-12-25 00:02:21 #9 type] 
Type ormdatabase.model.Shim is not enhanced.

------------------------------------------------------------------------------------------------------------------------

[2021-12-25 00:04:16 #1 store] 
Database 'D:\Java\Projects\ORMDatabase\src\main\resources\odb\db\shimstack.odb' has been recovered (tr. 12-12)

[2021-12-25 00:04:16 #2 store] 
Database 'D:\Java\Projects\ORMDatabase\src\main\resources\odb\db\shimstack.odb' is opened by 404@DmitrievAS

[2021-12-25 00:04:16 #3 store] 
Configuration path: ?

[2021-12-25 00:04:16 #4 type] 
Type ormdatabase.model.Record is not enhanced.

[2021-12-25 00:04:16 #5 type] 
Type ormdatabase.model.ShimStackSet is not enhanced.

[2021-12-25 00:04:16 #6 type] 
Type ormdatabase.model.StackPair is not enhanced.

[2021-12-25 00:04:16 #7 type] 
Type ormdatabase.model.ReboundStack is not enhanced.

[2021-12-25 00:04:16 #8 type] 
Type ormdatabase.model.CompressionStack is not enhanced.

[2021-12-25 00:04:16 #9 type] 
Type ormdatabase.model.Shim is not enhanced.

------------------------------------------------------------------------------------------------------------------------

[2021-12-25 11:33:31 #1 store] 
Database 'D:\Java\Projects\ORMDatabase\src\main\resources\odb\db\shimstack.odb' has been recovered (tr. 13-13)

[2021-12-25 11:33:31 #2 store] 
Database 'D:\Java\Projects\ORMDatabase\src\main\resources\odb\db\shimstack.odb' is opened by 6248@DmitrievAS

[2021-12-25 11:33:31 #3 store] 
Configuration path: ?

[2021-12-25 11:33:31 #4 type] 
Type ormdatabase.model.Record is not enhanced.

[2021-12-25 11:33:31 #5 type] 
Type ormdatabase.model.ShimStackSet is not enhanced.

[2021-12-25 11:33:31 #6 type] 
Type ormdatabase.model.StackPair is not enhanced.

[2021-12-25 11:33:31 #7 type] 
Type ormdatabase.model.ReboundStack is not enhanced.

[2021-12-25 11:33:31 #8 type] 
Type ormdatabase.model.CompressionStack is not enhanced.

[2021-12-25 11:33:31 #9 type] 
Type ormdatabase.model.Shim is not enhanced.

------------------------------------------------------------------------------------------------------------------------

[2021-12-25 11:36:41 #1 store] 
Database 'D:\Java\Projects\ORMDatabase\src\main\resources\odb\db\shimstack.odb' has been recovered (tr. 14-14)

[2021-12-25 11:36:41 #2 store] 
Database 'D:\Java\Projects\ORMDatabase\src\main\resources\odb\db\shimstack.odb' is opened by 4592@DmitrievAS

[2021-12-25 11:36:41 #3 store] 
Configuration path: ?

[2021-12-25 11:36:41 #4 type] 
Type ormdatabase.model.Record is not enhanced.

[2021-12-25 11:36:41 #5 type] 
Type ormdatabase.model.ShimStackSet is not enhanced.

[2021-12-25 11:36:41 #6 type] 
Type ormdatabase.model.StackPair is not enhanced.

[2021-12-25 11:36:41 #7 type] 
Type ormdatabase.model.ReboundStack is not enhanced.

[2021-12-25 11:36:41 #8 type] 
Type ormdatabase.model.CompressionStack is not enhanced.

[2021-12-25 11:36:41 #9 type] 
Type ormdatabase.model.Shim is not enhanced.

------------------------------------------------------------------------------------------------------------------------

[2021-12-25 11:39:18 #1 store] 
Database 'D:\Java\Projects\ORMDatabase\src\main\resources\odb\db\shimstack.odb' has been recovered (tr. 15-15)

[2021-12-25 11:39:18 #2 store] 
Database 'D:\Java\Projects\ORMDatabase\src\main\resources\odb\db\shimstack.odb' is opened by 8228@DmitrievAS

[2021-12-25 11:39:18 #3 store] 
Configuration path: ?

[2021-12-25 11:39:18 #4 type] 
Type ormdatabase.model.Record is not enhanced.

[2021-12-25 11:39:18 #5 type] 
Type ormdatabase.model.ShimStackSet is not enhanced.

[2021-12-25 11:39:18 #6 type] 
Type ormdatabase.model.StackPair is not enhanced.

[2021-12-25 11:39:18 #7 type] 
Type ormdatabase.model.ReboundStack is not enhanced.

[2021-12-25 11:39:18 #8 type] 
Type ormdatabase.model.CompressionStack is not enhanced.

[2021-12-25 11:39:18 #9 type] 
Type ormdatabase.model.Shim is not enhanced.

------------------------------------------------------------------------------------------------------------------------

[2021-12-25 11:39:59 #1 store] 
Database 'D:\Java\Projects\ORMDatabase\src\main\resources\odb\db\shimstack.odb' is opened by 12552@DmitrievAS

[2021-12-25 11:39:59 #2 store] 
Configuration path: ?

[2021-12-25 11:39:59 #3 type.registry] 
New type ormdatabase.model.Record

[2021-12-25 11:39:59 #4 type] 
Type ormdatabase.model.Record is not enhanced.

[2021-12-25 11:39:59 #5 type.registry] 
New type ormdatabase.model.ShimStackSet

[2021-12-25 11:39:59 #6 type] 
Type ormdatabase.model.ShimStackSet is not enhanced.

[2021-12-25 11:39:59 #7 type.registry] 
New type ormdatabase.model.StackPair

[2021-12-25 11:39:59 #8 type] 
Type ormdatabase.model.StackPair is not enhanced.

[2021-12-25 11:39:59 #9 type.registry] 
New type ormdatabase.model.ReboundStack

[2021-12-25 11:39:59 #10 type.registry] 
New type ormdatabase.model.CompressionStack

[2021-12-25 11:39:59 #11 type] 
Type ormdatabase.model.ReboundStack is not enhanced.

[2021-12-25 11:39:59 #12 type.registry] 
New type ormdatabase.model.Shim

[2021-12-25 11:39:59 #13 type] 
Type ormdatabase.model.CompressionStack is not enhanced.

[2021-12-25 11:39:59 #14 type] 
Type ormdatabase.model.Shim is not enhanced.

[2021-12-25 11:39:59 #15 type.registry] 
New type java.util.ArrayList<java.lang.Object>

[2021-12-25 11:39:59 #16 type.registry] 
New type java.util.ArrayList<ormdatabase.model.ShimStackSet>

[2021-12-25 11:39:59 #17 type.registry] 
New type java.util.ArrayList<ormdatabase.model.StackPair>

[2021-12-25 11:39:59 #18 type.registry] 
New type java.util.ArrayList<ormdatabase.model.Shim>

------------------------------------------------------------------------------------------------------------------------

[2021-12-25 11:42:12 #1 store] 
Database 'D:\Java\Projects\ORMDatabase\src\main\resources\odb\db\shimstack.odb' is opened by 11300@DmitrievAS

[2021-12-25 11:42:12 #2 store] 
Configuration path: ?

[2021-12-25 11:42:12 #3 type.registry] 
New type ormdatabase.model.Record

[2021-12-25 11:42:12 #4 type] 
Type ormdatabase.model.Record is not enhanced.

[2021-12-25 11:42:12 #5 type.registry] 
New type ormdatabase.model.ShimStackSet

[2021-12-25 11:42:12 #6 type] 
Type ormdatabase.model.ShimStackSet is not enhanced.

[2021-12-25 11:42:12 #7 type.registry] 
New type ormdatabase.model.StackPair

[2021-12-25 11:42:12 #8 type] 
Type ormdatabase.model.StackPair is not enhanced.

[2021-12-25 11:42:12 #9 type.registry] 
New type ormdatabase.model.ReboundStack

[2021-12-25 11:42:12 #10 type.registry] 
New type ormdatabase.model.CompressionStack

[2021-12-25 11:42:12 #11 type] 
Type ormdatabase.model.ReboundStack is not enhanced.

[2021-12-25 11:42:12 #12 type.registry] 
New type ormdatabase.model.Shim

[2021-12-25 11:42:12 #13 type] 
Type ormdatabase.model.CompressionStack is not enhanced.

[2021-12-25 11:42:12 #14 type] 
Type ormdatabase.model.Shim is not enhanced.

[2021-12-25 11:42:12 #15 type.registry] 
New type java.util.ArrayList<java.lang.Object>

[2021-12-25 11:42:12 #16 type.registry] 
New type java.util.ArrayList<ormdatabase.model.ShimStackSet>

[2021-12-25 11:42:12 #17 type.registry] 
New type java.util.ArrayList<ormdatabase.model.StackPair>

[2021-12-25 11:42:12 #18 type.registry] 
New type java.util.ArrayList<ormdatabase.model.Shim>

------------------------------------------------------------------------------------------------------------------------

[2021-12-25 11:43:12 #1 store] 
Database 'D:\Java\Projects\ORMDatabase\src\main\resources\odb\db\shimstack.odb' has been recovered (tr. 1-8)

[2021-12-25 11:43:12 #2 store] 
Database 'D:\Java\Projects\ORMDatabase\src\main\resources\odb\db\shimstack.odb' is opened by 4700@DmitrievAS

[2021-12-25 11:43:12 #3 store] 
Configuration path: ?

[2021-12-25 11:43:12 #4 type] 
Type ormdatabase.model.Record is not enhanced.

[2021-12-25 11:43:12 #5 type] 
Type ormdatabase.model.ShimStackSet is not enhanced.

[2021-12-25 11:43:12 #6 type] 
Type ormdatabase.model.StackPair is not enhanced.

[2021-12-25 11:43:12 #7 type] 
Type ormdatabase.model.ReboundStack is not enhanced.

[2021-12-25 11:43:12 #8 type] 
Type ormdatabase.model.CompressionStack is not enhanced.

[2021-12-25 11:43:12 #9 type] 
Type ormdatabase.model.Shim is not enhanced.

------------------------------------------------------------------------------------------------------------------------

[2021-12-25 11:43:51 #1 store] 
Database 'D:\Java\Projects\ORMDatabase\src\main\resources\odb\db\shimstack.odb' has been recovered (tr. 9-10)

[2021-12-25 11:43:51 #2 store] 
Database 'D:\Java\Projects\ORMDatabase\src\main\resources\odb\db\shimstack.odb' is opened by 2088@DmitrievAS

[2021-12-25 11:43:51 #3 store] 
Configuration path: ?

[2021-12-25 11:43:51 #4 type] 
Type ormdatabase.model.Record is not enhanced.

[2021-12-25 11:43:51 #5 type] 
Type ormdatabase.model.ShimStackSet is not enhanced.

[2021-12-25 11:43:51 #6 type] 
Type ormdatabase.model.StackPair is not enhanced.

[2021-12-25 11:43:51 #7 type] 
Type ormdatabase.model.ReboundStack is not enhanced.

[2021-12-25 11:43:51 #8 type] 
Type ormdatabase.model.CompressionStack is not enhanced.

[2021-12-25 11:43:51 #9 type] 
Type ormdatabase.model.Shim is not enhanced.

------------------------------------------------------------------------------------------------------------------------

[2021-12-25 11:50:29 #1 store] 
Database 'D:\Java\Projects\ORMDatabase\src\main\resources\odb\db\shimstack.odb' has been recovered (tr. 11-12)

[2021-12-25 11:50:29 #2 store] 
Database 'D:\Java\Projects\ORMDatabase\src\main\resources\odb\db\shimstack.odb' is opened by 13920@DmitrievAS

[2021-12-25 11:50:29 #3 store] 
Configuration path: ?

[2021-12-25 11:50:29 #4 type] 
Type ormdatabase.model.Record is not enhanced.

[2021-12-25 11:50:29 #5 type] 
Type ormdatabase.model.ShimStackSet is not enhanced.

[2021-12-25 11:50:29 #6 type] 
Type ormdatabase.model.StackPair is not enhanced.

[2021-12-25 11:50:29 #7 type] 
Type ormdatabase.model.ReboundStack is not enhanced.

[2021-12-25 11:50:29 #8 type] 
Type ormdatabase.model.CompressionStack is not enhanced.

[2021-12-25 11:50:29 #9 type] 
Type ormdatabase.model.Shim is not enhanced.

------------------------------------------------------------------------------------------------------------------------

[2021-12-25 11:51:37 #1 store] 
Database 'D:\Java\Projects\ORMDatabase\src\main\resources\odb\db\shimstack.odb' has been recovered (tr. 13-13)

[2021-12-25 11:51:37 #2 store] 
Database 'D:\Java\Projects\ORMDatabase\src\main\resources\odb\db\shimstack.odb' is opened by 9768@DmitrievAS

[2021-12-25 11:51:37 #3 store] 
Configuration path: ?

[2021-12-25 11:51:37 #4 type] 
Type ormdatabase.model.Record is not enhanced.

[2021-12-25 11:51:37 #5 type] 
Type ormdatabase.model.ShimStackSet is not enhanced.

[2021-12-25 11:51:37 #6 type] 
Type ormdatabase.model.StackPair is not enhanced.

[2021-12-25 11:51:37 #7 type] 
Type ormdatabase.model.ReboundStack is not enhanced.

[2021-12-25 11:51:37 #8 type] 
Type ormdatabase.model.CompressionStack is not enhanced.

[2021-12-25 11:51:37 #9 type] 
Type ormdatabase.model.Shim is not enhanced.

------------------------------------------------------------------------------------------------------------------------

[2021-12-25 11:52:50 #1 store] 
Database 'D:\Java\Projects\ORMDatabase\src\main\resources\odb\db\shimstack.odb' has been recovered (tr. 14-14)

[2021-12-25 11:52:50 #2 store] 
Database 'D:\Java\Projects\ORMDatabase\src\main\resources\odb\db\shimstack.odb' is opened by 13704@DmitrievAS

[2021-12-25 11:52:50 #3 store] 
Configuration path: ?

[2021-12-25 11:52:50 #4 type] 
Type ormdatabase.model.Record is not enhanced.

[2021-12-25 11:52:50 #5 type] 
Type ormdatabase.model.ShimStackSet is not enhanced.

[2021-12-25 11:52:50 #6 type] 
Type ormdatabase.model.StackPair is not enhanced.

[2021-12-25 11:52:50 #7 type] 
Type ormdatabase.model.ReboundStack is not enhanced.

[2021-12-25 11:52:50 #8 type] 
Type ormdatabase.model.CompressionStack is not enhanced.

[2021-12-25 11:52:50 #9 type] 
Type ormdatabase.model.Shim is not enhanced.

------------------------------------------------------------------------------------------------------------------------

[2021-12-25 11:53:55 #1 store] 
Database 'D:\Java\Projects\ORMDatabase\src\main\resources\odb\db\shimstack.odb' has been recovered (tr. 15-15)

[2021-12-25 11:53:55 #2 store] 
Database 'D:\Java\Projects\ORMDatabase\src\main\resources\odb\db\shimstack.odb' is opened by 14448@DmitrievAS

[2021-12-25 11:53:55 #3 store] 
Configuration path: ?

[2021-12-25 11:53:55 #4 type] 
Type ormdatabase.model.Record is not enhanced.

[2021-12-25 11:53:55 #5 type] 
Type ormdatabase.model.ShimStackSet is not enhanced.

[2021-12-25 11:53:55 #6 type] 
Type ormdatabase.model.StackPair is not enhanced.

[2021-12-25 11:53:55 #7 type] 
Type ormdatabase.model.ReboundStack is not enhanced.

[2021-12-25 11:53:55 #8 type] 
Type ormdatabase.model.CompressionStack is not enhanced.

[2021-12-25 11:53:55 #9 type] 
Type ormdatabase.model.Shim is not enhanced.

------------------------------------------------------------------------------------------------------------------------

[2021-12-25 11:55:14 #1 store] 
Database 'D:\Java\Projects\ORMDatabase\src\main\resources\odb\db\shimstack.odb' is opened by 7660@DmitrievAS

[2021-12-25 11:55:14 #2 store] 
Configuration path: ?

[2021-12-25 11:55:14 #3 type] 
Type ormdatabase.model.Record is not enhanced.

[2021-12-25 11:55:14 #4 type] 
Type ormdatabase.model.ShimStackSet is not enhanced.

[2021-12-25 11:55:14 #5 type] 
Type ormdatabase.model.StackPair is not enhanced.

[2021-12-25 11:55:14 #6 type] 
Type ormdatabase.model.ReboundStack is not enhanced.

[2021-12-25 11:55:14 #7 type] 
Type ormdatabase.model.CompressionStack is not enhanced.

[2021-12-25 11:55:14 #8 type] 
Type ormdatabase.model.Shim is not enhanced.

------------------------------------------------------------------------------------------------------------------------

[2021-12-25 11:55:52 #1 store] 
Database 'D:\Java\Projects\ORMDatabase\src\main\resources\odb\db\shimstack.odb' is opened by 11124@DmitrievAS

[2021-12-25 11:55:52 #2 store] 
Configuration path: ?

[2021-12-25 11:55:52 #3 type.registry] 
New type ormdatabase.model.Record

[2021-12-25 11:55:52 #4 type] 
Type ormdatabase.model.Record is not enhanced.

[2021-12-25 11:55:52 #5 type.registry] 
New type ormdatabase.model.ShimStackSet

[2021-12-25 11:55:52 #6 type] 
Type ormdatabase.model.ShimStackSet is not enhanced.

[2021-12-25 11:55:52 #7 type.registry] 
New type ormdatabase.model.StackPair

[2021-12-25 11:55:52 #8 type] 
Type ormdatabase.model.StackPair is not enhanced.

[2021-12-25 11:55:52 #9 type.registry] 
New type ormdatabase.model.ReboundStack

[2021-12-25 11:55:52 #10 type.registry] 
New type ormdatabase.model.CompressionStack

[2021-12-25 11:55:52 #11 type] 
Type ormdatabase.model.ReboundStack is not enhanced.

[2021-12-25 11:55:52 #12 type.registry] 
New type ormdatabase.model.Shim

[2021-12-25 11:55:52 #13 type] 
Type ormdatabase.model.CompressionStack is not enhanced.

[2021-12-25 11:55:52 #14 type] 
Type ormdatabase.model.Shim is not enhanced.

[2021-12-25 11:55:52 #15 type.registry] 
New type java.util.ArrayList<java.lang.Object>

[2021-12-25 11:55:52 #16 type.registry] 
New type java.util.ArrayList<ormdatabase.model.ShimStackSet>

[2021-12-25 11:55:52 #17 type.registry] 
New type java.util.ArrayList<ormdatabase.model.StackPair>

[2021-12-25 11:55:52 #18 type.registry] 
New type java.util.ArrayList<ormdatabase.model.Shim>

------------------------------------------------------------------------------------------------------------------------

[2021-12-25 11:56:47 #1 store] 
Database 'D:\Java\Projects\ORMDatabase\src\main\resources\odb\db\shimstack.odb' has been recovered (tr. 1-8)

[2021-12-25 11:56:47 #2 store] 
Database 'D:\Java\Projects\ORMDatabase\src\main\resources\odb\db\shimstack.odb' is opened by 5776@DmitrievAS

[2021-12-25 11:56:47 #3 store] 
Configuration path: ?

[2021-12-25 11:56:47 #4 type] 
Type ormdatabase.model.Record is not enhanced.

[2021-12-25 11:56:47 #5 type] 
Type ormdatabase.model.ShimStackSet is not enhanced.

[2021-12-25 11:56:47 #6 type] 
Type ormdatabase.model.StackPair is not enhanced.

[2021-12-25 11:56:47 #7 type] 
Type ormdatabase.model.ReboundStack is not enhanced.

[2021-12-25 11:56:47 #8 type] 
Type ormdatabase.model.CompressionStack is not enhanced.

[2021-12-25 11:56:47 #9 type] 
Type ormdatabase.model.Shim is not enhanced.

------------------------------------------------------------------------------------------------------------------------

[2021-12-25 11:58:19 #1 store] 
Database 'D:\Java\Projects\ORMDatabase\src\main\resources\odb\db\shimstack.odb' has been recovered (tr. 9-9)

[2021-12-25 11:58:19 #2 store] 
Database 'D:\Java\Projects\ORMDatabase\src\main\resources\odb\db\shimstack.odb' is opened by 5164@DmitrievAS

[2021-12-25 11:58:19 #3 store] 
Configuration path: ?

[2021-12-25 11:58:19 #4 type] 
Type ormdatabase.model.Record is not enhanced.

[2021-12-25 11:58:19 #5 type] 
Type ormdatabase.model.ShimStackSet is not enhanced.

[2021-12-25 11:58:19 #6 type] 
Type ormdatabase.model.StackPair is not enhanced.

[2021-12-25 11:58:19 #7 type] 
Type ormdatabase.model.ReboundStack is not enhanced.

[2021-12-25 11:58:19 #8 type] 
Type ormdatabase.model.CompressionStack is not enhanced.

[2021-12-25 11:58:19 #9 type] 
Type ormdatabase.model.Shim is not enhanced.

------------------------------------------------------------------------------------------------------------------------

[2021-12-25 12:00:27 #1 store] 
Database 'D:\Java\Projects\ORMDatabase\src\main\resources\odb\db\shimstack.odb' has been recovered (tr. 10-10)

[2021-12-25 12:00:27 #2 store] 
Database 'D:\Java\Projects\ORMDatabase\src\main\resources\odb\db\shimstack.odb' is opened by 7788@DmitrievAS

[2021-12-25 12:00:27 #3 store] 
Configuration path: ?

[2021-12-25 12:00:27 #4 type] 
Type ormdatabase.model.Record is not enhanced.

[2021-12-25 12:00:27 #5 type] 
Type ormdatabase.model.ShimStackSet is not enhanced.

[2021-12-25 12:00:27 #6 type] 
Type ormdatabase.model.StackPair is not enhanced.

[2021-12-25 12:00:27 #7 type] 
Type ormdatabase.model.ReboundStack is not enhanced.

[2021-12-25 12:00:27 #8 type] 
Type ormdatabase.model.CompressionStack is not enhanced.

[2021-12-25 12:00:27 #9 type] 
Type ormdatabase.model.Shim is not enhanced.

------------------------------------------------------------------------------------------------------------------------

[2021-12-25 12:02:34 #1 store] 
Database 'D:\Java\Projects\ORMDatabase\src\main\resources\odb\db\shimstack.odb' has been recovered (tr. 11-11)

[2021-12-25 12:02:34 #2 store] 
Database 'D:\Java\Projects\ORMDatabase\src\main\resources\odb\db\shimstack.odb' is opened by 8148@DmitrievAS

[2021-12-25 12:02:34 #3 store] 
Configuration path: ?

[2021-12-25 12:02:35 #4 type] 
Type ormdatabase.model.Record is not enhanced.

[2021-12-25 12:02:35 #5 type] 
Type ormdatabase.model.ShimStackSet is not enhanced.

[2021-12-25 12:02:35 #6 type] 
Type ormdatabase.model.StackPair is not enhanced.

[2021-12-25 12:02:35 #7 type] 
Type ormdatabase.model.ReboundStack is not enhanced.

[2021-12-25 12:02:35 #8 type] 
Type ormdatabase.model.CompressionStack is not enhanced.

[2021-12-25 12:02:35 #9 type] 
Type ormdatabase.model.Shim is not enhanced.

------------------------------------------------------------------------------------------------------------------------

[2021-12-25 12:25:24 #1 store] 
Database 'D:\Java\Projects\ORMDatabase\src\main\resources\odb\db\shimstack.odb' is opened by 8188@DmitrievAS

[2021-12-25 12:25:24 #2 store] 
Configuration path: ?

[2021-12-25 12:25:24 #3 type.registry] 
New type ormdatabase.model.Record

[2021-12-25 12:25:24 #4 type] 
Type ormdatabase.model.Record is not enhanced.

[2021-12-25 12:25:24 #5 type.registry] 
New type ormdatabase.model.ShimStackSet

[2021-12-25 12:25:24 #6 type] 
Type ormdatabase.model.ShimStackSet is not enhanced.

[2021-12-25 12:25:24 #7 type.registry] 
New type ormdatabase.model.StackPair

[2021-12-25 12:25:24 #8 type] 
Type ormdatabase.model.StackPair is not enhanced.

[2021-12-25 12:25:24 #9 type.registry] 
New type ormdatabase.model.ReboundStack

[2021-12-25 12:25:24 #10 type.registry] 
New type ormdatabase.model.CompressionStack

[2021-12-25 12:25:24 #11 type] 
Type ormdatabase.model.ReboundStack is not enhanced.

[2021-12-25 12:25:24 #12 type.registry] 
New type ormdatabase.model.Shim

[2021-12-25 12:25:24 #13 type] 
Type ormdatabase.model.CompressionStack is not enhanced.

[2021-12-25 12:25:24 #14 type] 
Type ormdatabase.model.Shim is not enhanced.

[2021-12-25 12:25:24 #15 type.registry] 
New type java.util.ArrayList<java.lang.Object>

[2021-12-25 12:25:24 #16 type.registry] 
New type java.util.ArrayList<ormdatabase.model.ShimStackSet>

[2021-12-25 12:25:24 #17 type.registry] 
New type java.util.ArrayList<ormdatabase.model.StackPair>

[2021-12-25 12:25:24 #18 type.registry] 
New type java.util.ArrayList<ormdatabase.model.Shim>

------------------------------------------------------------------------------------------------------------------------

[2021-12-25 12:32:24 #1 store] 
Database 'D:\Java\Projects\ORMDatabase\src\main\resources\odb\db\shimstack.odb' has been recovered (tr. 1-8)

[2021-12-25 12:32:24 #2 store] 
Database 'D:\Java\Projects\ORMDatabase\src\main\resources\odb\db\shimstack.odb' is opened by 10332@DmitrievAS

[2021-12-25 12:32:24 #3 store] 
Configuration path: ?

[2021-12-25 12:32:24 #4 type] 
Type ormdatabase.model.Record is not enhanced.

[2021-12-25 12:32:24 #5 type] 
Type ormdatabase.model.ShimStackSet is not enhanced.

[2021-12-25 12:32:24 #6 type] 
Type ormdatabase.model.StackPair is not enhanced.

[2021-12-25 12:32:24 #7 type] 
Type ormdatabase.model.ReboundStack is not enhanced.

[2021-12-25 12:32:24 #8 type] 
Type ormdatabase.model.CompressionStack is not enhanced.

[2021-12-25 12:32:24 #9 type] 
Type ormdatabase.model.Shim is not enhanced.

------------------------------------------------------------------------------------------------------------------------

[2021-12-25 12:37:53 #1 store] 
Database 'D:\Java\Projects\ORMDatabase\src\main\resources\odb\db\shimstack.odb' has been recovered (tr. 9-10)

[2021-12-25 12:37:53 #2 store] 
Database 'D:\Java\Projects\ORMDatabase\src\main\resources\odb\db\shimstack.odb' is opened by 3624@DmitrievAS

[2021-12-25 12:37:53 #3 store] 
Configuration path: ?

[2021-12-25 12:37:53 #4 type] 
Type ormdatabase.model.Record is not enhanced.

[2021-12-25 12:37:53 #5 type] 
Type ormdatabase.model.ShimStackSet is not enhanced.

[2021-12-25 12:37:53 #6 type] 
Type ormdatabase.model.StackPair is not enhanced.

[2021-12-25 12:37:53 #7 type] 
Type ormdatabase.model.ReboundStack is not enhanced.

[2021-12-25 12:37:53 #8 type] 
Type ormdatabase.model.CompressionStack is not enhanced.

[2021-12-25 12:37:53 #9 type] 
Type ormdatabase.model.Shim is not enhanced.

------------------------------------------------------------------------------------------------------------------------

[2021-12-25 12:53:08 #1 store] 
Database 'D:\Java\Projects\ORMDatabase\src\main\resources\odb\db\shimstack.odb' has been recovered (tr. 11-11)

[2021-12-25 12:53:08 #2 store] 
Database 'D:\Java\Projects\ORMDatabase\src\main\resources\odb\db\shimstack.odb' is opened by 3252@DmitrievAS

[2021-12-25 12:53:08 #3 store] 
Configuration path: ?

[2021-12-25 12:53:08 #4 type] 
Type ormdatabase.model.Record is not enhanced.

[2021-12-25 12:53:08 #5 type] 
Type ormdatabase.model.ShimStackSet is not enhanced.

[2021-12-25 12:53:08 #6 type] 
Type ormdatabase.model.StackPair is not enhanced.

[2021-12-25 12:53:08 #7 type] 
Type ormdatabase.model.ReboundStack is not enhanced.

[2021-12-25 12:53:08 #8 type] 
Type ormdatabase.model.CompressionStack is not enhanced.

[2021-12-25 12:53:08 #9 type] 
Type ormdatabase.model.Shim is not enhanced.

------------------------------------------------------------------------------------------------------------------------

[2021-12-25 12:55:48 #1 store] 
Database 'D:\Java\Projects\ORMDatabase\src\main\resources\odb\db\shimstack.odb' has been recovered (tr. 12-12)

[2021-12-25 12:55:48 #2 store] 
Database 'D:\Java\Projects\ORMDatabase\src\main\resources\odb\db\shimstack.odb' is opened by 10752@DmitrievAS

[2021-12-25 12:55:48 #3 store] 
Configuration path: ?

[2021-12-25 12:55:48 #4 type] 
Type ormdatabase.model.Record is not enhanced.

[2021-12-25 12:55:48 #5 type] 
Type ormdatabase.model.ShimStackSet is not enhanced.

[2021-12-25 12:55:48 #6 type] 
Type ormdatabase.model.StackPair is not enhanced.

[2021-12-25 12:55:48 #7 type] 
Type ormdatabase.model.ReboundStack is not enhanced.

[2021-12-25 12:55:48 #8 type] 
Type ormdatabase.model.CompressionStack is not enhanced.

[2021-12-25 12:55:48 #9 type] 
Type ormdatabase.model.Shim is not enhanced.

------------------------------------------------------------------------------------------------------------------------

[2021-12-25 12:56:03 #1 store] 
Database 'D:\Java\Projects\ORMDatabase\src\main\resources\odb\db\shimstack.odb' has been recovered (tr. 13-13)

[2021-12-25 12:56:03 #2 store] 
Database 'D:\Java\Projects\ORMDatabase\src\main\resources\odb\db\shimstack.odb' is opened by 5308@DmitrievAS

[2021-12-25 12:56:03 #3 store] 
Configuration path: ?

[2021-12-25 12:56:03 #4 type] 
Type ormdatabase.model.Record is not enhanced.

[2021-12-25 12:56:03 #5 type] 
Type ormdatabase.model.ShimStackSet is not enhanced.

[2021-12-25 12:56:03 #6 type] 
Type ormdatabase.model.StackPair is not enhanced.

[2021-12-25 12:56:03 #7 type] 
Type ormdatabase.model.ReboundStack is not enhanced.

[2021-12-25 12:56:03 #8 type] 
Type ormdatabase.model.CompressionStack is not enhanced.

[2021-12-25 12:56:03 #9 type] 
Type ormdatabase.model.Shim is not enhanced.

------------------------------------------------------------------------------------------------------------------------

[2021-12-25 12:56:50 #1 store] 
Database 'D:\Java\Projects\ORMDatabase\src\main\resources\odb\db\shimstack.odb' is opened by 6152@DmitrievAS

[2021-12-25 12:56:50 #2 store] 
Configuration path: ?

[2021-12-25 12:56:50 #3 type.registry] 
New type ormdatabase.model.Record

[2021-12-25 12:56:50 #4 type] 
Type ormdatabase.model.Record is not enhanced.

[2021-12-25 12:56:50 #5 type.registry] 
New type ormdatabase.model.ShimStackSet

[2021-12-25 12:56:50 #6 type] 
Type ormdatabase.model.ShimStackSet is not enhanced.

[2021-12-25 12:56:50 #7 type.registry] 
New type ormdatabase.model.StackPair

[2021-12-25 12:56:50 #8 type] 
Type ormdatabase.model.StackPair is not enhanced.

[2021-12-25 12:56:50 #9 type.registry] 
New type ormdatabase.model.ReboundStack

[2021-12-25 12:56:50 #10 type.registry] 
New type ormdatabase.model.CompressionStack

[2021-12-25 12:56:50 #11 type] 
Type ormdatabase.model.ReboundStack is not enhanced.

[2021-12-25 12:56:50 #12 type.registry] 
New type ormdatabase.model.Shim

[2021-12-25 12:56:50 #13 type] 
Type ormdatabase.model.CompressionStack is not enhanced.

[2021-12-25 12:56:50 #14 type] 
Type ormdatabase.model.Shim is not enhanced.

[2021-12-25 12:56:50 #15 type.registry] 
New type java.util.ArrayList<java.lang.Object>

[2021-12-25 12:56:50 #16 type.registry] 
New type java.util.ArrayList<ormdatabase.model.ShimStackSet>

[2021-12-25 12:56:50 #17 type.registry] 
New type java.util.ArrayList<ormdatabase.model.StackPair>

[2021-12-25 12:56:50 #18 type.registry] 
New type java.util.ArrayList<ormdatabase.model.Shim>

------------------------------------------------------------------------------------------------------------------------

[2021-12-25 12:57:29 #1 store] 
Database 'D:\Java\Projects\ORMDatabase\src\main\resources\odb\db\shimstack.odb' has been recovered (tr. 1-8)

[2021-12-25 12:57:29 #2 store] 
Database 'D:\Java\Projects\ORMDatabase\src\main\resources\odb\db\shimstack.odb' is opened by 12728@DmitrievAS

[2021-12-25 12:57:29 #3 store] 
Configuration path: ?

[2021-12-25 12:57:29 #4 type] 
Type ormdatabase.model.Record is not enhanced.

[2021-12-25 12:57:29 #5 type] 
Type ormdatabase.model.ShimStackSet is not enhanced.

[2021-12-25 12:57:29 #6 type] 
Type ormdatabase.model.StackPair is not enhanced.

[2021-12-25 12:57:29 #7 type] 
Type ormdatabase.model.ReboundStack is not enhanced.

[2021-12-25 12:57:29 #8 type] 
Type ormdatabase.model.CompressionStack is not enhanced.

[2021-12-25 12:57:29 #9 type] 
Type ormdatabase.model.Shim is not enhanced.

------------------------------------------------------------------------------------------------------------------------

[2021-12-25 12:59:22 #1 store] 
Database 'D:\Java\Projects\ORMDatabase\src\main\resources\odb\db\shimstack.odb' has been recovered (tr. 9-9)

[2021-12-25 12:59:22 #2 store] 
Database 'D:\Java\Projects\ORMDatabase\src\main\resources\odb\db\shimstack.odb' is opened by 11956@DmitrievAS

[2021-12-25 12:59:22 #3 store] 
Configuration path: ?

[2021-12-25 12:59:22 #4 type] 
Type ormdatabase.model.Record is not enhanced.

[2021-12-25 12:59:22 #5 type] 
Type ormdatabase.model.ShimStackSet is not enhanced.

[2021-12-25 12:59:22 #6 type] 
Type ormdatabase.model.StackPair is not enhanced.

[2021-12-25 12:59:22 #7 type] 
Type ormdatabase.model.ReboundStack is not enhanced.

[2021-12-25 12:59:22 #8 type] 
Type ormdatabase.model.CompressionStack is not enhanced.

[2021-12-25 12:59:22 #9 type] 
Type ormdatabase.model.Shim is not enhanced.

------------------------------------------------------------------------------------------------------------------------

[2021-12-25 13:05:55 #1 store] 
Database 'D:\Java\Projects\ORMDatabase\src\main\resources\odb\db\shimstack.odb' has been recovered (tr. 10-10)

[2021-12-25 13:05:55 #2 store] 
Database 'D:\Java\Projects\ORMDatabase\src\main\resources\odb\db\shimstack.odb' is opened by 7068@DmitrievAS

[2021-12-25 13:05:55 #3 store] 
Configuration path: ?

[2021-12-25 13:05:55 #4 type] 
Type ormdatabase.model.Record is not enhanced.

[2021-12-25 13:05:55 #5 type] 
Type ormdatabase.model.ShimStackSet is not enhanced.

[2021-12-25 13:05:55 #6 type] 
Type ormdatabase.model.StackPair is not enhanced.

[2021-12-25 13:05:55 #7 type] 
Type ormdatabase.model.ReboundStack is not enhanced.

[2021-12-25 13:05:55 #8 type] 
Type ormdatabase.model.CompressionStack is not enhanced.

[2021-12-25 13:05:55 #9 type] 
Type ormdatabase.model.Shim is not enhanced.

------------------------------------------------------------------------------------------------------------------------

[2021-12-25 13:09:54 #1 store] 
Database 'D:\Java\Projects\ORMDatabase\src\main\resources\odb\db\shimstack.odb' has been recovered (tr. 11-11)

[2021-12-25 13:09:54 #2 store] 
Database 'D:\Java\Projects\ORMDatabase\src\main\resources\odb\db\shimstack.odb' is opened by 11260@DmitrievAS

[2021-12-25 13:09:54 #3 store] 
Configuration path: ?

[2021-12-25 13:09:54 #4 type] 
Type ormdatabase.model.Record is not enhanced.

[2021-12-25 13:09:54 #5 type] 
Type ormdatabase.model.ShimStackSet is not enhanced.

[2021-12-25 13:09:54 #6 type] 
Type ormdatabase.model.StackPair is not enhanced.

[2021-12-25 13:09:54 #7 type] 
Type ormdatabase.model.ReboundStack is not enhanced.

[2021-12-25 13:09:54 #8 type] 
Type ormdatabase.model.CompressionStack is not enhanced.

[2021-12-25 13:09:54 #9 type] 
Type ormdatabase.model.Shim is not enhanced.

------------------------------------------------------------------------------------------------------------------------

[2021-12-25 13:21:01 #1 store] 
Database 'D:\Java\Projects\ORMDatabase\src\main\resources\odb\db\shimstack.odb' has been recovered (tr. 12-12)

[2021-12-25 13:21:01 #2 store] 
Database 'D:\Java\Projects\ORMDatabase\src\main\resources\odb\db\shimstack.odb' is opened by 10168@DmitrievAS

[2021-12-25 13:21:01 #3 store] 
Configuration path: ?

[2021-12-25 13:21:01 #4 type] 
Type ormdatabase.model.Record is not enhanced.

[2021-12-25 13:21:01 #5 type] 
Type ormdatabase.model.ShimStackSet is not enhanced.

[2021-12-25 13:21:01 #6 type] 
Type ormdatabase.model.StackPair is not enhanced.

[2021-12-25 13:21:01 #7 type] 
Type ormdatabase.model.ReboundStack is not enhanced.

[2021-12-25 13:21:01 #8 type] 
Type ormdatabase.model.CompressionStack is not enhanced.

[2021-12-25 13:21:01 #9 type] 
Type ormdatabase.model.Shim is not enhanced.

------------------------------------------------------------------------------------------------------------------------

[2021-12-25 13:23:01 #1 store] 
Database 'D:\Java\Projects\ORMDatabase\src\main\resources\odb\db\shimstack.odb' has been recovered (tr. 13-13)

[2021-12-25 13:23:01 #2 store] 
Database 'D:\Java\Projects\ORMDatabase\src\main\resources\odb\db\shimstack.odb' is opened by 1376@DmitrievAS

[2021-12-25 13:23:01 #3 store] 
Configuration path: ?

[2021-12-25 13:23:01 #4 type] 
Type ormdatabase.model.Record is not enhanced.

[2021-12-25 13:23:01 #5 type] 
Type ormdatabase.model.ShimStackSet is not enhanced.

[2021-12-25 13:23:01 #6 type] 
Type ormdatabase.model.StackPair is not enhanced.

[2021-12-25 13:23:01 #7 type] 
Type ormdatabase.model.ReboundStack is not enhanced.

[2021-12-25 13:23:01 #8 type] 
Type ormdatabase.model.CompressionStack is not enhanced.

[2021-12-25 13:23:01 #9 type] 
Type ormdatabase.model.Shim is not enhanced.

------------------------------------------------------------------------------------------------------------------------

[2021-12-25 13:23:31 #1 store] 
Database 'D:\Java\Projects\ORMDatabase\src\main\resources\odb\db\shimstack.odb' has been recovered (tr. 14-14)

[2021-12-25 13:23:31 #2 store] 
Database 'D:\Java\Projects\ORMDatabase\src\main\resources\odb\db\shimstack.odb' is opened by 11680@DmitrievAS

[2021-12-25 13:23:31 #3 store] 
Configuration path: ?

[2021-12-25 13:23:31 #4 type] 
Type ormdatabase.model.Record is not enhanced.

[2021-12-25 13:23:31 #5 type] 
Type ormdatabase.model.ShimStackSet is not enhanced.

[2021-12-25 13:23:31 #6 type] 
Type ormdatabase.model.StackPair is not enhanced.

[2021-12-25 13:23:31 #7 type] 
Type ormdatabase.model.ReboundStack is not enhanced.

[2021-12-25 13:23:31 #8 type] 
Type ormdatabase.model.CompressionStack is not enhanced.

[2021-12-25 13:23:31 #9 type] 
Type ormdatabase.model.Shim is not enhanced.

------------------------------------------------------------------------------------------------------------------------

[2021-12-25 13:30:35 #1 store] 
Database 'D:\Java\Projects\ORMDatabase\src\main\resources\odb\db\shimstack.odb' has been recovered (tr. 15-15)

[2021-12-25 13:30:35 #2 store] 
Database 'D:\Java\Projects\ORMDatabase\src\main\resources\odb\db\shimstack.odb' is opened by 1988@DmitrievAS

[2021-12-25 13:30:35 #3 store] 
Configuration path: ?

[2021-12-25 13:30:35 #4 type] 
Type ormdatabase.model.Record is not enhanced.

[2021-12-25 13:30:35 #5 type] 
Type ormdatabase.model.ShimStackSet is not enhanced.

[2021-12-25 13:30:35 #6 type] 
Type ormdatabase.model.StackPair is not enhanced.

[2021-12-25 13:30:35 #7 type] 
Type ormdatabase.model.ReboundStack is not enhanced.

[2021-12-25 13:30:35 #8 type] 
Type ormdatabase.model.CompressionStack is not enhanced.

[2021-12-25 13:30:35 #9 type] 
Type ormdatabase.model.Shim is not enhanced.

------------------------------------------------------------------------------------------------------------------------

[2021-12-25 13:31:46 #1 store] 
Database 'D:\Java\Projects\ORMDatabase\src\main\resources\odb\db\shimstack.odb' has been recovered (tr. 16-16)

[2021-12-25 13:31:46 #2 store] 
Database 'D:\Java\Projects\ORMDatabase\src\main\resources\odb\db\shimstack.odb' is opened by 7988@DmitrievAS

[2021-12-25 13:31:46 #3 store] 
Configuration path: ?

[2021-12-25 13:31:46 #4 type] 
Type ormdatabase.model.Record is not enhanced.

[2021-12-25 13:31:46 #5 type] 
Type ormdatabase.model.ShimStackSet is not enhanced.

[2021-12-25 13:31:46 #6 type] 
Type ormdatabase.model.StackPair is not enhanced.

[2021-12-25 13:31:46 #7 type] 
Type ormdatabase.model.ReboundStack is not enhanced.

[2021-12-25 13:31:46 #8 type] 
Type ormdatabase.model.CompressionStack is not enhanced.

[2021-12-25 13:31:46 #9 type] 
Type ormdatabase.model.Shim is not enhanced.

------------------------------------------------------------------------------------------------------------------------

[2021-12-25 13:32:49 #1 store] 
Database 'D:\Java\Projects\ORMDatabase\src\main\resources\odb\db\shimstack.odb' has been recovered (tr. 17-18)

[2021-12-25 13:32:49 #2 store] 
Database 'D:\Java\Projects\ORMDatabase\src\main\resources\odb\db\shimstack.odb' is opened by 11700@DmitrievAS

[2021-12-25 13:32:49 #3 store] 
Configuration path: ?

[2021-12-25 13:32:49 #4 type] 
Type ormdatabase.model.Record is not enhanced.

[2021-12-25 13:32:49 #5 type] 
Type ormdatabase.model.ShimStackSet is not enhanced.

[2021-12-25 13:32:49 #6 type] 
Type ormdatabase.model.StackPair is not enhanced.

[2021-12-25 13:32:49 #7 type] 
Type ormdatabase.model.ReboundStack is not enhanced.

[2021-12-25 13:32:49 #8 type] 
Type ormdatabase.model.CompressionStack is not enhanced.

[2021-12-25 13:32:49 #9 type] 
Type ormdatabase.model.Shim is not enhanced.

------------------------------------------------------------------------------------------------------------------------

[2021-12-25 14:15:48 #1 store] 
Database 'D:\Java\Projects\ORMDatabase\src\main\resources\odb\db\shimstack.odb' has been recovered (tr. 19-19)

[2021-12-25 14:15:48 #2 store] 
Database 'D:\Java\Projects\ORMDatabase\src\main\resources\odb\db\shimstack.odb' is opened by 6804@DmitrievAS

[2021-12-25 14:15:48 #3 store] 
Configuration path: ?

[2021-12-25 14:15:48 #4 type] 
Type ormdatabase.model.Record is not enhanced.

[2021-12-25 14:15:48 #5 type] 
Type ormdatabase.model.ShimStackSet is not enhanced.

[2021-12-25 14:15:48 #6 type] 
Type ormdatabase.model.StackPair is not enhanced.

[2021-12-25 14:15:48 #7 type] 
Type ormdatabase.model.ReboundStack is not enhanced.

[2021-12-25 14:15:48 #8 type] 
Type ormdatabase.model.CompressionStack is not enhanced.

[2021-12-25 14:15:48 #9 type] 
Type ormdatabase.model.Shim is not enhanced.

------------------------------------------------------------------------------------------------------------------------

[2021-12-25 14:16:11 #1 store] 
Database 'D:\Java\Projects\ORMDatabase\src\main\resources\odb\db\shimstack.odb' has been recovered (tr. 20-20)

[2021-12-25 14:16:11 #2 store] 
Database 'D:\Java\Projects\ORMDatabase\src\main\resources\odb\db\shimstack.odb' is opened by 13436@DmitrievAS

[2021-12-25 14:16:11 #3 store] 
Configuration path: ?

[2021-12-25 14:16:11 #4 type] 
Type ormdatabase.model.Record is not enhanced.

[2021-12-25 14:16:11 #5 type] 
Type ormdatabase.model.ShimStackSet is not enhanced.

[2021-12-25 14:16:11 #6 type] 
Type ormdatabase.model.StackPair is not enhanced.

[2021-12-25 14:16:11 #7 type] 
Type ormdatabase.model.ReboundStack is not enhanced.

[2021-12-25 14:16:11 #8 type] 
Type ormdatabase.model.CompressionStack is not enhanced.

[2021-12-25 14:16:11 #9 type] 
Type ormdatabase.model.Shim is not enhanced.

------------------------------------------------------------------------------------------------------------------------

[2021-12-25 14:16:35 #1 store] 
Database 'D:\Java\Projects\ORMDatabase\src\main\resources\odb\db\shimstack.odb' has been recovered (tr. 21-21)

[2021-12-25 14:16:36 #2 store] 
Database 'D:\Java\Projects\ORMDatabase\src\main\resources\odb\db\shimstack.odb' is opened by 12520@DmitrievAS

[2021-12-25 14:16:36 #3 store] 
Configuration path: ?

[2021-12-25 14:16:36 #4 type] 
Type ormdatabase.model.Record is not enhanced.

[2021-12-25 14:16:36 #5 type] 
Type ormdatabase.model.ShimStackSet is not enhanced.

[2021-12-25 14:16:36 #6 type] 
Type ormdatabase.model.StackPair is not enhanced.

[2021-12-25 14:16:36 #7 type] 
Type ormdatabase.model.ReboundStack is not enhanced.

[2021-12-25 14:16:36 #8 type] 
Type ormdatabase.model.CompressionStack is not enhanced.

[2021-12-25 14:16:36 #9 type] 
Type ormdatabase.model.Shim is not enhanced.

------------------------------------------------------------------------------------------------------------------------

[2021-12-25 14:17:11 #1 store] 
Database 'D:\Java\Projects\ORMDatabase\src\main\resources\odb\db\shimstack.odb' has been recovered (tr. 22-22)

[2021-12-25 14:17:11 #2 store] 
Database 'D:\Java\Projects\ORMDatabase\src\main\resources\odb\db\shimstack.odb' is opened by 8928@DmitrievAS

[2021-12-25 14:17:11 #3 store] 
Configuration path: ?

[2021-12-25 14:17:11 #4 type] 
Type ormdatabase.model.Record is not enhanced.

[2021-12-25 14:17:11 #5 type] 
Type ormdatabase.model.ShimStackSet is not enhanced.

[2021-12-25 14:17:11 #6 type] 
Type ormdatabase.model.StackPair is not enhanced.

[2021-12-25 14:17:11 #7 type] 
Type ormdatabase.model.ReboundStack is not enhanced.

[2021-12-25 14:17:11 #8 type] 
Type ormdatabase.model.CompressionStack is not enhanced.

[2021-12-25 14:17:11 #9 type] 
Type ormdatabase.model.Shim is not enhanced.

------------------------------------------------------------------------------------------------------------------------

[2021-12-25 14:18:03 #1 store] 
Database 'D:\Java\Projects\ORMDatabase\src\main\resources\odb\db\shimstack.odb' has been recovered (tr. 23-23)

[2021-12-25 14:18:03 #2 store] 
Database 'D:\Java\Projects\ORMDatabase\src\main\resources\odb\db\shimstack.odb' is opened by 8440@DmitrievAS

[2021-12-25 14:18:03 #3 store] 
Configuration path: ?

[2021-12-25 14:18:03 #4 type] 
Type ormdatabase.model.Record is not enhanced.

[2021-12-25 14:18:03 #5 type] 
Type ormdatabase.model.ShimStackSet is not enhanced.

[2021-12-25 14:18:03 #6 type] 
Type ormdatabase.model.StackPair is not enhanced.

[2021-12-25 14:18:03 #7 type] 
Type ormdatabase.model.ReboundStack is not enhanced.

[2021-12-25 14:18:03 #8 type] 
Type ormdatabase.model.CompressionStack is not enhanced.

[2021-12-25 14:18:03 #9 type] 
Type ormdatabase.model.Shim is not enhanced.

------------------------------------------------------------------------------------------------------------------------

[2021-12-25 14:19:55 #1 store] 
Database 'D:\Java\Projects\ORMDatabase\src\main\resources\odb\db\shimstack.odb' has been recovered (tr. 24-24)

[2021-12-25 14:19:55 #2 store] 
Database 'D:\Java\Projects\ORMDatabase\src\main\resources\odb\db\shimstack.odb' is opened by 8188@DmitrievAS

[2021-12-25 14:19:55 #3 store] 
Configuration path: ?

[2021-12-25 14:19:55 #4 type] 
Type ormdatabase.model.Record is not enhanced.

[2021-12-25 14:19:55 #5 type] 
Type ormdatabase.model.ShimStackSet is not enhanced.

[2021-12-25 14:19:55 #6 type] 
Type ormdatabase.model.StackPair is not enhanced.

[2021-12-25 14:19:55 #7 type] 
Type ormdatabase.model.ReboundStack is not enhanced.

[2021-12-25 14:19:55 #8 type] 
Type ormdatabase.model.CompressionStack is not enhanced.

[2021-12-25 14:19:55 #9 type] 
Type ormdatabase.model.Shim is not enhanced.

------------------------------------------------------------------------------------------------------------------------

[2021-12-25 14:21:02 #1 store] 
Database 'D:\Java\Projects\ORMDatabase\src\main\resources\odb\db\shimstack.odb' has been recovered (tr. 25-25)

[2021-12-25 14:21:02 #2 store] 
Database 'D:\Java\Projects\ORMDatabase\src\main\resources\odb\db\shimstack.odb' is opened by 8792@DmitrievAS

[2021-12-25 14:21:02 #3 store] 
Configuration path: ?

[2021-12-25 14:21:02 #4 type] 
Type ormdatabase.model.Record is not enhanced.

[2021-12-25 14:21:02 #5 type] 
Type ormdatabase.model.ShimStackSet is not enhanced.

[2021-12-25 14:21:02 #6 type] 
Type ormdatabase.model.StackPair is not enhanced.

[2021-12-25 14:21:02 #7 type] 
Type ormdatabase.model.ReboundStack is not enhanced.

[2021-12-25 14:21:02 #8 type] 
Type ormdatabase.model.CompressionStack is not enhanced.

[2021-12-25 14:21:02 #9 type] 
Type ormdatabase.model.Shim is not enhanced.

------------------------------------------------------------------------------------------------------------------------

[2021-12-25 14:22:30 #1 store] 
Database 'D:\Java\Projects\ORMDatabase\src\main\resources\odb\db\shimstack.odb' has been recovered (tr. 26-26)

[2021-12-25 14:22:30 #2 store] 
Database 'D:\Java\Projects\ORMDatabase\src\main\resources\odb\db\shimstack.odb' is opened by 3568@DmitrievAS

[2021-12-25 14:22:30 #3 store] 
Configuration path: ?

[2021-12-25 14:22:30 #4 type] 
Type ormdatabase.model.Record is not enhanced.

[2021-12-25 14:22:30 #5 type] 
Type ormdatabase.model.ShimStackSet is not enhanced.

[2021-12-25 14:22:30 #6 type] 
Type ormdatabase.model.StackPair is not enhanced.

[2021-12-25 14:22:30 #7 type] 
Type ormdatabase.model.ReboundStack is not enhanced.

[2021-12-25 14:22:30 #8 type] 
Type ormdatabase.model.CompressionStack is not enhanced.

[2021-12-25 14:22:30 #9 type] 
Type ormdatabase.model.Shim is not enhanced.

------------------------------------------------------------------------------------------------------------------------

[2021-12-25 14:34:59 #1 store] 
Database 'D:\Java\Projects\ORMDatabase\src\main\resources\odb\db\shimstack.odb' has been recovered (tr. 27-27)

[2021-12-25 14:34:59 #2 store] 
Database 'D:\Java\Projects\ORMDatabase\src\main\resources\odb\db\shimstack.odb' is opened by 1372@DmitrievAS

[2021-12-25 14:34:59 #3 store] 
Configuration path: ?

[2021-12-25 14:34:59 #4 type] 
Type ormdatabase.model.Record is not enhanced.

[2021-12-25 14:34:59 #5 type] 
Type ormdatabase.model.ShimStackSet is not enhanced.

[2021-12-25 14:34:59 #6 type] 
Type ormdatabase.model.StackPair is not enhanced.

[2021-12-25 14:34:59 #7 type] 
Type ormdatabase.model.ReboundStack is not enhanced.

[2021-12-25 14:34:59 #8 type] 
Type ormdatabase.model.CompressionStack is not enhanced.

[2021-12-25 14:34:59 #9 type] 
Type ormdatabase.model.Shim is not enhanced.

------------------------------------------------------------------------------------------------------------------------

[2021-12-25 14:38:22 #1 store] 
Database 'D:\Java\Projects\ORMDatabase\src\main\resources\odb\db\shimstack.odb' has been recovered (tr. 28-28)

[2021-12-25 14:38:22 #2 store] 
Database 'D:\Java\Projects\ORMDatabase\src\main\resources\odb\db\shimstack.odb' is opened by 2332@DmitrievAS

[2021-12-25 14:38:22 #3 store] 
Configuration path: ?

[2021-12-25 14:38:22 #4 type] 
Type ormdatabase.model.Record is not enhanced.

[2021-12-25 14:38:22 #5 type] 
Type ormdatabase.model.ShimStackSet is not enhanced.

[2021-12-25 14:38:22 #6 type] 
Type ormdatabase.model.StackPair is not enhanced.

[2021-12-25 14:38:22 #7 type] 
Type ormdatabase.model.ReboundStack is not enhanced.

[2021-12-25 14:38:22 #8 type] 
Type ormdatabase.model.CompressionStack is not enhanced.

[2021-12-25 14:38:22 #9 type] 
Type ormdatabase.model.Shim is not enhanced.

------------------------------------------------------------------------------------------------------------------------

[2021-12-25 14:39:43 #1 store] 
Database 'D:\Java\Projects\ORMDatabase\src\main\resources\odb\db\shimstack.odb' has been recovered (tr. 29-29)

[2021-12-25 14:39:43 #2 store] 
Database 'D:\Java\Projects\ORMDatabase\src\main\resources\odb\db\shimstack.odb' is opened by 6920@DmitrievAS

[2021-12-25 14:39:43 #3 store] 
Configuration path: ?

[2021-12-25 14:39:43 #4 type] 
Type ormdatabase.model.Record is not enhanced.

[2021-12-25 14:39:43 #5 type] 
Type ormdatabase.model.ShimStackSet is not enhanced.

[2021-12-25 14:39:43 #6 type] 
Type ormdatabase.model.StackPair is not enhanced.

[2021-12-25 14:39:43 #7 type] 
Type ormdatabase.model.ReboundStack is not enhanced.

[2021-12-25 14:39:43 #8 type] 
Type ormdatabase.model.CompressionStack is not enhanced.

[2021-12-25 14:39:43 #9 type] 
Type ormdatabase.model.Shim is not enhanced.

------------------------------------------------------------------------------------------------------------------------

[2021-12-25 14:40:30 #1 store] 
Database 'D:\Java\Projects\ORMDatabase\src\main\resources\odb\db\shimstack.odb' has been recovered (tr. 30-30)

[2021-12-25 14:40:30 #2 store] 
Database 'D:\Java\Projects\ORMDatabase\src\main\resources\odb\db\shimstack.odb' is opened by 9460@DmitrievAS

[2021-12-25 14:40:30 #3 store] 
Configuration path: ?

[2021-12-25 14:40:30 #4 type] 
Type ormdatabase.model.Record is not enhanced.

[2021-12-25 14:40:30 #5 type] 
Type ormdatabase.model.ShimStackSet is not enhanced.

[2021-12-25 14:40:30 #6 type] 
Type ormdatabase.model.StackPair is not enhanced.

[2021-12-25 14:40:30 #7 type] 
Type ormdatabase.model.ReboundStack is not enhanced.

[2021-12-25 14:40:30 #8 type] 
Type ormdatabase.model.CompressionStack is not enhanced.

[2021-12-25 14:40:30 #9 type] 
Type ormdatabase.model.Shim is not enhanced.

